time="2022-03-19T16:38:31Z" level=info msg="Go Version: go1.15.11"
time="2022-03-19T16:38:31Z" level=info msg="Go OS/Arch: linux/amd64"
time="2022-03-19T16:38:31Z" level=info msg="operator-sdk Version: v0.18.0"
time="2022-03-19T16:38:31Z" level=info msg="casskop Version: 1.1.3"
time="2022-03-19T16:38:31Z" level=info msg="casskop Compilation Date: "
time="2022-03-19T16:38:31Z" level=info msg="casskop LogLevel: info"
time="2022-03-19T16:38:31Z" level=info msg="casskop ResyncPeriod: 10"
2022/03/19 16:38:31 config from env:
map[crdList:[cassandracluster cassandrarestore cassandrabackup] rateLimiterEnabled:false rateLimiterInterval:3]
time="2022-03-19T16:38:31Z" level=info msg="Writing ready file."
time="2022-03-19T16:38:32Z" level=info msg="Registering Components."
time="2022-03-19T16:38:32Z" level=info msg="Starting the Cmd."
time="2022-03-19T16:38:33Z" level=info msg="Will delete PVCs when nodes are removed" cluster=cassandra-cluster
time="2022-03-19T16:38:33Z" level=info msg="Initialization: Update CassandraCluster" cluster=cassandra-cluster
time="2022-03-19T16:38:33Z" level=info msg="failed to get cassandra's statefulset (cassandra-cluster-dc1-rack1) StatefulSet.apps \"cassandra-cluster-dc1-rack1\" not found" cluster=cassandra-cluster dc-rack=dc1-rack1
time="2022-03-19T16:38:33Z" level=error msg="CheckPodsState Error: there is no pod" cluster=cassandra-cluster
time="2022-03-19T16:38:33Z" level=info msg="Initializing StatefulSet: Replicas count is not okay" ReadyReplicas=0 RequestedReplicas=1 cluster=cassandra-cluster rack=dc1-rack1
time="2022-03-19T16:38:33Z" level=info msg="Waiting Rack to be running before continuing, we break ReconcileRack after updated statefulset" cluster=cassandra-cluster dc-rack=dc1-rack1
time="2022-03-19T16:38:33Z" level=error msg="CheckPodsState Error: there is no pod" cluster=cassandra-cluster
time="2022-03-19T16:38:33Z" level=info msg="Initializing StatefulSet: Replicas count is not okay" ReadyReplicas=0 RequestedReplicas=1 cluster=cassandra-cluster rack=dc1-rack1
time="2022-03-19T16:38:33Z" level=info msg="Waiting Rack to be running before continuing, we break ReconcileRack after updated statefulset" cluster=cassandra-cluster dc-rack=dc1-rack1
time="2022-03-19T16:38:38Z" level=error msg="CheckPodsState Error: there is no pod" cluster=cassandra-cluster
time="2022-03-19T16:38:38Z" level=info msg="Initializing StatefulSet: Replicas count is not okay" ReadyReplicas=0 RequestedReplicas=1 cluster=cassandra-cluster rack=dc1-rack1
time="2022-03-19T16:38:38Z" level=info msg="Waiting Rack to be running before continuing, we break ReconcileRack after updated statefulset" cluster=cassandra-cluster dc-rack=dc1-rack1
time="2022-03-19T16:38:43Z" level=error msg="CheckPodsState Error: there is no pod" cluster=cassandra-cluster
time="2022-03-19T16:38:43Z" level=info msg="Initializing StatefulSet: Replicas count is not okay" ReadyReplicas=0 RequestedReplicas=1 cluster=cassandra-cluster rack=dc1-rack1
time="2022-03-19T16:38:43Z" level=info msg="Waiting Rack to be running before continuing, we break ReconcileRack after updated statefulset" cluster=cassandra-cluster dc-rack=dc1-rack1
time="2022-03-19T16:38:48Z" level=error msg="CheckPodsState Error: there is no pod" cluster=cassandra-cluster
time="2022-03-19T16:38:48Z" level=info msg="Initializing StatefulSet: Replicas count is not okay" ReadyReplicas=0 RequestedReplicas=1 cluster=cassandra-cluster rack=dc1-rack1
time="2022-03-19T16:38:48Z" level=info msg="Waiting Rack to be running before continuing, we break ReconcileRack after updated statefulset" cluster=cassandra-cluster dc-rack=dc1-rack1
time="2022-03-19T16:38:53Z" level=error msg="CheckPodsState Error: there is no pod" cluster=cassandra-cluster
time="2022-03-19T16:38:53Z" level=info msg="Initializing StatefulSet: Replicas count is not okay" ReadyReplicas=0 RequestedReplicas=1 cluster=cassandra-cluster rack=dc1-rack1
time="2022-03-19T16:38:53Z" level=info msg="Waiting Rack to be running before continuing, we break ReconcileRack after updated statefulset" cluster=cassandra-cluster dc-rack=dc1-rack1
time="2022-03-19T16:38:58Z" level=error msg="CheckPodsState Error: there is no pod" cluster=cassandra-cluster
time="2022-03-19T16:38:58Z" level=info msg="Initializing StatefulSet: Replicas count is not okay" ReadyReplicas=0 RequestedReplicas=1 cluster=cassandra-cluster rack=dc1-rack1
time="2022-03-19T16:38:59Z" level=info msg="Waiting Rack to be running before continuing, we break ReconcileRack after updated statefulset" cluster=cassandra-cluster dc-rack=dc1-rack1
time="2022-03-19T16:39:04Z" level=error msg="CheckPodsState Error: there is no pod" cluster=cassandra-cluster
time="2022-03-19T16:39:04Z" level=info msg="Initializing StatefulSet: Replicas count is not okay" ReadyReplicas=0 RequestedReplicas=1 cluster=cassandra-cluster rack=dc1-rack1
time="2022-03-19T16:39:04Z" level=info msg="Waiting Rack to be running before continuing, we break ReconcileRack after updated statefulset" cluster=cassandra-cluster dc-rack=dc1-rack1
time="2022-03-19T16:39:09Z" level=error msg="CheckPodsState Error: there is no pod" cluster=cassandra-cluster
time="2022-03-19T16:39:09Z" level=info msg="Initializing StatefulSet: Replicas count is not okay" ReadyReplicas=0 RequestedReplicas=1 cluster=cassandra-cluster rack=dc1-rack1
time="2022-03-19T16:39:09Z" level=info msg="Waiting Rack to be running before continuing, we break ReconcileRack after updated statefulset" cluster=cassandra-cluster dc-rack=dc1-rack1
time="2022-03-19T16:39:14Z" level=error msg="CheckPodsState Error: there is no pod" cluster=cassandra-cluster
time="2022-03-19T16:39:14Z" level=info msg="Initializing StatefulSet: Replicas count is not okay" ReadyReplicas=0 RequestedReplicas=1 cluster=cassandra-cluster rack=dc1-rack1
time="2022-03-19T16:39:14Z" level=info msg="Waiting Rack to be running before continuing, we break ReconcileRack after updated statefulset" cluster=cassandra-cluster dc-rack=dc1-rack1
time="2022-03-19T16:39:19Z" level=error msg="CheckPodsState Error: there is no pod" cluster=cassandra-cluster
time="2022-03-19T16:39:19Z" level=info msg="Initializing StatefulSet: Replicas count is not okay" ReadyReplicas=0 RequestedReplicas=1 cluster=cassandra-cluster rack=dc1-rack1
time="2022-03-19T16:39:19Z" level=info msg="Waiting Rack to be running before continuing, we break ReconcileRack after updated statefulset" cluster=cassandra-cluster dc-rack=dc1-rack1
time="2022-03-19T16:39:24Z" level=error msg="CheckPodsState Error: there is no pod" cluster=cassandra-cluster
time="2022-03-19T16:39:24Z" level=info msg="Initializing StatefulSet: Replicas count is not okay" ReadyReplicas=0 RequestedReplicas=1 cluster=cassandra-cluster rack=dc1-rack1
time="2022-03-19T16:39:24Z" level=info msg="Waiting Rack to be running before continuing, we break ReconcileRack after updated statefulset" cluster=cassandra-cluster dc-rack=dc1-rack1
time="2022-03-19T16:39:29Z" level=error msg="CheckPodsState Error: there is no pod" cluster=cassandra-cluster
time="2022-03-19T16:39:29Z" level=info msg="Initializing StatefulSet: Replicas count is not okay" ReadyReplicas=0 RequestedReplicas=1 cluster=cassandra-cluster rack=dc1-rack1
time="2022-03-19T16:39:29Z" level=info msg="Waiting Rack to be running before continuing, we break ReconcileRack after updated statefulset" cluster=cassandra-cluster dc-rack=dc1-rack1
time="2022-03-19T16:39:34Z" level=error msg="CheckPodsState Error: there is no pod" cluster=cassandra-cluster
time="2022-03-19T16:39:34Z" level=info msg="Initializing StatefulSet: Replicas count is not okay" ReadyReplicas=0 RequestedReplicas=1 cluster=cassandra-cluster rack=dc1-rack1
time="2022-03-19T16:39:34Z" level=info msg="Waiting Rack to be running before continuing, we break ReconcileRack after updated statefulset" cluster=cassandra-cluster dc-rack=dc1-rack1
time="2022-03-19T16:39:39Z" level=error msg="CheckPodsState Error: there is no pod" cluster=cassandra-cluster
time="2022-03-19T16:39:39Z" level=info msg="Initializing StatefulSet: Replicas count is not okay" ReadyReplicas=0 RequestedReplicas=1 cluster=cassandra-cluster rack=dc1-rack1
time="2022-03-19T16:39:39Z" level=info msg="Waiting Rack to be running before continuing, we break ReconcileRack after updated statefulset" cluster=cassandra-cluster dc-rack=dc1-rack1
time="2022-03-19T16:39:44Z" level=error msg="CheckPodsState Error: there is no pod" cluster=cassandra-cluster
time="2022-03-19T16:39:44Z" level=info msg="Initializing StatefulSet: Replicas count is not okay" ReadyReplicas=0 RequestedReplicas=1 cluster=cassandra-cluster rack=dc1-rack1
time="2022-03-19T16:39:44Z" level=info msg="Waiting Rack to be running before continuing, we break ReconcileRack after updated statefulset" cluster=cassandra-cluster dc-rack=dc1-rack1
time="2022-03-19T16:39:49Z" level=error msg="CheckPodsState Error: there is no pod" cluster=cassandra-cluster
time="2022-03-19T16:39:49Z" level=info msg="Initializing StatefulSet: Replicas count is not okay" ReadyReplicas=0 RequestedReplicas=1 cluster=cassandra-cluster rack=dc1-rack1
time="2022-03-19T16:39:49Z" level=info msg="Waiting Rack to be running before continuing, we break ReconcileRack after updated statefulset" cluster=cassandra-cluster dc-rack=dc1-rack1
time="2022-03-19T16:39:54Z" level=info msg="We will request : cassandra-cluster-dc1-rack1-0.cassandra-cluster to catch hostIdMap" cluster=cassandra-cluster err="<nil>"
time="2022-03-19T16:39:54Z" level=info msg="StatefulSet: Replicas count is okay" ReadyReplicas=1 RequestedReplicas=1 cluster=cassandra-cluster rack=dc1-rack1
time="2022-03-19T16:39:54Z" level=info msg="Action Initializing is done!" cluster=cassandra-cluster
time="2022-03-19T16:39:54Z" level=info msg="We will request : cassandra-cluster-dc1-rack1-0.cassandra-cluster to catch hostIdMap" cluster=cassandra-cluster err="<nil>"
time="2022-03-19T16:39:54Z" level=info msg="We will request : cassandra-cluster-dc1-rack1-0.cassandra-cluster to catch hostIdMap" cluster=cassandra-cluster err="<nil>"
time="2022-03-19T16:39:59Z" level=info msg="We will request : cassandra-cluster-dc1-rack1-0.cassandra-cluster to catch hostIdMap" cluster=cassandra-cluster err="<nil>"
time="2022-03-19T16:40:04Z" level=info msg="We will request : cassandra-cluster-dc1-rack1-0.cassandra-cluster to catch hostIdMap" cluster=cassandra-cluster err="<nil>"
time="2022-03-19T16:40:04Z" level=info msg="[cassandra-cluster]: Delete PVC[data-cassandra-cluster-dc1-rack1-0] OK"
time="2022-03-19T16:40:04Z" level=error msg="Issue when updating CassandraCluster" cluster=cassandra-cluster err="Operation cannot be fulfilled on cassandraclusters.db.orange.com \"cassandra-cluster\": StorageError: invalid object, Code: 4, Key: /registry/db.orange.com/cassandraclusters/default/cassandra-cluster, ResourceVersion: 0, AdditionalErrorMsg: Precondition failed: UID in precondition: 47f7aeb6-79d2-48ad-8817-e4c44dbddff9, UID in object meta: "
time="2022-03-19T16:40:14Z" level=info msg="Will delete PVCs when nodes are removed" cluster=cassandra-cluster
time="2022-03-19T16:40:14Z" level=info msg="Initialization: Update CassandraCluster" cluster=cassandra-cluster
time="2022-03-19T16:40:14Z" level=info msg="failed to get cassandra's statefulset (cassandra-cluster-dc1-rack1) StatefulSet.apps \"cassandra-cluster-dc1-rack1\" not found" cluster=cassandra-cluster dc-rack=dc1-rack1
time="2022-03-19T16:40:14Z" level=info msg="Initializing StatefulSet: Replicas count is not okay" ReadyReplicas=0 RequestedReplicas=1 cluster=cassandra-cluster rack=dc1-rack1
time="2022-03-19T16:40:14Z" level=info msg="Waiting Rack to be running before continuing, we break ReconcileRack after updated statefulset" cluster=cassandra-cluster dc-rack=dc1-rack1
time="2022-03-19T16:40:14Z" level=error msg="Issue when updating CassandraCluster" cluster=cassandra-cluster err="Operation cannot be fulfilled on cassandraclusters.db.orange.com \"cassandra-cluster\": the object has been modified; please apply your changes to the latest version and try again"
time="2022-03-19T16:40:14Z" level=error msg="CheckPodsState Error: there is no pod" cluster=cassandra-cluster
time="2022-03-19T16:40:14Z" level=info msg="Initializing StatefulSet: Replicas count is not okay" ReadyReplicas=0 RequestedReplicas=1 cluster=cassandra-cluster rack=dc1-rack1
time="2022-03-19T16:40:14Z" level=info msg="Waiting Rack to be running before continuing, we break ReconcileRack after updated statefulset" cluster=cassandra-cluster dc-rack=dc1-rack1
time="2022-03-19T16:40:15Z" level=error msg="CheckPodsState Error: there is no pod" cluster=cassandra-cluster
time="2022-03-19T16:40:15Z" level=info msg="Initializing StatefulSet: Replicas count is not okay" ReadyReplicas=0 RequestedReplicas=1 cluster=cassandra-cluster rack=dc1-rack1
time="2022-03-19T16:40:15Z" level=info msg="Waiting Rack to be running before continuing, we break ReconcileRack after updated statefulset" cluster=cassandra-cluster dc-rack=dc1-rack1
time="2022-03-19T16:40:19Z" level=error msg="CheckPodsState Error: there is no pod" cluster=cassandra-cluster
time="2022-03-19T16:40:19Z" level=info msg="Initializing StatefulSet: Replicas count is not okay" ReadyReplicas=0 RequestedReplicas=1 cluster=cassandra-cluster rack=dc1-rack1
time="2022-03-19T16:40:19Z" level=info msg="Waiting Rack to be running before continuing, we break ReconcileRack after updated statefulset" cluster=cassandra-cluster dc-rack=dc1-rack1
time="2022-03-19T16:40:24Z" level=error msg="CheckPodsState Error: there is no pod" cluster=cassandra-cluster
time="2022-03-19T16:40:24Z" level=info msg="Initializing StatefulSet: Replicas count is not okay" ReadyReplicas=0 RequestedReplicas=1 cluster=cassandra-cluster rack=dc1-rack1
time="2022-03-19T16:40:24Z" level=info msg="Waiting Rack to be running before continuing, we break ReconcileRack after updated statefulset" cluster=cassandra-cluster dc-rack=dc1-rack1
time="2022-03-19T16:40:29Z" level=error msg="CheckPodsState Error: there is no pod" cluster=cassandra-cluster
time="2022-03-19T16:40:29Z" level=info msg="Initializing StatefulSet: Replicas count is not okay" ReadyReplicas=0 RequestedReplicas=1 cluster=cassandra-cluster rack=dc1-rack1
time="2022-03-19T16:40:29Z" level=info msg="Waiting Rack to be running before continuing, we break ReconcileRack after updated statefulset" cluster=cassandra-cluster dc-rack=dc1-rack1
time="2022-03-19T16:40:35Z" level=error msg="CheckPodsState Error: there is no pod" cluster=cassandra-cluster
time="2022-03-19T16:40:35Z" level=info msg="Initializing StatefulSet: Replicas count is not okay" ReadyReplicas=0 RequestedReplicas=1 cluster=cassandra-cluster rack=dc1-rack1
time="2022-03-19T16:40:35Z" level=info msg="Waiting Rack to be running before continuing, we break ReconcileRack after updated statefulset" cluster=cassandra-cluster dc-rack=dc1-rack1
time="2022-03-19T16:40:40Z" level=error msg="CheckPodsState Error: there is no pod" cluster=cassandra-cluster
time="2022-03-19T16:40:40Z" level=info msg="Initializing StatefulSet: Replicas count is not okay" ReadyReplicas=0 RequestedReplicas=1 cluster=cassandra-cluster rack=dc1-rack1
time="2022-03-19T16:40:40Z" level=info msg="Waiting Rack to be running before continuing, we break ReconcileRack after updated statefulset" cluster=cassandra-cluster dc-rack=dc1-rack1
time="2022-03-19T16:40:45Z" level=error msg="CheckPodsState Error: there is no pod" cluster=cassandra-cluster
time="2022-03-19T16:40:45Z" level=info msg="Initializing StatefulSet: Replicas count is not okay" ReadyReplicas=0 RequestedReplicas=1 cluster=cassandra-cluster rack=dc1-rack1
time="2022-03-19T16:40:45Z" level=info msg="Waiting Rack to be running before continuing, we break ReconcileRack after updated statefulset" cluster=cassandra-cluster dc-rack=dc1-rack1
time="2022-03-19T16:40:50Z" level=error msg="CheckPodsState Error: there is no pod" cluster=cassandra-cluster
time="2022-03-19T16:40:50Z" level=info msg="Initializing StatefulSet: Replicas count is not okay" ReadyReplicas=0 RequestedReplicas=1 cluster=cassandra-cluster rack=dc1-rack1
time="2022-03-19T16:40:50Z" level=info msg="Waiting Rack to be running before continuing, we break ReconcileRack after updated statefulset" cluster=cassandra-cluster dc-rack=dc1-rack1
time="2022-03-19T16:40:55Z" level=error msg="CheckPodsState Error: there is no pod" cluster=cassandra-cluster
time="2022-03-19T16:40:55Z" level=info msg="Initializing StatefulSet: Replicas count is not okay" ReadyReplicas=0 RequestedReplicas=1 cluster=cassandra-cluster rack=dc1-rack1
time="2022-03-19T16:40:55Z" level=info msg="Waiting Rack to be running before continuing, we break ReconcileRack after updated statefulset" cluster=cassandra-cluster dc-rack=dc1-rack1
time="2022-03-19T16:41:00Z" level=error msg="CheckPodsState Error: there is no pod" cluster=cassandra-cluster
time="2022-03-19T16:41:00Z" level=info msg="Initializing StatefulSet: Replicas count is not okay" ReadyReplicas=0 RequestedReplicas=1 cluster=cassandra-cluster rack=dc1-rack1
time="2022-03-19T16:41:00Z" level=info msg="Waiting Rack to be running before continuing, we break ReconcileRack after updated statefulset" cluster=cassandra-cluster dc-rack=dc1-rack1
time="2022-03-19T16:41:05Z" level=error msg="CheckPodsState Error: there is no pod" cluster=cassandra-cluster
time="2022-03-19T16:41:05Z" level=info msg="Initializing StatefulSet: Replicas count is not okay" ReadyReplicas=0 RequestedReplicas=1 cluster=cassandra-cluster rack=dc1-rack1
time="2022-03-19T16:41:05Z" level=info msg="Waiting Rack to be running before continuing, we break ReconcileRack after updated statefulset" cluster=cassandra-cluster dc-rack=dc1-rack1
time="2022-03-19T16:41:10Z" level=error msg="CheckPodsState Error: there is no pod" cluster=cassandra-cluster
time="2022-03-19T16:41:10Z" level=info msg="Initializing StatefulSet: Replicas count is not okay" ReadyReplicas=0 RequestedReplicas=1 cluster=cassandra-cluster rack=dc1-rack1
time="2022-03-19T16:41:10Z" level=info msg="Waiting Rack to be running before continuing, we break ReconcileRack after updated statefulset" cluster=cassandra-cluster dc-rack=dc1-rack1
time="2022-03-19T16:41:15Z" level=error msg="CheckPodsState Error: there is no pod" cluster=cassandra-cluster
time="2022-03-19T16:41:15Z" level=info msg="Initializing StatefulSet: Replicas count is not okay" ReadyReplicas=0 RequestedReplicas=1 cluster=cassandra-cluster rack=dc1-rack1
time="2022-03-19T16:41:15Z" level=info msg="Waiting Rack to be running before continuing, we break ReconcileRack after updated statefulset" cluster=cassandra-cluster dc-rack=dc1-rack1
time="2022-03-19T16:41:20Z" level=error msg="CheckPodsState Error: there is no pod" cluster=cassandra-cluster
time="2022-03-19T16:41:20Z" level=info msg="Initializing StatefulSet: Replicas count is not okay" ReadyReplicas=0 RequestedReplicas=1 cluster=cassandra-cluster rack=dc1-rack1
time="2022-03-19T16:41:20Z" level=info msg="Waiting Rack to be running before continuing, we break ReconcileRack after updated statefulset" cluster=cassandra-cluster dc-rack=dc1-rack1
time="2022-03-19T16:41:25Z" level=error msg="CheckPodsState Error: there is no pod" cluster=cassandra-cluster
time="2022-03-19T16:41:25Z" level=info msg="Initializing StatefulSet: Replicas count is not okay" ReadyReplicas=0 RequestedReplicas=1 cluster=cassandra-cluster rack=dc1-rack1
time="2022-03-19T16:41:25Z" level=info msg="Waiting Rack to be running before continuing, we break ReconcileRack after updated statefulset" cluster=cassandra-cluster dc-rack=dc1-rack1
time="2022-03-19T16:41:30Z" level=info msg="We will request : cassandra-cluster-dc1-rack1-0.cassandra-cluster to catch hostIdMap" cluster=cassandra-cluster err="<nil>"
time="2022-03-19T16:41:30Z" level=info msg="StatefulSet: Replicas count is okay" ReadyReplicas=1 RequestedReplicas=1 cluster=cassandra-cluster rack=dc1-rack1
time="2022-03-19T16:41:30Z" level=info msg="Action Initializing is done!" cluster=cassandra-cluster
time="2022-03-19T16:41:30Z" level=info msg="We will request : cassandra-cluster-dc1-rack1-0.cassandra-cluster to catch hostIdMap" cluster=cassandra-cluster err="<nil>"
time="2022-03-19T16:41:30Z" level=info msg="We will request : cassandra-cluster-dc1-rack1-0.cassandra-cluster to catch hostIdMap" cluster=cassandra-cluster err="<nil>"
time="2022-03-19T16:41:35Z" level=info msg="We will request : cassandra-cluster-dc1-rack1-0.cassandra-cluster to catch hostIdMap" cluster=cassandra-cluster err="<nil>"
time="2022-03-19T16:41:40Z" level=info msg="We will request : cassandra-cluster-dc1-rack1-0.cassandra-cluster to catch hostIdMap" cluster=cassandra-cluster err="<nil>"
time="2022-03-19T16:41:45Z" level=info msg="We will request : cassandra-cluster-dc1-rack1-0.cassandra-cluster to catch hostIdMap" cluster=cassandra-cluster err="<nil>"
time="2022-03-19T16:41:50Z" level=info msg="We will request : cassandra-cluster-dc1-rack1-0.cassandra-cluster to catch hostIdMap" cluster=cassandra-cluster err="<nil>"
time="2022-03-19T16:41:55Z" level=info msg="We will request : cassandra-cluster-dc1-rack1-0.cassandra-cluster to catch hostIdMap" cluster=cassandra-cluster err="<nil>"
time="2022-03-19T16:42:00Z" level=info msg="We will request : cassandra-cluster-dc1-rack1-0.cassandra-cluster to catch hostIdMap" cluster=cassandra-cluster err="<nil>"
time="2022-03-19T16:42:05Z" level=info msg="We will request : cassandra-cluster-dc1-rack1-0.cassandra-cluster to catch hostIdMap" cluster=cassandra-cluster err="<nil>"
time="2022-03-19T16:42:10Z" level=info msg="We will request : cassandra-cluster-dc1-rack1-0.cassandra-cluster to catch hostIdMap" cluster=cassandra-cluster err="<nil>"
time="2022-03-19T16:42:15Z" level=info msg="We will request : cassandra-cluster-dc1-rack1-0.cassandra-cluster to catch hostIdMap" cluster=cassandra-cluster err="<nil>"
time="2022-03-19T16:42:20Z" level=info msg="We will request : cassandra-cluster-dc1-rack1-0.cassandra-cluster to catch hostIdMap" cluster=cassandra-cluster err="<nil>"
time="2022-03-19T16:42:25Z" level=info msg="We will request : cassandra-cluster-dc1-rack1-0.cassandra-cluster to catch hostIdMap" cluster=cassandra-cluster err="<nil>"
