{"level":"info","ts":1647819347.539465,"logger":"cmd","msg":"Operator Version: 0.0.1"}
{"level":"info","ts":1647819347.5395072,"logger":"cmd","msg":"Go Version: go1.13.9"}
{"level":"info","ts":1647819347.5395179,"logger":"cmd","msg":"Go OS/Arch: linux/amd64"}
{"level":"info","ts":1647819347.5395267,"logger":"cmd","msg":"Version of operator-sdk: v0.17.1"}
{"level":"info","ts":1647819347.5397584,"logger":"leader","msg":"Trying to become the leader."}
2022-03-20 23:35:47.852397 I | config from env:
map[crdList:[ybcluster] rateLimiterEnabled:false rateLimiterInterval:3]
{"level":"info","ts":1647819347.8633697,"logger":"leader","msg":"No pre-existing lock was found."}
{"level":"info","ts":1647819347.8676648,"logger":"leader","msg":"Became the leader."}
{"level":"info","ts":1647819348.1707482,"logger":"controller-runtime.metrics","msg":"metrics server is starting to listen","addr":"0.0.0.0:8383"}
{"level":"info","ts":1647819348.171872,"logger":"cmd","msg":"Registering Components."}
{"level":"info","ts":1647819348.8003583,"logger":"metrics","msg":"Metrics Service object created","Service.Name":"yugabyte-operator-metrics","Service.Namespace":"default"}
{"level":"info","ts":1647819349.1017177,"logger":"cmd","msg":"Could not create ServiceMonitor object","error":"no ServiceMonitor registered with the API"}
{"level":"info","ts":1647819349.101834,"logger":"cmd","msg":"Install prometheus-operator in your cluster to create ServiceMonitor objects","error":"no ServiceMonitor registered with the API"}
{"level":"info","ts":1647819349.101856,"logger":"cmd","msg":"Starting the Cmd."}
{"level":"info","ts":1647819349.102113,"logger":"controller-runtime.manager","msg":"starting metrics server","path":"/metrics"}
{"level":"info","ts":1647819349.1022081,"logger":"controller-runtime.controller","msg":"Starting EventSource","controller":"ybcluster-controller","source":"kind source: /, Kind="}
{"level":"info","ts":1647819349.202571,"logger":"controller-runtime.controller","msg":"Starting EventSource","controller":"ybcluster-controller","source":"kind source: /, Kind="}
{"level":"info","ts":1647819349.302985,"logger":"controller-runtime.controller","msg":"Starting EventSource","controller":"ybcluster-controller","source":"kind source: /, Kind="}
{"level":"info","ts":1647819349.40343,"logger":"controller-runtime.controller","msg":"Starting Controller","controller":"ybcluster-controller"}
{"level":"info","ts":1647819349.4035444,"logger":"controller-runtime.controller","msg":"Starting workers","controller":"ybcluster-controller","worker count":1}
2022-03-20 23:35:49.900562 I | yugabyte-k8s-operator: Reconciling YBCluster
2022-03-20 23:35:50.495240 I | yugabyte-k8s-operator: creating a new Secret yb-master-yugabyte-tls-cert for YBMasters in namespace default
2022-03-20 23:35:51.064984 I | yugabyte-k8s-operator: creating a new Secret yb-tserver-yugabyte-tls-cert for YBTServers in namespace default
2022-03-20 23:35:51.171984 I | yugabyte-k8s-operator: creating a new Headless Service yb-masters for YBMasters in namespace default
2022-03-20 23:35:51.177664 I | yugabyte-k8s-operator: creating a new Headless Service yb-tservers for YBTServers in namespace default
2022-03-20 23:35:51.181987 I | yugabyte-k8s-operator: creating a new UI Service yb-master-ui for YBMasters in namespace default
2022-03-20 23:35:51.195463 I | yugabyte-k8s-operator: creating a new Statefulset yb-master for YBMasters in namespace default
2022-03-20 23:35:51.230694 I | yugabyte-k8s-operator: creating a new Statefulset yb-tserver for YBTServers in namespace default
2022-03-20 23:35:51.241795 I | yugabyte-k8s-operator: running command 'yb-admin get_universe_config' in YB-Master pod: yb-master-0, command: ["bash" "-c" "/home/yugabyte/bin/yb-admin --master_addresses yb-master-0.yb-masters.default.svc.cluster.local:7100,yb-master-1.yb-masters.default.svc.cluster.local:7100,yb-master-2.yb-masters.default.svc.cluster.local:7100 get_universe_config"]
{"level":"error","ts":1647819351.2562535,"logger":"controller-runtime.controller","msg":"Reconciler error","controller":"ybcluster-controller","request":"default/example-ybcluster","error":"pod yb-master-0 does not have a host assigned","stacktrace":"github.com/go-logr/zapr.(*zapLogger).Error\n\t/go/pkg/mod/github.com/go-logr/zapr@v0.1.1/zapr.go:128\nsigs.k8s.io/controller-runtime/pkg/internal/controller.(*Controller).reconcileHandler\n\t/src/sieve-dependency/src/sigs.k8s.io/controller-runtime@v0.5.2/pkg/internal/controller/controller.go:261\nsigs.k8s.io/controller-runtime/pkg/internal/controller.(*Controller).processNextWorkItem\n\t/src/sieve-dependency/src/sigs.k8s.io/controller-runtime@v0.5.2/pkg/internal/controller/controller.go:233\nsigs.k8s.io/controller-runtime/pkg/internal/controller.(*Controller).worker\n\t/src/sieve-dependency/src/sigs.k8s.io/controller-runtime@v0.5.2/pkg/internal/controller/controller.go:212\nk8s.io/apimachinery/pkg/util/wait.JitterUntil.func1\n\t/go/pkg/mod/k8s.io/apimachinery@v0.17.4/pkg/util/wait/wait.go:152\nk8s.io/apimachinery/pkg/util/wait.JitterUntil\n\t/go/pkg/mod/k8s.io/apimachinery@v0.17.4/pkg/util/wait/wait.go:153\nk8s.io/apimachinery/pkg/util/wait.Until\n\t/go/pkg/mod/k8s.io/apimachinery@v0.17.4/pkg/util/wait/wait.go:88"}
2022-03-20 23:35:52.257481 I | yugabyte-k8s-operator: Reconciling YBCluster
2022-03-20 23:35:52.259037 I | yugabyte-k8s-operator: updating master secret
2022-03-20 23:35:53.029856 I | yugabyte-k8s-operator: updating tserver secret
2022-03-20 23:35:53.507998 I | yugabyte-k8s-operator: updating master headless service
2022-03-20 23:35:53.512374 I | yugabyte-k8s-operator: updating tserver headless service
2022-03-20 23:35:53.516590 I | yugabyte-k8s-operator: updating master ui service
2022-03-20 23:35:53.520683 I | yugabyte-k8s-operator: updating master statefulset
2022-03-20 23:35:53.535406 I | yugabyte-k8s-operator: updating tserver statefulset
2022-03-20 23:35:53.540157 I | yugabyte-k8s-operator: updating Status condition ScalingDownTServers: False
2022-03-20 23:35:53.550338 I | yugabyte-k8s-operator: running command 'yb-admin get_universe_config' in YB-Master pod: yb-master-0, command: ["bash" "-c" "/home/yugabyte/bin/yb-admin --master_addresses yb-master-0.yb-masters.default.svc.cluster.local:7100,yb-master-1.yb-masters.default.svc.cluster.local:7100,yb-master-2.yb-masters.default.svc.cluster.local:7100 get_universe_config"]
{"level":"error","ts":1647819353.5623732,"logger":"controller-runtime.controller","msg":"Reconciler error","controller":"ybcluster-controller","request":"default/example-ybcluster","error":"pod yb-master-0 does not have a host assigned","stacktrace":"github.com/go-logr/zapr.(*zapLogger).Error\n\t/go/pkg/mod/github.com/go-logr/zapr@v0.1.1/zapr.go:128\nsigs.k8s.io/controller-runtime/pkg/internal/controller.(*Controller).reconcileHandler\n\t/src/sieve-dependency/src/sigs.k8s.io/controller-runtime@v0.5.2/pkg/internal/controller/controller.go:261\nsigs.k8s.io/controller-runtime/pkg/internal/controller.(*Controller).processNextWorkItem\n\t/src/sieve-dependency/src/sigs.k8s.io/controller-runtime@v0.5.2/pkg/internal/controller/controller.go:233\nsigs.k8s.io/controller-runtime/pkg/internal/controller.(*Controller).worker\n\t/src/sieve-dependency/src/sigs.k8s.io/controller-runtime@v0.5.2/pkg/internal/controller/controller.go:212\nk8s.io/apimachinery/pkg/util/wait.JitterUntil.func1\n\t/go/pkg/mod/k8s.io/apimachinery@v0.17.4/pkg/util/wait/wait.go:152\nk8s.io/apimachinery/pkg/util/wait.JitterUntil\n\t/go/pkg/mod/k8s.io/apimachinery@v0.17.4/pkg/util/wait/wait.go:153\nk8s.io/apimachinery/pkg/util/wait.Until\n\t/go/pkg/mod/k8s.io/apimachinery@v0.17.4/pkg/util/wait/wait.go:88"}
2022-03-20 23:35:54.563528 I | yugabyte-k8s-operator: Reconciling YBCluster
2022-03-20 23:35:54.565121 I | yugabyte-k8s-operator: updating master secret
2022-03-20 23:35:55.403662 I | yugabyte-k8s-operator: updating tserver secret
2022-03-20 23:35:55.892175 I | yugabyte-k8s-operator: updating master headless service
2022-03-20 23:35:55.898113 I | yugabyte-k8s-operator: updating tserver headless service
2022-03-20 23:35:55.902726 I | yugabyte-k8s-operator: updating master ui service
2022-03-20 23:35:55.907117 I | yugabyte-k8s-operator: updating master statefulset
2022-03-20 23:35:55.918334 I | yugabyte-k8s-operator: updating tserver statefulset
2022-03-20 23:35:55.922967 I | yugabyte-k8s-operator: updating Status condition ScalingDownTServers: False
2022-03-20 23:35:55.930235 I | yugabyte-k8s-operator: running command 'yb-admin get_universe_config' in YB-Master pod: yb-master-0, command: ["bash" "-c" "/home/yugabyte/bin/yb-admin --master_addresses yb-master-0.yb-masters.default.svc.cluster.local:7100,yb-master-1.yb-masters.default.svc.cluster.local:7100,yb-master-2.yb-masters.default.svc.cluster.local:7100 get_universe_config"]
{"level":"error","ts":1647819355.9424262,"logger":"controller-runtime.controller","msg":"Reconciler error","controller":"ybcluster-controller","request":"default/example-ybcluster","error":"pod yb-master-0 does not have a host assigned","stacktrace":"github.com/go-logr/zapr.(*zapLogger).Error\n\t/go/pkg/mod/github.com/go-logr/zapr@v0.1.1/zapr.go:128\nsigs.k8s.io/controller-runtime/pkg/internal/controller.(*Controller).reconcileHandler\n\t/src/sieve-dependency/src/sigs.k8s.io/controller-runtime@v0.5.2/pkg/internal/controller/controller.go:261\nsigs.k8s.io/controller-runtime/pkg/internal/controller.(*Controller).processNextWorkItem\n\t/src/sieve-dependency/src/sigs.k8s.io/controller-runtime@v0.5.2/pkg/internal/controller/controller.go:233\nsigs.k8s.io/controller-runtime/pkg/internal/controller.(*Controller).worker\n\t/src/sieve-dependency/src/sigs.k8s.io/controller-runtime@v0.5.2/pkg/internal/controller/controller.go:212\nk8s.io/apimachinery/pkg/util/wait.JitterUntil.func1\n\t/go/pkg/mod/k8s.io/apimachinery@v0.17.4/pkg/util/wait/wait.go:152\nk8s.io/apimachinery/pkg/util/wait.JitterUntil\n\t/go/pkg/mod/k8s.io/apimachinery@v0.17.4/pkg/util/wait/wait.go:153\nk8s.io/apimachinery/pkg/util/wait.Until\n\t/go/pkg/mod/k8s.io/apimachinery@v0.17.4/pkg/util/wait/wait.go:88"}
2022-03-20 23:35:56.943349 I | yugabyte-k8s-operator: Reconciling YBCluster
2022-03-20 23:35:56.945390 I | yugabyte-k8s-operator: updating master secret
2022-03-20 23:35:57.333821 I | yugabyte-k8s-operator: updating tserver secret
2022-03-20 23:35:57.915603 I | yugabyte-k8s-operator: updating master headless service
2022-03-20 23:35:57.928274 I | yugabyte-k8s-operator: updating tserver headless service
2022-03-20 23:35:57.935361 I | yugabyte-k8s-operator: updating master ui service
2022-03-20 23:35:57.941475 I | yugabyte-k8s-operator: updating master statefulset
2022-03-20 23:35:57.966341 I | yugabyte-k8s-operator: updating tserver statefulset
2022-03-20 23:35:57.979450 I | yugabyte-k8s-operator: updating Status condition ScalingDownTServers: False
2022-03-20 23:35:57.990908 I | yugabyte-k8s-operator: running command 'yb-admin get_universe_config' in YB-Master pod: yb-master-0, command: ["bash" "-c" "/home/yugabyte/bin/yb-admin --master_addresses yb-master-0.yb-masters.default.svc.cluster.local:7100,yb-master-1.yb-masters.default.svc.cluster.local:7100,yb-master-2.yb-masters.default.svc.cluster.local:7100 get_universe_config"]
{"level":"error","ts":1647819358.0448668,"logger":"controller-runtime.controller","msg":"Reconciler error","controller":"ybcluster-controller","request":"default/example-ybcluster","error":"unable to upgrade connection: container not found (\"yb-master\")","stacktrace":"github.com/go-logr/zapr.(*zapLogger).Error\n\t/go/pkg/mod/github.com/go-logr/zapr@v0.1.1/zapr.go:128\nsigs.k8s.io/controller-runtime/pkg/internal/controller.(*Controller).reconcileHandler\n\t/src/sieve-dependency/src/sigs.k8s.io/controller-runtime@v0.5.2/pkg/internal/controller/controller.go:261\nsigs.k8s.io/controller-runtime/pkg/internal/controller.(*Controller).processNextWorkItem\n\t/src/sieve-dependency/src/sigs.k8s.io/controller-runtime@v0.5.2/pkg/internal/controller/controller.go:233\nsigs.k8s.io/controller-runtime/pkg/internal/controller.(*Controller).worker\n\t/src/sieve-dependency/src/sigs.k8s.io/controller-runtime@v0.5.2/pkg/internal/controller/controller.go:212\nk8s.io/apimachinery/pkg/util/wait.JitterUntil.func1\n\t/go/pkg/mod/k8s.io/apimachinery@v0.17.4/pkg/util/wait/wait.go:152\nk8s.io/apimachinery/pkg/util/wait.JitterUntil\n\t/go/pkg/mod/k8s.io/apimachinery@v0.17.4/pkg/util/wait/wait.go:153\nk8s.io/apimachinery/pkg/util/wait.Until\n\t/go/pkg/mod/k8s.io/apimachinery@v0.17.4/pkg/util/wait/wait.go:88"}
2022-03-20 23:35:59.046044 I | yugabyte-k8s-operator: Reconciling YBCluster
2022-03-20 23:35:59.048593 I | yugabyte-k8s-operator: updating master secret
2022-03-20 23:35:59.464561 I | yugabyte-k8s-operator: updating tserver secret
2022-03-20 23:36:00.581297 I | yugabyte-k8s-operator: updating master headless service
2022-03-20 23:36:00.636416 I | yugabyte-k8s-operator: updating tserver headless service
2022-03-20 23:36:00.644270 I | yugabyte-k8s-operator: updating master ui service
2022-03-20 23:36:00.650579 I | yugabyte-k8s-operator: updating master statefulset
2022-03-20 23:36:00.668529 I | yugabyte-k8s-operator: updating tserver statefulset
2022-03-20 23:36:00.770151 I | yugabyte-k8s-operator: updating Status condition ScalingDownTServers: False
2022-03-20 23:36:00.781101 I | yugabyte-k8s-operator: running command 'yb-admin get_universe_config' in YB-Master pod: yb-master-0, command: ["bash" "-c" "/home/yugabyte/bin/yb-admin --master_addresses yb-master-0.yb-masters.default.svc.cluster.local:7100,yb-master-1.yb-masters.default.svc.cluster.local:7100,yb-master-2.yb-masters.default.svc.cluster.local:7100 get_universe_config"]
{"level":"error","ts":1647819360.8229659,"logger":"controller-runtime.controller","msg":"Reconciler error","controller":"ybcluster-controller","request":"default/example-ybcluster","error":"unable to upgrade connection: container not found (\"yb-master\")","stacktrace":"github.com/go-logr/zapr.(*zapLogger).Error\n\t/go/pkg/mod/github.com/go-logr/zapr@v0.1.1/zapr.go:128\nsigs.k8s.io/controller-runtime/pkg/internal/controller.(*Controller).reconcileHandler\n\t/src/sieve-dependency/src/sigs.k8s.io/controller-runtime@v0.5.2/pkg/internal/controller/controller.go:261\nsigs.k8s.io/controller-runtime/pkg/internal/controller.(*Controller).processNextWorkItem\n\t/src/sieve-dependency/src/sigs.k8s.io/controller-runtime@v0.5.2/pkg/internal/controller/controller.go:233\nsigs.k8s.io/controller-runtime/pkg/internal/controller.(*Controller).worker\n\t/src/sieve-dependency/src/sigs.k8s.io/controller-runtime@v0.5.2/pkg/internal/controller/controller.go:212\nk8s.io/apimachinery/pkg/util/wait.JitterUntil.func1\n\t/go/pkg/mod/k8s.io/apimachinery@v0.17.4/pkg/util/wait/wait.go:152\nk8s.io/apimachinery/pkg/util/wait.JitterUntil\n\t/go/pkg/mod/k8s.io/apimachinery@v0.17.4/pkg/util/wait/wait.go:153\nk8s.io/apimachinery/pkg/util/wait.Until\n\t/go/pkg/mod/k8s.io/apimachinery@v0.17.4/pkg/util/wait/wait.go:88"}
2022-03-20 23:36:01.829407 I | yugabyte-k8s-operator: Reconciling YBCluster
2022-03-20 23:36:01.831666 I | yugabyte-k8s-operator: updating master secret
2022-03-20 23:36:02.361661 I | yugabyte-k8s-operator: updating tserver secret
2022-03-20 23:36:03.478267 I | yugabyte-k8s-operator: updating master headless service
2022-03-20 23:36:03.621930 I | yugabyte-k8s-operator: updating tserver headless service
2022-03-20 23:36:03.628825 I | yugabyte-k8s-operator: updating master ui service
2022-03-20 23:36:03.637696 I | yugabyte-k8s-operator: updating master statefulset
2022-03-20 23:36:03.655145 I | yugabyte-k8s-operator: updating tserver statefulset
2022-03-20 23:36:03.712584 I | yugabyte-k8s-operator: updating Status condition ScalingDownTServers: False
2022-03-20 23:36:03.881861 I | yugabyte-k8s-operator: running command 'yb-admin get_universe_config' in YB-Master pod: yb-master-0, command: ["bash" "-c" "/home/yugabyte/bin/yb-admin --master_addresses yb-master-0.yb-masters.default.svc.cluster.local:7100,yb-master-1.yb-masters.default.svc.cluster.local:7100,yb-master-2.yb-masters.default.svc.cluster.local:7100 get_universe_config"]
{"level":"error","ts":1647819363.9098413,"logger":"controller-runtime.controller","msg":"Reconciler error","controller":"ybcluster-controller","request":"default/example-ybcluster","error":"unable to upgrade connection: container not found (\"yb-master\")","stacktrace":"github.com/go-logr/zapr.(*zapLogger).Error\n\t/go/pkg/mod/github.com/go-logr/zapr@v0.1.1/zapr.go:128\nsigs.k8s.io/controller-runtime/pkg/internal/controller.(*Controller).reconcileHandler\n\t/src/sieve-dependency/src/sigs.k8s.io/controller-runtime@v0.5.2/pkg/internal/controller/controller.go:261\nsigs.k8s.io/controller-runtime/pkg/internal/controller.(*Controller).processNextWorkItem\n\t/src/sieve-dependency/src/sigs.k8s.io/controller-runtime@v0.5.2/pkg/internal/controller/controller.go:233\nsigs.k8s.io/controller-runtime/pkg/internal/controller.(*Controller).worker\n\t/src/sieve-dependency/src/sigs.k8s.io/controller-runtime@v0.5.2/pkg/internal/controller/controller.go:212\nk8s.io/apimachinery/pkg/util/wait.JitterUntil.func1\n\t/go/pkg/mod/k8s.io/apimachinery@v0.17.4/pkg/util/wait/wait.go:152\nk8s.io/apimachinery/pkg/util/wait.JitterUntil\n\t/go/pkg/mod/k8s.io/apimachinery@v0.17.4/pkg/util/wait/wait.go:153\nk8s.io/apimachinery/pkg/util/wait.Until\n\t/go/pkg/mod/k8s.io/apimachinery@v0.17.4/pkg/util/wait/wait.go:88"}
2022-03-20 23:36:04.911576 I | yugabyte-k8s-operator: Reconciling YBCluster
2022-03-20 23:36:04.915694 I | yugabyte-k8s-operator: updating master secret
2022-03-20 23:36:05.871780 I | yugabyte-k8s-operator: updating tserver secret
2022-03-20 23:36:06.443278 I | yugabyte-k8s-operator: updating master headless service
2022-03-20 23:36:06.610533 I | yugabyte-k8s-operator: updating tserver headless service
2022-03-20 23:36:06.615448 I | yugabyte-k8s-operator: updating master ui service
2022-03-20 23:36:06.620582 I | yugabyte-k8s-operator: updating master statefulset
2022-03-20 23:36:06.640435 I | yugabyte-k8s-operator: updating tserver statefulset
2022-03-20 23:36:07.099429 I | yugabyte-k8s-operator: updating Status condition ScalingDownTServers: False
2022-03-20 23:36:07.163548 I | yugabyte-k8s-operator: running command 'yb-admin get_universe_config' in YB-Master pod: yb-master-0, command: ["bash" "-c" "/home/yugabyte/bin/yb-admin --master_addresses yb-master-0.yb-masters.default.svc.cluster.local:7100,yb-master-1.yb-masters.default.svc.cluster.local:7100,yb-master-2.yb-masters.default.svc.cluster.local:7100 get_universe_config"]
{"level":"error","ts":1647819367.443584,"logger":"controller-runtime.controller","msg":"Reconciler error","controller":"ybcluster-controller","request":"default/example-ybcluster","error":"unable to upgrade connection: container not found (\"yb-master\")","stacktrace":"github.com/go-logr/zapr.(*zapLogger).Error\n\t/go/pkg/mod/github.com/go-logr/zapr@v0.1.1/zapr.go:128\nsigs.k8s.io/controller-runtime/pkg/internal/controller.(*Controller).reconcileHandler\n\t/src/sieve-dependency/src/sigs.k8s.io/controller-runtime@v0.5.2/pkg/internal/controller/controller.go:261\nsigs.k8s.io/controller-runtime/pkg/internal/controller.(*Controller).processNextWorkItem\n\t/src/sieve-dependency/src/sigs.k8s.io/controller-runtime@v0.5.2/pkg/internal/controller/controller.go:233\nsigs.k8s.io/controller-runtime/pkg/internal/controller.(*Controller).worker\n\t/src/sieve-dependency/src/sigs.k8s.io/controller-runtime@v0.5.2/pkg/internal/controller/controller.go:212\nk8s.io/apimachinery/pkg/util/wait.JitterUntil.func1\n\t/go/pkg/mod/k8s.io/apimachinery@v0.17.4/pkg/util/wait/wait.go:152\nk8s.io/apimachinery/pkg/util/wait.JitterUntil\n\t/go/pkg/mod/k8s.io/apimachinery@v0.17.4/pkg/util/wait/wait.go:153\nk8s.io/apimachinery/pkg/util/wait.Until\n\t/go/pkg/mod/k8s.io/apimachinery@v0.17.4/pkg/util/wait/wait.go:88"}
2022-03-20 23:36:08.444716 I | yugabyte-k8s-operator: Reconciling YBCluster
2022-03-20 23:36:08.450727 I | yugabyte-k8s-operator: updating master secret
2022-03-20 23:36:09.439584 I | yugabyte-k8s-operator: updating tserver secret
2022-03-20 23:36:09.975587 I | yugabyte-k8s-operator: updating master headless service
2022-03-20 23:36:10.010254 I | yugabyte-k8s-operator: updating tserver headless service
2022-03-20 23:36:10.016848 I | yugabyte-k8s-operator: updating master ui service
2022-03-20 23:36:10.023810 I | yugabyte-k8s-operator: updating master statefulset
2022-03-20 23:36:10.040289 I | yugabyte-k8s-operator: updating tserver statefulset
2022-03-20 23:36:10.074647 I | yugabyte-k8s-operator: updating Status condition ScalingDownTServers: False
2022-03-20 23:36:10.095573 I | yugabyte-k8s-operator: running command 'yb-admin get_universe_config' in YB-Master pod: yb-master-0, command: ["bash" "-c" "/home/yugabyte/bin/yb-admin --master_addresses yb-master-0.yb-masters.default.svc.cluster.local:7100,yb-master-1.yb-masters.default.svc.cluster.local:7100,yb-master-2.yb-masters.default.svc.cluster.local:7100 get_universe_config"]
{"level":"error","ts":1647819370.1220345,"logger":"controller-runtime.controller","msg":"Reconciler error","controller":"ybcluster-controller","request":"default/example-ybcluster","error":"unable to upgrade connection: container not found (\"yb-master\")","stacktrace":"github.com/go-logr/zapr.(*zapLogger).Error\n\t/go/pkg/mod/github.com/go-logr/zapr@v0.1.1/zapr.go:128\nsigs.k8s.io/controller-runtime/pkg/internal/controller.(*Controller).reconcileHandler\n\t/src/sieve-dependency/src/sigs.k8s.io/controller-runtime@v0.5.2/pkg/internal/controller/controller.go:261\nsigs.k8s.io/controller-runtime/pkg/internal/controller.(*Controller).processNextWorkItem\n\t/src/sieve-dependency/src/sigs.k8s.io/controller-runtime@v0.5.2/pkg/internal/controller/controller.go:233\nsigs.k8s.io/controller-runtime/pkg/internal/controller.(*Controller).worker\n\t/src/sieve-dependency/src/sigs.k8s.io/controller-runtime@v0.5.2/pkg/internal/controller/controller.go:212\nk8s.io/apimachinery/pkg/util/wait.JitterUntil.func1\n\t/go/pkg/mod/k8s.io/apimachinery@v0.17.4/pkg/util/wait/wait.go:152\nk8s.io/apimachinery/pkg/util/wait.JitterUntil\n\t/go/pkg/mod/k8s.io/apimachinery@v0.17.4/pkg/util/wait/wait.go:153\nk8s.io/apimachinery/pkg/util/wait.Until\n\t/go/pkg/mod/k8s.io/apimachinery@v0.17.4/pkg/util/wait/wait.go:88"}
2022-03-20 23:36:11.123078 I | yugabyte-k8s-operator: Reconciling YBCluster
2022-03-20 23:36:11.124592 I | yugabyte-k8s-operator: updating master secret
2022-03-20 23:36:11.980250 I | yugabyte-k8s-operator: updating tserver secret
2022-03-20 23:36:12.538214 I | yugabyte-k8s-operator: updating master headless service
2022-03-20 23:36:12.626681 I | yugabyte-k8s-operator: updating tserver headless service
2022-03-20 23:36:12.633300 I | yugabyte-k8s-operator: updating master ui service
2022-03-20 23:36:12.638983 I | yugabyte-k8s-operator: updating master statefulset
2022-03-20 23:36:12.654063 I | yugabyte-k8s-operator: updating tserver statefulset
2022-03-20 23:36:12.766434 I | yugabyte-k8s-operator: updating Status condition ScalingDownTServers: False
2022-03-20 23:36:12.777424 I | yugabyte-k8s-operator: running command 'yb-admin get_universe_config' in YB-Master pod: yb-master-0, command: ["bash" "-c" "/home/yugabyte/bin/yb-admin --master_addresses yb-master-0.yb-masters.default.svc.cluster.local:7100,yb-master-1.yb-masters.default.svc.cluster.local:7100,yb-master-2.yb-masters.default.svc.cluster.local:7100 get_universe_config"]
{"level":"error","ts":1647819372.7956371,"logger":"controller-runtime.controller","msg":"Reconciler error","controller":"ybcluster-controller","request":"default/example-ybcluster","error":"unable to upgrade connection: container not found (\"yb-master\")","stacktrace":"github.com/go-logr/zapr.(*zapLogger).Error\n\t/go/pkg/mod/github.com/go-logr/zapr@v0.1.1/zapr.go:128\nsigs.k8s.io/controller-runtime/pkg/internal/controller.(*Controller).reconcileHandler\n\t/src/sieve-dependency/src/sigs.k8s.io/controller-runtime@v0.5.2/pkg/internal/controller/controller.go:261\nsigs.k8s.io/controller-runtime/pkg/internal/controller.(*Controller).processNextWorkItem\n\t/src/sieve-dependency/src/sigs.k8s.io/controller-runtime@v0.5.2/pkg/internal/controller/controller.go:233\nsigs.k8s.io/controller-runtime/pkg/internal/controller.(*Controller).worker\n\t/src/sieve-dependency/src/sigs.k8s.io/controller-runtime@v0.5.2/pkg/internal/controller/controller.go:212\nk8s.io/apimachinery/pkg/util/wait.JitterUntil.func1\n\t/go/pkg/mod/k8s.io/apimachinery@v0.17.4/pkg/util/wait/wait.go:152\nk8s.io/apimachinery/pkg/util/wait.JitterUntil\n\t/go/pkg/mod/k8s.io/apimachinery@v0.17.4/pkg/util/wait/wait.go:153\nk8s.io/apimachinery/pkg/util/wait.Until\n\t/go/pkg/mod/k8s.io/apimachinery@v0.17.4/pkg/util/wait/wait.go:88"}
2022-03-20 23:36:14.076261 I | yugabyte-k8s-operator: Reconciling YBCluster
2022-03-20 23:36:14.078258 I | yugabyte-k8s-operator: updating master secret
2022-03-20 23:36:15.105036 I | yugabyte-k8s-operator: updating tserver secret
2022-03-20 23:36:15.814161 I | yugabyte-k8s-operator: updating master headless service
2022-03-20 23:36:15.828727 I | yugabyte-k8s-operator: updating tserver headless service
2022-03-20 23:36:15.834649 I | yugabyte-k8s-operator: updating master ui service
2022-03-20 23:36:15.850212 I | yugabyte-k8s-operator: updating master statefulset
2022-03-20 23:36:15.867110 I | yugabyte-k8s-operator: updating tserver statefulset
2022-03-20 23:36:15.873047 I | yugabyte-k8s-operator: updating Status condition ScalingDownTServers: False
2022-03-20 23:36:15.882152 I | yugabyte-k8s-operator: running command 'yb-admin get_universe_config' in YB-Master pod: yb-master-0, command: ["bash" "-c" "/home/yugabyte/bin/yb-admin --master_addresses yb-master-0.yb-masters.default.svc.cluster.local:7100,yb-master-1.yb-masters.default.svc.cluster.local:7100,yb-master-2.yb-masters.default.svc.cluster.local:7100 get_universe_config"]
{"level":"error","ts":1647819375.9038193,"logger":"controller-runtime.controller","msg":"Reconciler error","controller":"ybcluster-controller","request":"default/example-ybcluster","error":"unable to upgrade connection: container not found (\"yb-master\")","stacktrace":"github.com/go-logr/zapr.(*zapLogger).Error\n\t/go/pkg/mod/github.com/go-logr/zapr@v0.1.1/zapr.go:128\nsigs.k8s.io/controller-runtime/pkg/internal/controller.(*Controller).reconcileHandler\n\t/src/sieve-dependency/src/sigs.k8s.io/controller-runtime@v0.5.2/pkg/internal/controller/controller.go:261\nsigs.k8s.io/controller-runtime/pkg/internal/controller.(*Controller).processNextWorkItem\n\t/src/sieve-dependency/src/sigs.k8s.io/controller-runtime@v0.5.2/pkg/internal/controller/controller.go:233\nsigs.k8s.io/controller-runtime/pkg/internal/controller.(*Controller).worker\n\t/src/sieve-dependency/src/sigs.k8s.io/controller-runtime@v0.5.2/pkg/internal/controller/controller.go:212\nk8s.io/apimachinery/pkg/util/wait.JitterUntil.func1\n\t/go/pkg/mod/k8s.io/apimachinery@v0.17.4/pkg/util/wait/wait.go:152\nk8s.io/apimachinery/pkg/util/wait.JitterUntil\n\t/go/pkg/mod/k8s.io/apimachinery@v0.17.4/pkg/util/wait/wait.go:153\nk8s.io/apimachinery/pkg/util/wait.Until\n\t/go/pkg/mod/k8s.io/apimachinery@v0.17.4/pkg/util/wait/wait.go:88"}
2022-03-20 23:36:18.466429 I | yugabyte-k8s-operator: Reconciling YBCluster
2022-03-20 23:36:18.468347 I | yugabyte-k8s-operator: updating master secret
2022-03-20 23:36:19.198896 I | yugabyte-k8s-operator: updating tserver secret
2022-03-20 23:36:19.861057 I | yugabyte-k8s-operator: updating master headless service
2022-03-20 23:36:19.866043 I | yugabyte-k8s-operator: updating tserver headless service
2022-03-20 23:36:19.872488 I | yugabyte-k8s-operator: updating master ui service
2022-03-20 23:36:19.877886 I | yugabyte-k8s-operator: updating master statefulset
2022-03-20 23:36:19.892796 I | yugabyte-k8s-operator: updating tserver statefulset
2022-03-20 23:36:20.087529 I | yugabyte-k8s-operator: updating Status condition ScalingDownTServers: False
2022-03-20 23:36:20.106303 I | yugabyte-k8s-operator: running command 'yb-admin get_universe_config' in YB-Master pod: yb-master-0, command: ["bash" "-c" "/home/yugabyte/bin/yb-admin --master_addresses yb-master-0.yb-masters.default.svc.cluster.local:7100,yb-master-1.yb-masters.default.svc.cluster.local:7100,yb-master-2.yb-masters.default.svc.cluster.local:7100 get_universe_config"]
{"level":"error","ts":1647819380.4354334,"logger":"controller-runtime.controller","msg":"Reconciler error","controller":"ybcluster-controller","request":"default/example-ybcluster","error":"unable to upgrade connection: container not found (\"yb-master\")","stacktrace":"github.com/go-logr/zapr.(*zapLogger).Error\n\t/go/pkg/mod/github.com/go-logr/zapr@v0.1.1/zapr.go:128\nsigs.k8s.io/controller-runtime/pkg/internal/controller.(*Controller).reconcileHandler\n\t/src/sieve-dependency/src/sigs.k8s.io/controller-runtime@v0.5.2/pkg/internal/controller/controller.go:261\nsigs.k8s.io/controller-runtime/pkg/internal/controller.(*Controller).processNextWorkItem\n\t/src/sieve-dependency/src/sigs.k8s.io/controller-runtime@v0.5.2/pkg/internal/controller/controller.go:233\nsigs.k8s.io/controller-runtime/pkg/internal/controller.(*Controller).worker\n\t/src/sieve-dependency/src/sigs.k8s.io/controller-runtime@v0.5.2/pkg/internal/controller/controller.go:212\nk8s.io/apimachinery/pkg/util/wait.JitterUntil.func1\n\t/go/pkg/mod/k8s.io/apimachinery@v0.17.4/pkg/util/wait/wait.go:152\nk8s.io/apimachinery/pkg/util/wait.JitterUntil\n\t/go/pkg/mod/k8s.io/apimachinery@v0.17.4/pkg/util/wait/wait.go:153\nk8s.io/apimachinery/pkg/util/wait.Until\n\t/go/pkg/mod/k8s.io/apimachinery@v0.17.4/pkg/util/wait/wait.go:88"}
2022-03-20 23:36:25.556043 I | yugabyte-k8s-operator: Reconciling YBCluster
2022-03-20 23:36:25.558273 I | yugabyte-k8s-operator: updating master secret
2022-03-20 23:36:26.457599 I | yugabyte-k8s-operator: updating tserver secret
2022-03-20 23:36:27.209854 I | yugabyte-k8s-operator: updating master headless service
2022-03-20 23:36:27.406187 I | yugabyte-k8s-operator: updating tserver headless service
2022-03-20 23:36:27.411084 I | yugabyte-k8s-operator: updating master ui service
2022-03-20 23:36:27.414989 I | yugabyte-k8s-operator: updating master statefulset
2022-03-20 23:36:27.426927 I | yugabyte-k8s-operator: updating tserver statefulset
2022-03-20 23:36:27.484557 I | yugabyte-k8s-operator: updating Status condition ScalingDownTServers: False
2022-03-20 23:36:27.502022 I | yugabyte-k8s-operator: running command 'yb-admin get_universe_config' in YB-Master pod: yb-master-0, command: ["bash" "-c" "/home/yugabyte/bin/yb-admin --master_addresses yb-master-0.yb-masters.default.svc.cluster.local:7100,yb-master-1.yb-masters.default.svc.cluster.local:7100,yb-master-2.yb-masters.default.svc.cluster.local:7100 get_universe_config"]
{"level":"error","ts":1647819387.6861935,"logger":"controller-runtime.controller","msg":"Reconciler error","controller":"ybcluster-controller","request":"default/example-ybcluster","error":"unable to upgrade connection: container not found (\"yb-master\")","stacktrace":"github.com/go-logr/zapr.(*zapLogger).Error\n\t/go/pkg/mod/github.com/go-logr/zapr@v0.1.1/zapr.go:128\nsigs.k8s.io/controller-runtime/pkg/internal/controller.(*Controller).reconcileHandler\n\t/src/sieve-dependency/src/sigs.k8s.io/controller-runtime@v0.5.2/pkg/internal/controller/controller.go:261\nsigs.k8s.io/controller-runtime/pkg/internal/controller.(*Controller).processNextWorkItem\n\t/src/sieve-dependency/src/sigs.k8s.io/controller-runtime@v0.5.2/pkg/internal/controller/controller.go:233\nsigs.k8s.io/controller-runtime/pkg/internal/controller.(*Controller).worker\n\t/src/sieve-dependency/src/sigs.k8s.io/controller-runtime@v0.5.2/pkg/internal/controller/controller.go:212\nk8s.io/apimachinery/pkg/util/wait.JitterUntil.func1\n\t/go/pkg/mod/k8s.io/apimachinery@v0.17.4/pkg/util/wait/wait.go:152\nk8s.io/apimachinery/pkg/util/wait.JitterUntil\n\t/go/pkg/mod/k8s.io/apimachinery@v0.17.4/pkg/util/wait/wait.go:153\nk8s.io/apimachinery/pkg/util/wait.Until\n\t/go/pkg/mod/k8s.io/apimachinery@v0.17.4/pkg/util/wait/wait.go:88"}
2022-03-20 23:36:37.926767 I | yugabyte-k8s-operator: Reconciling YBCluster
2022-03-20 23:36:37.928325 I | yugabyte-k8s-operator: updating master secret
2022-03-20 23:36:38.669762 I | yugabyte-k8s-operator: updating tserver secret
2022-03-20 23:36:39.261990 I | yugabyte-k8s-operator: updating master headless service
2022-03-20 23:36:39.267624 I | yugabyte-k8s-operator: updating tserver headless service
2022-03-20 23:36:39.271977 I | yugabyte-k8s-operator: updating master ui service
2022-03-20 23:36:39.276511 I | yugabyte-k8s-operator: updating master statefulset
2022-03-20 23:36:39.288953 I | yugabyte-k8s-operator: updating tserver statefulset
2022-03-20 23:36:39.293983 I | yugabyte-k8s-operator: updating Status condition ScalingDownTServers: False
2022-03-20 23:36:39.305264 I | yugabyte-k8s-operator: running command 'yb-admin get_universe_config' in YB-Master pod: yb-master-0, command: ["bash" "-c" "/home/yugabyte/bin/yb-admin --master_addresses yb-master-0.yb-masters.default.svc.cluster.local:7100,yb-master-1.yb-masters.default.svc.cluster.local:7100,yb-master-2.yb-masters.default.svc.cluster.local:7100 get_universe_config"]
{"level":"error","ts":1647819459.497889,"logger":"controller-runtime.controller","msg":"Reconciler error","controller":"ybcluster-controller","request":"default/example-ybcluster","error":"command terminated with exit code 1","stacktrace":"github.com/go-logr/zapr.(*zapLogger).Error\n\t/go/pkg/mod/github.com/go-logr/zapr@v0.1.1/zapr.go:128\nsigs.k8s.io/controller-runtime/pkg/internal/controller.(*Controller).reconcileHandler\n\t/src/sieve-dependency/src/sigs.k8s.io/controller-runtime@v0.5.2/pkg/internal/controller/controller.go:261\nsigs.k8s.io/controller-runtime/pkg/internal/controller.(*Controller).processNextWorkItem\n\t/src/sieve-dependency/src/sigs.k8s.io/controller-runtime@v0.5.2/pkg/internal/controller/controller.go:233\nsigs.k8s.io/controller-runtime/pkg/internal/controller.(*Controller).worker\n\t/src/sieve-dependency/src/sigs.k8s.io/controller-runtime@v0.5.2/pkg/internal/controller/controller.go:212\nk8s.io/apimachinery/pkg/util/wait.JitterUntil.func1\n\t/go/pkg/mod/k8s.io/apimachinery@v0.17.4/pkg/util/wait/wait.go:152\nk8s.io/apimachinery/pkg/util/wait.JitterUntil\n\t/go/pkg/mod/k8s.io/apimachinery@v0.17.4/pkg/util/wait/wait.go:153\nk8s.io/apimachinery/pkg/util/wait.Until\n\t/go/pkg/mod/k8s.io/apimachinery@v0.17.4/pkg/util/wait/wait.go:88"}
2022-03-20 23:37:40.499012 I | yugabyte-k8s-operator: Reconciling YBCluster
2022-03-20 23:37:40.502651 I | yugabyte-k8s-operator: deleting master secret
2022-03-20 23:37:40.511660 I | yugabyte-k8s-operator: deleting tserver secret
2022-03-20 23:37:40.520129 I | yugabyte-k8s-operator: updating master headless service
2022-03-20 23:37:40.529405 I | yugabyte-k8s-operator: updating tserver headless service
2022-03-20 23:37:40.536891 I | yugabyte-k8s-operator: updating master ui service
2022-03-20 23:37:40.542764 I | yugabyte-k8s-operator: updating master statefulset
2022-03-20 23:37:40.558775 I | yugabyte-k8s-operator: updating tserver statefulset
2022-03-20 23:37:40.569847 I | yugabyte-k8s-operator: updating Status condition ScalingDownTServers: False
2022-03-20 23:37:40.587884 I | yugabyte-k8s-operator: running command 'yb-admin get_universe_config' in YB-Master pod: yb-master-0, command: ["bash" "-c" "/home/yugabyte/bin/yb-admin --master_addresses yb-master-0.yb-masters.default.svc.cluster.local:7100,yb-master-1.yb-masters.default.svc.cluster.local:7100,yb-master-2.yb-masters.default.svc.cluster.local:7100 get_universe_config"]
{"level":"error","ts":1647819487.7113879,"logger":"controller-runtime.controller","msg":"Reconciler error","controller":"ybcluster-controller","request":"default/example-ybcluster","error":"command terminated with exit code 137","stacktrace":"github.com/go-logr/zapr.(*zapLogger).Error\n\t/go/pkg/mod/github.com/go-logr/zapr@v0.1.1/zapr.go:128\nsigs.k8s.io/controller-runtime/pkg/internal/controller.(*Controller).reconcileHandler\n\t/src/sieve-dependency/src/sigs.k8s.io/controller-runtime@v0.5.2/pkg/internal/controller/controller.go:261\nsigs.k8s.io/controller-runtime/pkg/internal/controller.(*Controller).processNextWorkItem\n\t/src/sieve-dependency/src/sigs.k8s.io/controller-runtime@v0.5.2/pkg/internal/controller/controller.go:233\nsigs.k8s.io/controller-runtime/pkg/internal/controller.(*Controller).worker\n\t/src/sieve-dependency/src/sigs.k8s.io/controller-runtime@v0.5.2/pkg/internal/controller/controller.go:212\nk8s.io/apimachinery/pkg/util/wait.JitterUntil.func1\n\t/go/pkg/mod/k8s.io/apimachinery@v0.17.4/pkg/util/wait/wait.go:152\nk8s.io/apimachinery/pkg/util/wait.JitterUntil\n\t/go/pkg/mod/k8s.io/apimachinery@v0.17.4/pkg/util/wait/wait.go:153\nk8s.io/apimachinery/pkg/util/wait.Until\n\t/go/pkg/mod/k8s.io/apimachinery@v0.17.4/pkg/util/wait/wait.go:88"}
2022-03-20 23:38:08.713784 I | yugabyte-k8s-operator: Reconciling YBCluster
2022-03-20 23:38:09.168959 I | yugabyte-k8s-operator: creating a new Secret yb-master-yugabyte-tls-cert for YBMasters in namespace default
2022-03-20 23:38:09.818075 I | yugabyte-k8s-operator: creating a new Secret yb-tserver-yugabyte-tls-cert for YBTServers in namespace default
2022-03-20 23:38:09.826253 I | yugabyte-k8s-operator: updating master headless service
2022-03-20 23:38:09.833376 I | yugabyte-k8s-operator: updating tserver headless service
2022-03-20 23:38:09.841106 I | yugabyte-k8s-operator: updating master ui service
2022-03-20 23:38:09.847134 I | yugabyte-k8s-operator: updating master statefulset
2022-03-20 23:38:09.884195 I | yugabyte-k8s-operator: updating tserver statefulset
2022-03-20 23:38:09.904225 I | yugabyte-k8s-operator: updating Status condition ScalingDownTServers: False
2022-03-20 23:38:09.919489 I | yugabyte-k8s-operator: running command 'yb-admin get_universe_config' in YB-Master pod: yb-master-0, command: ["bash" "-c" "/home/yugabyte/bin/yb-admin --master_addresses yb-master-0.yb-masters.default.svc.cluster.local:7100,yb-master-1.yb-masters.default.svc.cluster.local:7100,yb-master-2.yb-masters.default.svc.cluster.local:7100 get_universe_config"]
{"level":"error","ts":1647819489.9623377,"logger":"controller-runtime.controller","msg":"Reconciler error","controller":"ybcluster-controller","request":"default/example-ybcluster","error":"unable to upgrade connection: container not found (\"yb-master\")","stacktrace":"github.com/go-logr/zapr.(*zapLogger).Error\n\t/go/pkg/mod/github.com/go-logr/zapr@v0.1.1/zapr.go:128\nsigs.k8s.io/controller-runtime/pkg/internal/controller.(*Controller).reconcileHandler\n\t/src/sieve-dependency/src/sigs.k8s.io/controller-runtime@v0.5.2/pkg/internal/controller/controller.go:261\nsigs.k8s.io/controller-runtime/pkg/internal/controller.(*Controller).processNextWorkItem\n\t/src/sieve-dependency/src/sigs.k8s.io/controller-runtime@v0.5.2/pkg/internal/controller/controller.go:233\nsigs.k8s.io/controller-runtime/pkg/internal/controller.(*Controller).worker\n\t/src/sieve-dependency/src/sigs.k8s.io/controller-runtime@v0.5.2/pkg/internal/controller/controller.go:212\nk8s.io/apimachinery/pkg/util/wait.JitterUntil.func1\n\t/go/pkg/mod/k8s.io/apimachinery@v0.17.4/pkg/util/wait/wait.go:152\nk8s.io/apimachinery/pkg/util/wait.JitterUntil\n\t/go/pkg/mod/k8s.io/apimachinery@v0.17.4/pkg/util/wait/wait.go:153\nk8s.io/apimachinery/pkg/util/wait.Until\n\t/go/pkg/mod/k8s.io/apimachinery@v0.17.4/pkg/util/wait/wait.go:88"}
2022-03-20 23:38:10.966017 I | yugabyte-k8s-operator: Reconciling YBCluster
2022-03-20 23:38:10.967738 I | yugabyte-k8s-operator: updating master secret
2022-03-20 23:38:11.624840 I | yugabyte-k8s-operator: updating tserver secret
2022-03-20 23:38:12.059940 I | yugabyte-k8s-operator: updating master headless service
2022-03-20 23:38:12.064919 I | yugabyte-k8s-operator: updating tserver headless service
2022-03-20 23:38:12.070844 I | yugabyte-k8s-operator: updating master ui service
2022-03-20 23:38:12.076627 I | yugabyte-k8s-operator: updating master statefulset
2022-03-20 23:38:12.095058 I | yugabyte-k8s-operator: updating tserver statefulset
2022-03-20 23:38:12.101511 I | yugabyte-k8s-operator: updating Status condition ScalingDownTServers: False
2022-03-20 23:38:12.111465 I | yugabyte-k8s-operator: running command 'yb-admin get_universe_config' in YB-Master pod: yb-master-0, command: ["bash" "-c" "/home/yugabyte/bin/yb-admin --master_addresses yb-master-0.yb-masters.default.svc.cluster.local:7100,yb-master-1.yb-masters.default.svc.cluster.local:7100,yb-master-2.yb-masters.default.svc.cluster.local:7100 get_universe_config"]
{"level":"error","ts":1647819510.5324621,"logger":"controller-runtime.controller","msg":"Reconciler error","controller":"ybcluster-controller","request":"default/example-ybcluster","error":"command terminated with exit code 137","stacktrace":"github.com/go-logr/zapr.(*zapLogger).Error\n\t/go/pkg/mod/github.com/go-logr/zapr@v0.1.1/zapr.go:128\nsigs.k8s.io/controller-runtime/pkg/internal/controller.(*Controller).reconcileHandler\n\t/src/sieve-dependency/src/sigs.k8s.io/controller-runtime@v0.5.2/pkg/internal/controller/controller.go:261\nsigs.k8s.io/controller-runtime/pkg/internal/controller.(*Controller).processNextWorkItem\n\t/src/sieve-dependency/src/sigs.k8s.io/controller-runtime@v0.5.2/pkg/internal/controller/controller.go:233\nsigs.k8s.io/controller-runtime/pkg/internal/controller.(*Controller).worker\n\t/src/sieve-dependency/src/sigs.k8s.io/controller-runtime@v0.5.2/pkg/internal/controller/controller.go:212\nk8s.io/apimachinery/pkg/util/wait.JitterUntil.func1\n\t/go/pkg/mod/k8s.io/apimachinery@v0.17.4/pkg/util/wait/wait.go:152\nk8s.io/apimachinery/pkg/util/wait.JitterUntil\n\t/go/pkg/mod/k8s.io/apimachinery@v0.17.4/pkg/util/wait/wait.go:153\nk8s.io/apimachinery/pkg/util/wait.Until\n\t/go/pkg/mod/k8s.io/apimachinery@v0.17.4/pkg/util/wait/wait.go:88"}
2022-03-20 23:38:31.533463 I | yugabyte-k8s-operator: Reconciling YBCluster
2022-03-20 23:38:31.535164 I | yugabyte-k8s-operator: updating master secret
2022-03-20 23:38:32.210015 I | yugabyte-k8s-operator: updating tserver secret
2022-03-20 23:38:32.669703 I | yugabyte-k8s-operator: updating master headless service
2022-03-20 23:38:32.674870 I | yugabyte-k8s-operator: updating tserver headless service
2022-03-20 23:38:32.679502 I | yugabyte-k8s-operator: updating master ui service
2022-03-20 23:38:32.685805 I | yugabyte-k8s-operator: updating master statefulset
2022-03-20 23:38:32.702077 I | yugabyte-k8s-operator: updating tserver statefulset
2022-03-20 23:38:32.708466 I | yugabyte-k8s-operator: updating Status condition ScalingDownTServers: False
2022-03-20 23:38:32.719380 I | yugabyte-k8s-operator: running command 'yb-admin get_universe_config' in YB-Master pod: yb-master-0, command: ["bash" "-c" "/home/yugabyte/bin/yb-admin --master_addresses yb-master-0.yb-masters.default.svc.cluster.local:7100,yb-master-1.yb-masters.default.svc.cluster.local:7100,yb-master-2.yb-masters.default.svc.cluster.local:7100 get_universe_config"]
{"level":"error","ts":1647819512.7373548,"logger":"controller-runtime.controller","msg":"Reconciler error","controller":"ybcluster-controller","request":"default/example-ybcluster","error":"unable to upgrade connection: container not found (\"yb-master\")","stacktrace":"github.com/go-logr/zapr.(*zapLogger).Error\n\t/go/pkg/mod/github.com/go-logr/zapr@v0.1.1/zapr.go:128\nsigs.k8s.io/controller-runtime/pkg/internal/controller.(*Controller).reconcileHandler\n\t/src/sieve-dependency/src/sigs.k8s.io/controller-runtime@v0.5.2/pkg/internal/controller/controller.go:261\nsigs.k8s.io/controller-runtime/pkg/internal/controller.(*Controller).processNextWorkItem\n\t/src/sieve-dependency/src/sigs.k8s.io/controller-runtime@v0.5.2/pkg/internal/controller/controller.go:233\nsigs.k8s.io/controller-runtime/pkg/internal/controller.(*Controller).worker\n\t/src/sieve-dependency/src/sigs.k8s.io/controller-runtime@v0.5.2/pkg/internal/controller/controller.go:212\nk8s.io/apimachinery/pkg/util/wait.JitterUntil.func1\n\t/go/pkg/mod/k8s.io/apimachinery@v0.17.4/pkg/util/wait/wait.go:152\nk8s.io/apimachinery/pkg/util/wait.JitterUntil\n\t/go/pkg/mod/k8s.io/apimachinery@v0.17.4/pkg/util/wait/wait.go:153\nk8s.io/apimachinery/pkg/util/wait.Until\n\t/go/pkg/mod/k8s.io/apimachinery@v0.17.4/pkg/util/wait/wait.go:88"}
2022-03-20 23:38:33.738368 I | yugabyte-k8s-operator: Reconciling YBCluster
2022-03-20 23:38:33.739917 I | yugabyte-k8s-operator: updating master secret
2022-03-20 23:38:34.332268 I | yugabyte-k8s-operator: updating tserver secret
2022-03-20 23:38:35.128922 I | yugabyte-k8s-operator: updating master headless service
2022-03-20 23:38:35.135398 I | yugabyte-k8s-operator: updating tserver headless service
2022-03-20 23:38:35.139784 I | yugabyte-k8s-operator: updating master ui service
2022-03-20 23:38:35.144082 I | yugabyte-k8s-operator: updating master statefulset
2022-03-20 23:38:35.157813 I | yugabyte-k8s-operator: updating tserver statefulset
2022-03-20 23:38:35.166288 I | yugabyte-k8s-operator: updating Status condition ScalingDownTServers: False
2022-03-20 23:38:35.175512 I | yugabyte-k8s-operator: running command 'yb-admin get_universe_config' in YB-Master pod: yb-master-0, command: ["bash" "-c" "/home/yugabyte/bin/yb-admin --master_addresses yb-master-0.yb-masters.default.svc.cluster.local:7100,yb-master-1.yb-masters.default.svc.cluster.local:7100,yb-master-2.yb-masters.default.svc.cluster.local:7100 get_universe_config"]
{"level":"error","ts":1647819515.1943946,"logger":"controller-runtime.controller","msg":"Reconciler error","controller":"ybcluster-controller","request":"default/example-ybcluster","error":"unable to upgrade connection: container not found (\"yb-master\")","stacktrace":"github.com/go-logr/zapr.(*zapLogger).Error\n\t/go/pkg/mod/github.com/go-logr/zapr@v0.1.1/zapr.go:128\nsigs.k8s.io/controller-runtime/pkg/internal/controller.(*Controller).reconcileHandler\n\t/src/sieve-dependency/src/sigs.k8s.io/controller-runtime@v0.5.2/pkg/internal/controller/controller.go:261\nsigs.k8s.io/controller-runtime/pkg/internal/controller.(*Controller).processNextWorkItem\n\t/src/sieve-dependency/src/sigs.k8s.io/controller-runtime@v0.5.2/pkg/internal/controller/controller.go:233\nsigs.k8s.io/controller-runtime/pkg/internal/controller.(*Controller).worker\n\t/src/sieve-dependency/src/sigs.k8s.io/controller-runtime@v0.5.2/pkg/internal/controller/controller.go:212\nk8s.io/apimachinery/pkg/util/wait.JitterUntil.func1\n\t/go/pkg/mod/k8s.io/apimachinery@v0.17.4/pkg/util/wait/wait.go:152\nk8s.io/apimachinery/pkg/util/wait.JitterUntil\n\t/go/pkg/mod/k8s.io/apimachinery@v0.17.4/pkg/util/wait/wait.go:153\nk8s.io/apimachinery/pkg/util/wait.Until\n\t/go/pkg/mod/k8s.io/apimachinery@v0.17.4/pkg/util/wait/wait.go:88"}
2022-03-20 23:38:39.209096 I | yugabyte-k8s-operator: Reconciling YBCluster
2022-03-20 23:38:39.211714 I | yugabyte-k8s-operator: updating master secret
2022-03-20 23:38:39.823426 I | yugabyte-k8s-operator: updating tserver secret
2022-03-20 23:38:40.504659 I | yugabyte-k8s-operator: updating master headless service
2022-03-20 23:38:40.509514 I | yugabyte-k8s-operator: updating tserver headless service
2022-03-20 23:38:40.514893 I | yugabyte-k8s-operator: updating master ui service
2022-03-20 23:38:40.519527 I | yugabyte-k8s-operator: updating master statefulset
2022-03-20 23:38:40.532590 I | yugabyte-k8s-operator: updating tserver statefulset
2022-03-20 23:38:40.539544 I | yugabyte-k8s-operator: updating Status condition ScalingDownTServers: False
2022-03-20 23:38:40.551765 I | yugabyte-k8s-operator: running command 'yb-admin get_universe_config' in YB-Master pod: yb-master-0, command: ["bash" "-c" "/home/yugabyte/bin/yb-admin --master_addresses yb-master-0.yb-masters.default.svc.cluster.local:7100,yb-master-1.yb-masters.default.svc.cluster.local:7100,yb-master-2.yb-masters.default.svc.cluster.local:7100 get_universe_config"]
{"level":"error","ts":1647819523.5066652,"logger":"controller-runtime.controller","msg":"Reconciler error","controller":"ybcluster-controller","request":"default/example-ybcluster","error":"command terminated with exit code 137","stacktrace":"github.com/go-logr/zapr.(*zapLogger).Error\n\t/go/pkg/mod/github.com/go-logr/zapr@v0.1.1/zapr.go:128\nsigs.k8s.io/controller-runtime/pkg/internal/controller.(*Controller).reconcileHandler\n\t/src/sieve-dependency/src/sigs.k8s.io/controller-runtime@v0.5.2/pkg/internal/controller/controller.go:261\nsigs.k8s.io/controller-runtime/pkg/internal/controller.(*Controller).processNextWorkItem\n\t/src/sieve-dependency/src/sigs.k8s.io/controller-runtime@v0.5.2/pkg/internal/controller/controller.go:233\nsigs.k8s.io/controller-runtime/pkg/internal/controller.(*Controller).worker\n\t/src/sieve-dependency/src/sigs.k8s.io/controller-runtime@v0.5.2/pkg/internal/controller/controller.go:212\nk8s.io/apimachinery/pkg/util/wait.JitterUntil.func1\n\t/go/pkg/mod/k8s.io/apimachinery@v0.17.4/pkg/util/wait/wait.go:152\nk8s.io/apimachinery/pkg/util/wait.JitterUntil\n\t/go/pkg/mod/k8s.io/apimachinery@v0.17.4/pkg/util/wait/wait.go:153\nk8s.io/apimachinery/pkg/util/wait.Until\n\t/go/pkg/mod/k8s.io/apimachinery@v0.17.4/pkg/util/wait/wait.go:88"}
2022-03-20 23:38:44.508697 I | yugabyte-k8s-operator: Reconciling YBCluster
2022-03-20 23:38:44.510368 I | yugabyte-k8s-operator: updating master secret
2022-03-20 23:38:45.258833 I | yugabyte-k8s-operator: updating tserver secret
2022-03-20 23:38:45.799806 I | yugabyte-k8s-operator: updating master headless service
2022-03-20 23:38:45.805338 I | yugabyte-k8s-operator: updating tserver headless service
2022-03-20 23:38:45.809699 I | yugabyte-k8s-operator: updating master ui service
2022-03-20 23:38:45.819024 I | yugabyte-k8s-operator: updating master statefulset
2022-03-20 23:38:45.852929 I | yugabyte-k8s-operator: updating tserver statefulset
2022-03-20 23:38:45.858319 I | yugabyte-k8s-operator: updating Status condition ScalingDownTServers: False
2022-03-20 23:38:45.866070 I | yugabyte-k8s-operator: running command 'yb-admin get_universe_config' in YB-Master pod: yb-master-0, command: ["bash" "-c" "/home/yugabyte/bin/yb-admin --master_addresses yb-master-0.yb-masters.default.svc.cluster.local:7100,yb-master-1.yb-masters.default.svc.cluster.local:7100,yb-master-2.yb-masters.default.svc.cluster.local:7100 get_universe_config"]
{"level":"error","ts":1647819525.8838162,"logger":"controller-runtime.controller","msg":"Reconciler error","controller":"ybcluster-controller","request":"default/example-ybcluster","error":"unable to upgrade connection: container not found (\"yb-master\")","stacktrace":"github.com/go-logr/zapr.(*zapLogger).Error\n\t/go/pkg/mod/github.com/go-logr/zapr@v0.1.1/zapr.go:128\nsigs.k8s.io/controller-runtime/pkg/internal/controller.(*Controller).reconcileHandler\n\t/src/sieve-dependency/src/sigs.k8s.io/controller-runtime@v0.5.2/pkg/internal/controller/controller.go:261\nsigs.k8s.io/controller-runtime/pkg/internal/controller.(*Controller).processNextWorkItem\n\t/src/sieve-dependency/src/sigs.k8s.io/controller-runtime@v0.5.2/pkg/internal/controller/controller.go:233\nsigs.k8s.io/controller-runtime/pkg/internal/controller.(*Controller).worker\n\t/src/sieve-dependency/src/sigs.k8s.io/controller-runtime@v0.5.2/pkg/internal/controller/controller.go:212\nk8s.io/apimachinery/pkg/util/wait.JitterUntil.func1\n\t/go/pkg/mod/k8s.io/apimachinery@v0.17.4/pkg/util/wait/wait.go:152\nk8s.io/apimachinery/pkg/util/wait.JitterUntil\n\t/go/pkg/mod/k8s.io/apimachinery@v0.17.4/pkg/util/wait/wait.go:153\nk8s.io/apimachinery/pkg/util/wait.Until\n\t/go/pkg/mod/k8s.io/apimachinery@v0.17.4/pkg/util/wait/wait.go:88"}
2022-03-20 23:38:46.885314 I | yugabyte-k8s-operator: Reconciling YBCluster
2022-03-20 23:38:46.886947 I | yugabyte-k8s-operator: updating master secret
2022-03-20 23:38:47.766398 I | yugabyte-k8s-operator: updating tserver secret
2022-03-20 23:38:48.166930 I | yugabyte-k8s-operator: updating master headless service
2022-03-20 23:38:48.171710 I | yugabyte-k8s-operator: updating tserver headless service
2022-03-20 23:38:48.176282 I | yugabyte-k8s-operator: updating master ui service
2022-03-20 23:38:48.181141 I | yugabyte-k8s-operator: updating master statefulset
2022-03-20 23:38:48.193750 I | yugabyte-k8s-operator: updating tserver statefulset
2022-03-20 23:38:48.200035 I | yugabyte-k8s-operator: updating Status condition ScalingDownTServers: False
2022-03-20 23:38:48.208102 I | yugabyte-k8s-operator: running command 'yb-admin get_universe_config' in YB-Master pod: yb-master-0, command: ["bash" "-c" "/home/yugabyte/bin/yb-admin --master_addresses yb-master-0.yb-masters.default.svc.cluster.local:7100,yb-master-1.yb-masters.default.svc.cluster.local:7100,yb-master-2.yb-masters.default.svc.cluster.local:7100 get_universe_config"]
{"level":"error","ts":1647819528.2250614,"logger":"controller-runtime.controller","msg":"Reconciler error","controller":"ybcluster-controller","request":"default/example-ybcluster","error":"unable to upgrade connection: container not found (\"yb-master\")","stacktrace":"github.com/go-logr/zapr.(*zapLogger).Error\n\t/go/pkg/mod/github.com/go-logr/zapr@v0.1.1/zapr.go:128\nsigs.k8s.io/controller-runtime/pkg/internal/controller.(*Controller).reconcileHandler\n\t/src/sieve-dependency/src/sigs.k8s.io/controller-runtime@v0.5.2/pkg/internal/controller/controller.go:261\nsigs.k8s.io/controller-runtime/pkg/internal/controller.(*Controller).processNextWorkItem\n\t/src/sieve-dependency/src/sigs.k8s.io/controller-runtime@v0.5.2/pkg/internal/controller/controller.go:233\nsigs.k8s.io/controller-runtime/pkg/internal/controller.(*Controller).worker\n\t/src/sieve-dependency/src/sigs.k8s.io/controller-runtime@v0.5.2/pkg/internal/controller/controller.go:212\nk8s.io/apimachinery/pkg/util/wait.JitterUntil.func1\n\t/go/pkg/mod/k8s.io/apimachinery@v0.17.4/pkg/util/wait/wait.go:152\nk8s.io/apimachinery/pkg/util/wait.JitterUntil\n\t/go/pkg/mod/k8s.io/apimachinery@v0.17.4/pkg/util/wait/wait.go:153\nk8s.io/apimachinery/pkg/util/wait.Until\n\t/go/pkg/mod/k8s.io/apimachinery@v0.17.4/pkg/util/wait/wait.go:88"}
2022-03-20 23:38:49.226043 I | yugabyte-k8s-operator: Reconciling YBCluster
2022-03-20 23:38:49.227666 I | yugabyte-k8s-operator: updating master secret
2022-03-20 23:38:49.916525 I | yugabyte-k8s-operator: updating tserver secret
2022-03-20 23:38:50.486912 I | yugabyte-k8s-operator: updating master headless service
2022-03-20 23:38:50.494316 I | yugabyte-k8s-operator: updating tserver headless service
2022-03-20 23:38:50.499992 I | yugabyte-k8s-operator: updating master ui service
2022-03-20 23:38:50.505771 I | yugabyte-k8s-operator: updating master statefulset
2022-03-20 23:38:50.525704 I | yugabyte-k8s-operator: updating tserver statefulset
2022-03-20 23:38:50.531603 I | yugabyte-k8s-operator: updating Status condition ScalingDownTServers: False
2022-03-20 23:38:50.543060 I | yugabyte-k8s-operator: running command 'yb-admin get_universe_config' in YB-Master pod: yb-master-0, command: ["bash" "-c" "/home/yugabyte/bin/yb-admin --master_addresses yb-master-0.yb-masters.default.svc.cluster.local:7100,yb-master-1.yb-masters.default.svc.cluster.local:7100,yb-master-2.yb-masters.default.svc.cluster.local:7100 get_universe_config"]
{"level":"error","ts":1647819530.5617847,"logger":"controller-runtime.controller","msg":"Reconciler error","controller":"ybcluster-controller","request":"default/example-ybcluster","error":"unable to upgrade connection: container not found (\"yb-master\")","stacktrace":"github.com/go-logr/zapr.(*zapLogger).Error\n\t/go/pkg/mod/github.com/go-logr/zapr@v0.1.1/zapr.go:128\nsigs.k8s.io/controller-runtime/pkg/internal/controller.(*Controller).reconcileHandler\n\t/src/sieve-dependency/src/sigs.k8s.io/controller-runtime@v0.5.2/pkg/internal/controller/controller.go:261\nsigs.k8s.io/controller-runtime/pkg/internal/controller.(*Controller).processNextWorkItem\n\t/src/sieve-dependency/src/sigs.k8s.io/controller-runtime@v0.5.2/pkg/internal/controller/controller.go:233\nsigs.k8s.io/controller-runtime/pkg/internal/controller.(*Controller).worker\n\t/src/sieve-dependency/src/sigs.k8s.io/controller-runtime@v0.5.2/pkg/internal/controller/controller.go:212\nk8s.io/apimachinery/pkg/util/wait.JitterUntil.func1\n\t/go/pkg/mod/k8s.io/apimachinery@v0.17.4/pkg/util/wait/wait.go:152\nk8s.io/apimachinery/pkg/util/wait.JitterUntil\n\t/go/pkg/mod/k8s.io/apimachinery@v0.17.4/pkg/util/wait/wait.go:153\nk8s.io/apimachinery/pkg/util/wait.Until\n\t/go/pkg/mod/k8s.io/apimachinery@v0.17.4/pkg/util/wait/wait.go:88"}
2022-03-20 23:38:57.215258 I | yugabyte-k8s-operator: Reconciling YBCluster
2022-03-20 23:38:57.217166 I | yugabyte-k8s-operator: updating master secret
2022-03-20 23:38:58.011655 I | yugabyte-k8s-operator: updating tserver secret
2022-03-20 23:38:58.328508 I | yugabyte-k8s-operator: updating master headless service
2022-03-20 23:38:58.333944 I | yugabyte-k8s-operator: updating tserver headless service
2022-03-20 23:38:58.338585 I | yugabyte-k8s-operator: updating master ui service
2022-03-20 23:38:58.343521 I | yugabyte-k8s-operator: updating master statefulset
2022-03-20 23:38:58.356653 I | yugabyte-k8s-operator: updating tserver statefulset
2022-03-20 23:38:58.362771 I | yugabyte-k8s-operator: updating Status condition ScalingDownTServers: False
2022-03-20 23:38:58.371866 I | yugabyte-k8s-operator: running command 'yb-admin get_universe_config' in YB-Master pod: yb-master-0, command: ["bash" "-c" "/home/yugabyte/bin/yb-admin --master_addresses yb-master-0.yb-masters.default.svc.cluster.local:7100,yb-master-1.yb-masters.default.svc.cluster.local:7100,yb-master-2.yb-masters.default.svc.cluster.local:7100 get_universe_config"]
{"level":"error","ts":1647819538.3924348,"logger":"controller-runtime.controller","msg":"Reconciler error","controller":"ybcluster-controller","request":"default/example-ybcluster","error":"unable to upgrade connection: container not found (\"yb-master\")","stacktrace":"github.com/go-logr/zapr.(*zapLogger).Error\n\t/go/pkg/mod/github.com/go-logr/zapr@v0.1.1/zapr.go:128\nsigs.k8s.io/controller-runtime/pkg/internal/controller.(*Controller).reconcileHandler\n\t/src/sieve-dependency/src/sigs.k8s.io/controller-runtime@v0.5.2/pkg/internal/controller/controller.go:261\nsigs.k8s.io/controller-runtime/pkg/internal/controller.(*Controller).processNextWorkItem\n\t/src/sieve-dependency/src/sigs.k8s.io/controller-runtime@v0.5.2/pkg/internal/controller/controller.go:233\nsigs.k8s.io/controller-runtime/pkg/internal/controller.(*Controller).worker\n\t/src/sieve-dependency/src/sigs.k8s.io/controller-runtime@v0.5.2/pkg/internal/controller/controller.go:212\nk8s.io/apimachinery/pkg/util/wait.JitterUntil.func1\n\t/go/pkg/mod/k8s.io/apimachinery@v0.17.4/pkg/util/wait/wait.go:152\nk8s.io/apimachinery/pkg/util/wait.JitterUntil\n\t/go/pkg/mod/k8s.io/apimachinery@v0.17.4/pkg/util/wait/wait.go:153\nk8s.io/apimachinery/pkg/util/wait.Until\n\t/go/pkg/mod/k8s.io/apimachinery@v0.17.4/pkg/util/wait/wait.go:88"}
2022-03-20 23:38:59.393569 I | yugabyte-k8s-operator: Reconciling YBCluster
2022-03-20 23:38:59.395260 I | yugabyte-k8s-operator: updating master secret
2022-03-20 23:38:59.939440 I | yugabyte-k8s-operator: updating tserver secret
2022-03-20 23:39:00.580543 I | yugabyte-k8s-operator: updating master headless service
2022-03-20 23:39:00.586415 I | yugabyte-k8s-operator: updating tserver headless service
2022-03-20 23:39:00.592315 I | yugabyte-k8s-operator: updating master ui service
2022-03-20 23:39:00.597759 I | yugabyte-k8s-operator: updating master statefulset
2022-03-20 23:39:00.613076 I | yugabyte-k8s-operator: updating tserver statefulset
2022-03-20 23:39:00.622041 I | yugabyte-k8s-operator: updating Status condition ScalingDownTServers: False
2022-03-20 23:39:00.630698 I | yugabyte-k8s-operator: running command 'yb-admin get_universe_config' in YB-Master pod: yb-master-0, command: ["bash" "-c" "/home/yugabyte/bin/yb-admin --master_addresses yb-master-0.yb-masters.default.svc.cluster.local:7100,yb-master-1.yb-masters.default.svc.cluster.local:7100,yb-master-2.yb-masters.default.svc.cluster.local:7100 get_universe_config"]
{"level":"error","ts":1647819540.6516004,"logger":"controller-runtime.controller","msg":"Reconciler error","controller":"ybcluster-controller","request":"default/example-ybcluster","error":"unable to upgrade connection: container not found (\"yb-master\")","stacktrace":"github.com/go-logr/zapr.(*zapLogger).Error\n\t/go/pkg/mod/github.com/go-logr/zapr@v0.1.1/zapr.go:128\nsigs.k8s.io/controller-runtime/pkg/internal/controller.(*Controller).reconcileHandler\n\t/src/sieve-dependency/src/sigs.k8s.io/controller-runtime@v0.5.2/pkg/internal/controller/controller.go:261\nsigs.k8s.io/controller-runtime/pkg/internal/controller.(*Controller).processNextWorkItem\n\t/src/sieve-dependency/src/sigs.k8s.io/controller-runtime@v0.5.2/pkg/internal/controller/controller.go:233\nsigs.k8s.io/controller-runtime/pkg/internal/controller.(*Controller).worker\n\t/src/sieve-dependency/src/sigs.k8s.io/controller-runtime@v0.5.2/pkg/internal/controller/controller.go:212\nk8s.io/apimachinery/pkg/util/wait.JitterUntil.func1\n\t/go/pkg/mod/k8s.io/apimachinery@v0.17.4/pkg/util/wait/wait.go:152\nk8s.io/apimachinery/pkg/util/wait.JitterUntil\n\t/go/pkg/mod/k8s.io/apimachinery@v0.17.4/pkg/util/wait/wait.go:153\nk8s.io/apimachinery/pkg/util/wait.Until\n\t/go/pkg/mod/k8s.io/apimachinery@v0.17.4/pkg/util/wait/wait.go:88"}
2022-03-20 23:39:11.217903 I | yugabyte-k8s-operator: Reconciling YBCluster
2022-03-20 23:39:11.219439 I | yugabyte-k8s-operator: updating master secret
2022-03-20 23:39:11.570962 I | yugabyte-k8s-operator: updating tserver secret
