time="2022-03-19T16:50:48Z" level=info msg="Go Version: go1.15.11"
time="2022-03-19T16:50:48Z" level=info msg="Go OS/Arch: linux/amd64"
time="2022-03-19T16:50:48Z" level=info msg="operator-sdk Version: v0.18.0"
time="2022-03-19T16:50:48Z" level=info msg="casskop Version: 1.1.3"
time="2022-03-19T16:50:48Z" level=info msg="casskop Compilation Date: "
time="2022-03-19T16:50:48Z" level=info msg="casskop LogLevel: info"
time="2022-03-19T16:50:48Z" level=info msg="casskop ResyncPeriod: 10"
2022/03/19 16:50:48 config from env:
map[crdList:[cassandracluster cassandrarestore cassandrabackup] rateLimiterEnabled:false rateLimiterInterval:3]
time="2022-03-19T16:50:48Z" level=info msg="Writing ready file."
time="2022-03-19T16:50:49Z" level=info msg="Registering Components."
time="2022-03-19T16:50:49Z" level=info msg="Starting the Cmd."
time="2022-03-19T16:50:50Z" level=info msg="Will delete PVCs when nodes are removed" cluster=cassandra-cluster
time="2022-03-19T16:50:50Z" level=info msg="Initialization: Update CassandraCluster" cluster=cassandra-cluster
time="2022-03-19T16:50:50Z" level=info msg="failed to get cassandra's statefulset (cassandra-cluster-dc1-rack1) StatefulSet.apps \"cassandra-cluster-dc1-rack1\" not found" cluster=cassandra-cluster dc-rack=dc1-rack1
time="2022-03-19T16:50:50Z" level=error msg="CheckPodsState Error: there is no pod" cluster=cassandra-cluster
time="2022-03-19T16:50:50Z" level=info msg="Initializing StatefulSet: Replicas count is not okay" ReadyReplicas=0 RequestedReplicas=1 cluster=cassandra-cluster rack=dc1-rack1
time="2022-03-19T16:50:50Z" level=info msg="Waiting Rack to be running before continuing, we break ReconcileRack after updated statefulset" cluster=cassandra-cluster dc-rack=dc1-rack1
time="2022-03-19T16:50:50Z" level=error msg="CheckPodsState Error: there is no pod" cluster=cassandra-cluster
time="2022-03-19T16:50:50Z" level=info msg="Initializing StatefulSet: Replicas count is not okay" ReadyReplicas=0 RequestedReplicas=1 cluster=cassandra-cluster rack=dc1-rack1
time="2022-03-19T16:50:50Z" level=info msg="Waiting Rack to be running before continuing, we break ReconcileRack after updated statefulset" cluster=cassandra-cluster dc-rack=dc1-rack1
time="2022-03-19T16:50:55Z" level=error msg="CheckPodsState Error: there is no pod" cluster=cassandra-cluster
time="2022-03-19T16:50:55Z" level=info msg="Initializing StatefulSet: Replicas count is not okay" ReadyReplicas=0 RequestedReplicas=1 cluster=cassandra-cluster rack=dc1-rack1
time="2022-03-19T16:50:55Z" level=info msg="Waiting Rack to be running before continuing, we break ReconcileRack after updated statefulset" cluster=cassandra-cluster dc-rack=dc1-rack1
time="2022-03-19T16:51:00Z" level=error msg="CheckPodsState Error: there is no pod" cluster=cassandra-cluster
time="2022-03-19T16:51:00Z" level=info msg="Initializing StatefulSet: Replicas count is not okay" ReadyReplicas=0 RequestedReplicas=1 cluster=cassandra-cluster rack=dc1-rack1
time="2022-03-19T16:51:00Z" level=info msg="Waiting Rack to be running before continuing, we break ReconcileRack after updated statefulset" cluster=cassandra-cluster dc-rack=dc1-rack1
time="2022-03-19T16:51:05Z" level=error msg="CheckPodsState Error: there is no pod" cluster=cassandra-cluster
time="2022-03-19T16:51:05Z" level=info msg="Initializing StatefulSet: Replicas count is not okay" ReadyReplicas=0 RequestedReplicas=1 cluster=cassandra-cluster rack=dc1-rack1
time="2022-03-19T16:51:05Z" level=info msg="Waiting Rack to be running before continuing, we break ReconcileRack after updated statefulset" cluster=cassandra-cluster dc-rack=dc1-rack1
time="2022-03-19T16:51:10Z" level=error msg="CheckPodsState Error: there is no pod" cluster=cassandra-cluster
time="2022-03-19T16:51:10Z" level=info msg="Initializing StatefulSet: Replicas count is not okay" ReadyReplicas=0 RequestedReplicas=1 cluster=cassandra-cluster rack=dc1-rack1
time="2022-03-19T16:51:10Z" level=info msg="Waiting Rack to be running before continuing, we break ReconcileRack after updated statefulset" cluster=cassandra-cluster dc-rack=dc1-rack1
time="2022-03-19T16:51:16Z" level=error msg="CheckPodsState Error: there is no pod" cluster=cassandra-cluster
time="2022-03-19T16:51:16Z" level=info msg="Initializing StatefulSet: Replicas count is not okay" ReadyReplicas=0 RequestedReplicas=1 cluster=cassandra-cluster rack=dc1-rack1
time="2022-03-19T16:51:16Z" level=info msg="Waiting Rack to be running before continuing, we break ReconcileRack after updated statefulset" cluster=cassandra-cluster dc-rack=dc1-rack1
time="2022-03-19T16:51:21Z" level=error msg="CheckPodsState Error: there is no pod" cluster=cassandra-cluster
time="2022-03-19T16:51:21Z" level=info msg="Initializing StatefulSet: Replicas count is not okay" ReadyReplicas=0 RequestedReplicas=1 cluster=cassandra-cluster rack=dc1-rack1
time="2022-03-19T16:51:21Z" level=info msg="Waiting Rack to be running before continuing, we break ReconcileRack after updated statefulset" cluster=cassandra-cluster dc-rack=dc1-rack1
time="2022-03-19T16:51:26Z" level=error msg="CheckPodsState Error: there is no pod" cluster=cassandra-cluster
time="2022-03-19T16:51:26Z" level=info msg="Initializing StatefulSet: Replicas count is not okay" ReadyReplicas=0 RequestedReplicas=1 cluster=cassandra-cluster rack=dc1-rack1
time="2022-03-19T16:51:26Z" level=info msg="Waiting Rack to be running before continuing, we break ReconcileRack after updated statefulset" cluster=cassandra-cluster dc-rack=dc1-rack1
time="2022-03-19T16:51:31Z" level=error msg="CheckPodsState Error: there is no pod" cluster=cassandra-cluster
time="2022-03-19T16:51:31Z" level=info msg="Initializing StatefulSet: Replicas count is not okay" ReadyReplicas=0 RequestedReplicas=1 cluster=cassandra-cluster rack=dc1-rack1
time="2022-03-19T16:51:31Z" level=info msg="Waiting Rack to be running before continuing, we break ReconcileRack after updated statefulset" cluster=cassandra-cluster dc-rack=dc1-rack1
time="2022-03-19T16:51:36Z" level=error msg="CheckPodsState Error: there is no pod" cluster=cassandra-cluster
time="2022-03-19T16:51:36Z" level=info msg="Initializing StatefulSet: Replicas count is not okay" ReadyReplicas=0 RequestedReplicas=1 cluster=cassandra-cluster rack=dc1-rack1
time="2022-03-19T16:51:36Z" level=info msg="Waiting Rack to be running before continuing, we break ReconcileRack after updated statefulset" cluster=cassandra-cluster dc-rack=dc1-rack1
time="2022-03-19T16:51:41Z" level=error msg="CheckPodsState Error: there is no pod" cluster=cassandra-cluster
time="2022-03-19T16:51:41Z" level=info msg="Initializing StatefulSet: Replicas count is not okay" ReadyReplicas=0 RequestedReplicas=1 cluster=cassandra-cluster rack=dc1-rack1
time="2022-03-19T16:51:41Z" level=info msg="Waiting Rack to be running before continuing, we break ReconcileRack after updated statefulset" cluster=cassandra-cluster dc-rack=dc1-rack1
time="2022-03-19T16:51:46Z" level=error msg="CheckPodsState Error: there is no pod" cluster=cassandra-cluster
time="2022-03-19T16:51:46Z" level=info msg="Initializing StatefulSet: Replicas count is not okay" ReadyReplicas=0 RequestedReplicas=1 cluster=cassandra-cluster rack=dc1-rack1
time="2022-03-19T16:51:46Z" level=info msg="Waiting Rack to be running before continuing, we break ReconcileRack after updated statefulset" cluster=cassandra-cluster dc-rack=dc1-rack1
time="2022-03-19T16:51:50Z" level=error msg="CheckPodsState Error: there is no pod" cluster=cassandra-cluster
time="2022-03-19T16:51:50Z" level=info msg="Initializing StatefulSet: Replicas count is not okay" ReadyReplicas=0 RequestedReplicas=1 cluster=cassandra-cluster rack=dc1-rack1
time="2022-03-19T16:51:50Z" level=info msg="Waiting Rack to be running before continuing, we break ReconcileRack after updated statefulset" cluster=cassandra-cluster dc-rack=dc1-rack1
time="2022-03-19T16:51:50Z" level=error msg="CheckPodsState Error: there is no pod" cluster=cassandra-cluster
time="2022-03-19T16:51:50Z" level=info msg="Initializing StatefulSet: Replicas count is not okay" ReadyReplicas=0 RequestedReplicas=1 cluster=cassandra-cluster rack=dc1-rack1
time="2022-03-19T16:51:50Z" level=info msg="Waiting Rack to be running before continuing, we break ReconcileRack after updated statefulset" cluster=cassandra-cluster dc-rack=dc1-rack1
time="2022-03-19T16:51:50Z" level=error msg="CheckPodsState Error: there is no pod" cluster=cassandra-cluster
time="2022-03-19T16:51:50Z" level=info msg="Initializing StatefulSet: Replicas count is not okay" ReadyReplicas=0 RequestedReplicas=1 cluster=cassandra-cluster rack=dc1-rack1
time="2022-03-19T16:51:50Z" level=info msg="Waiting Rack to be running before continuing, we break ReconcileRack after updated statefulset" cluster=cassandra-cluster dc-rack=dc1-rack1
time="2022-03-19T16:51:51Z" level=error msg="CheckPodsState Error: there is no pod" cluster=cassandra-cluster
time="2022-03-19T16:51:51Z" level=info msg="Initializing StatefulSet: Replicas count is not okay" ReadyReplicas=0 RequestedReplicas=1 cluster=cassandra-cluster rack=dc1-rack1
time="2022-03-19T16:51:51Z" level=info msg="Waiting Rack to be running before continuing, we break ReconcileRack after updated statefulset" cluster=cassandra-cluster dc-rack=dc1-rack1
time="2022-03-19T16:51:56Z" level=error msg="CheckPodsState Error: there is no pod" cluster=cassandra-cluster
time="2022-03-19T16:51:56Z" level=info msg="Initializing StatefulSet: Replicas count is not okay" ReadyReplicas=0 RequestedReplicas=1 cluster=cassandra-cluster rack=dc1-rack1
time="2022-03-19T16:51:56Z" level=info msg="Waiting Rack to be running before continuing, we break ReconcileRack after updated statefulset" cluster=cassandra-cluster dc-rack=dc1-rack1
time="2022-03-19T16:52:01Z" level=error msg="CheckPodsState Error: there is no pod" cluster=cassandra-cluster
time="2022-03-19T16:52:01Z" level=info msg="Initializing StatefulSet: Replicas count is not okay" ReadyReplicas=0 RequestedReplicas=1 cluster=cassandra-cluster rack=dc1-rack1
time="2022-03-19T16:52:01Z" level=info msg="Waiting Rack to be running before continuing, we break ReconcileRack after updated statefulset" cluster=cassandra-cluster dc-rack=dc1-rack1
time="2022-03-19T16:52:06Z" level=error msg="CheckPodsState Error: there is no pod" cluster=cassandra-cluster
time="2022-03-19T16:52:06Z" level=info msg="Initializing StatefulSet: Replicas count is not okay" ReadyReplicas=0 RequestedReplicas=1 cluster=cassandra-cluster rack=dc1-rack1
time="2022-03-19T16:52:06Z" level=info msg="Waiting Rack to be running before continuing, we break ReconcileRack after updated statefulset" cluster=cassandra-cluster dc-rack=dc1-rack1
time="2022-03-19T16:52:11Z" level=info msg="We will request : cassandra-cluster-dc1-rack1-0.cassandra-cluster to catch hostIdMap" cluster=cassandra-cluster err="<nil>"
time="2022-03-19T16:52:11Z" level=info msg="StatefulSet: Replicas count is okay" ReadyReplicas=1 RequestedReplicas=1 cluster=cassandra-cluster rack=dc1-rack1
time="2022-03-19T16:52:11Z" level=info msg="Action Initializing is done!" cluster=cassandra-cluster
time="2022-03-19T16:52:11Z" level=info msg="We will request : cassandra-cluster-dc1-rack1-0.cassandra-cluster to catch hostIdMap" cluster=cassandra-cluster err="<nil>"
time="2022-03-19T16:52:11Z" level=info msg="We will request : cassandra-cluster-dc1-rack1-0.cassandra-cluster to catch hostIdMap" cluster=cassandra-cluster err="<nil>"
time="2022-03-19T16:52:16Z" level=info msg="We will request : cassandra-cluster-dc1-rack1-0.cassandra-cluster to catch hostIdMap" cluster=cassandra-cluster err="<nil>"
time="2022-03-19T16:52:21Z" level=info msg="We will request : cassandra-cluster-dc1-rack1-0.cassandra-cluster to catch hostIdMap" cluster=cassandra-cluster err="<nil>"
time="2022-03-19T16:52:26Z" level=info msg="We will request : cassandra-cluster-dc1-rack1-0.cassandra-cluster to catch hostIdMap" cluster=cassandra-cluster err="<nil>"
time="2022-03-19T16:52:31Z" level=info msg="We will request : cassandra-cluster-dc1-rack1-0.cassandra-cluster to catch hostIdMap" cluster=cassandra-cluster err="<nil>"
time="2022-03-19T16:52:36Z" level=info msg="We will request : cassandra-cluster-dc1-rack1-0.cassandra-cluster to catch hostIdMap" cluster=cassandra-cluster err="<nil>"
time="2022-03-19T16:52:41Z" level=info msg="We will request : cassandra-cluster-dc1-rack1-0.cassandra-cluster to catch hostIdMap" cluster=cassandra-cluster err="<nil>"
time="2022-03-19T16:52:46Z" level=info msg="We will request : cassandra-cluster-dc1-rack1-0.cassandra-cluster to catch hostIdMap" cluster=cassandra-cluster err="<nil>"
time="2022-03-19T16:52:51Z" level=info msg="We will request : cassandra-cluster-dc1-rack1-0.cassandra-cluster to catch hostIdMap" cluster=cassandra-cluster err="<nil>"
time="2022-03-19T16:52:56Z" level=info msg="We will request : cassandra-cluster-dc1-rack1-0.cassandra-cluster to catch hostIdMap" cluster=cassandra-cluster err="<nil>"
time="2022-03-19T16:53:01Z" level=info msg="We will request : cassandra-cluster-dc1-rack1-0.cassandra-cluster to catch hostIdMap" cluster=cassandra-cluster err="<nil>"
time="2022-03-19T16:53:06Z" level=info msg="We will request : cassandra-cluster-dc1-rack1-0.cassandra-cluster to catch hostIdMap" cluster=cassandra-cluster err="<nil>"
time="2022-03-19T16:53:11Z" level=info msg="We will request : cassandra-cluster-dc1-rack1-0.cassandra-cluster to catch hostIdMap" cluster=cassandra-cluster err="<nil>"
time="2022-03-19T16:53:17Z" level=info msg="We will request : cassandra-cluster-dc1-rack1-0.cassandra-cluster to catch hostIdMap" cluster=cassandra-cluster err="<nil>"
time="2022-03-19T16:53:22Z" level=info msg="We will request : cassandra-cluster-dc1-rack1-0.cassandra-cluster to catch hostIdMap" cluster=cassandra-cluster err="<nil>"
time="2022-03-19T16:53:27Z" level=info msg="We will request : cassandra-cluster-dc1-rack1-0.cassandra-cluster to catch hostIdMap" cluster=cassandra-cluster err="<nil>"
time="2022-03-19T16:53:32Z" level=info msg="We will request : cassandra-cluster-dc1-rack1-0.cassandra-cluster to catch hostIdMap" cluster=cassandra-cluster err="<nil>"
time="2022-03-19T16:53:37Z" level=info msg="We will request : cassandra-cluster-dc1-rack1-0.cassandra-cluster to catch hostIdMap" cluster=cassandra-cluster err="<nil>"
