{"level":"info","ts":1647819031.7403097,"logger":"cmd","msg":"Operator Version: 0.0.1"}
{"level":"info","ts":1647819031.7403471,"logger":"cmd","msg":"Go Version: go1.13.9"}
{"level":"info","ts":1647819031.7403567,"logger":"cmd","msg":"Go OS/Arch: linux/amd64"}
{"level":"info","ts":1647819031.740365,"logger":"cmd","msg":"Version of operator-sdk: v0.17.1"}
{"level":"info","ts":1647819031.7406142,"logger":"leader","msg":"Trying to become the leader."}
2022-03-20 23:30:32.051608 I | config from env:
map[crdList:[ybcluster] rateLimiterEnabled:false rateLimiterInterval:3]
{"level":"info","ts":1647819032.0596523,"logger":"leader","msg":"No pre-existing lock was found."}
{"level":"info","ts":1647819032.0637908,"logger":"leader","msg":"Became the leader."}
{"level":"info","ts":1647819032.3675606,"logger":"controller-runtime.metrics","msg":"metrics server is starting to listen","addr":"0.0.0.0:8383"}
{"level":"info","ts":1647819032.3678448,"logger":"cmd","msg":"Registering Components."}
{"level":"info","ts":1647819032.9951463,"logger":"metrics","msg":"Metrics Service object created","Service.Name":"yugabyte-operator-metrics","Service.Namespace":"default"}
{"level":"info","ts":1647819033.2983885,"logger":"cmd","msg":"Could not create ServiceMonitor object","error":"no ServiceMonitor registered with the API"}
{"level":"info","ts":1647819033.2984207,"logger":"cmd","msg":"Install prometheus-operator in your cluster to create ServiceMonitor objects","error":"no ServiceMonitor registered with the API"}
{"level":"info","ts":1647819033.2984247,"logger":"cmd","msg":"Starting the Cmd."}
{"level":"info","ts":1647819033.2987034,"logger":"controller-runtime.manager","msg":"starting metrics server","path":"/metrics"}
{"level":"info","ts":1647819033.2987761,"logger":"controller-runtime.controller","msg":"Starting EventSource","controller":"ybcluster-controller","source":"kind source: /, Kind="}
{"level":"info","ts":1647819033.3992283,"logger":"controller-runtime.controller","msg":"Starting EventSource","controller":"ybcluster-controller","source":"kind source: /, Kind="}
{"level":"info","ts":1647819033.4996204,"logger":"controller-runtime.controller","msg":"Starting EventSource","controller":"ybcluster-controller","source":"kind source: /, Kind="}
{"level":"info","ts":1647819033.6000934,"logger":"controller-runtime.controller","msg":"Starting Controller","controller":"ybcluster-controller"}
{"level":"info","ts":1647819033.600177,"logger":"controller-runtime.controller","msg":"Starting workers","controller":"ybcluster-controller","worker count":1}
2022-03-20 23:30:34.243315 I | yugabyte-k8s-operator: Reconciling YBCluster
2022-03-20 23:30:34.447508 I | yugabyte-k8s-operator: creating a new Headless Service yb-masters for YBMasters in namespace default
2022-03-20 23:30:34.453091 I | yugabyte-k8s-operator: creating a new Headless Service yb-tservers for YBTServers in namespace default
2022-03-20 23:30:34.467992 I | yugabyte-k8s-operator: creating a new UI Service yb-master-ui for YBMasters in namespace default
2022-03-20 23:30:34.484986 I | yugabyte-k8s-operator: creating a new Statefulset yb-master for YBMasters in namespace default
2022-03-20 23:30:34.506102 I | yugabyte-k8s-operator: creating a new Statefulset yb-tserver for YBTServers in namespace default
2022-03-20 23:30:34.522914 I | yugabyte-k8s-operator: running command 'yb-admin get_universe_config' in YB-Master pod: yb-master-0, command: ["bash" "-c" "/home/yugabyte/bin/yb-admin --master_addresses yb-master-0.yb-masters.default.svc.cluster.local:7100,yb-master-1.yb-masters.default.svc.cluster.local:7100,yb-master-2.yb-masters.default.svc.cluster.local:7100 get_universe_config"]
{"level":"error","ts":1647819034.5536704,"logger":"controller-runtime.controller","msg":"Reconciler error","controller":"ybcluster-controller","request":"default/example-ybcluster","error":"pod yb-master-0 does not have a host assigned","stacktrace":"github.com/go-logr/zapr.(*zapLogger).Error\n\t/go/pkg/mod/github.com/go-logr/zapr@v0.1.1/zapr.go:128\nsigs.k8s.io/controller-runtime/pkg/internal/controller.(*Controller).reconcileHandler\n\t/src/sieve-dependency/src/sigs.k8s.io/controller-runtime@v0.5.2/pkg/internal/controller/controller.go:261\nsigs.k8s.io/controller-runtime/pkg/internal/controller.(*Controller).processNextWorkItem\n\t/src/sieve-dependency/src/sigs.k8s.io/controller-runtime@v0.5.2/pkg/internal/controller/controller.go:233\nsigs.k8s.io/controller-runtime/pkg/internal/controller.(*Controller).worker\n\t/src/sieve-dependency/src/sigs.k8s.io/controller-runtime@v0.5.2/pkg/internal/controller/controller.go:212\nk8s.io/apimachinery/pkg/util/wait.JitterUntil.func1\n\t/go/pkg/mod/k8s.io/apimachinery@v0.17.4/pkg/util/wait/wait.go:152\nk8s.io/apimachinery/pkg/util/wait.JitterUntil\n\t/go/pkg/mod/k8s.io/apimachinery@v0.17.4/pkg/util/wait/wait.go:153\nk8s.io/apimachinery/pkg/util/wait.Until\n\t/go/pkg/mod/k8s.io/apimachinery@v0.17.4/pkg/util/wait/wait.go:88"}
2022-03-20 23:30:35.555037 I | yugabyte-k8s-operator: Reconciling YBCluster
2022-03-20 23:30:35.556740 I | yugabyte-k8s-operator: updating master headless service
2022-03-20 23:30:35.562638 I | yugabyte-k8s-operator: updating tserver headless service
2022-03-20 23:30:35.568039 I | yugabyte-k8s-operator: updating master ui service
2022-03-20 23:30:35.574038 I | yugabyte-k8s-operator: updating master statefulset
2022-03-20 23:30:35.587404 I | yugabyte-k8s-operator: updating tserver statefulset
2022-03-20 23:30:35.592860 I | yugabyte-k8s-operator: updating Status condition ScalingDownTServers: False
2022-03-20 23:30:35.608060 I | yugabyte-k8s-operator: running command 'yb-admin get_universe_config' in YB-Master pod: yb-master-0, command: ["bash" "-c" "/home/yugabyte/bin/yb-admin --master_addresses yb-master-0.yb-masters.default.svc.cluster.local:7100,yb-master-1.yb-masters.default.svc.cluster.local:7100,yb-master-2.yb-masters.default.svc.cluster.local:7100 get_universe_config"]
{"level":"error","ts":1647819035.6216183,"logger":"controller-runtime.controller","msg":"Reconciler error","controller":"ybcluster-controller","request":"default/example-ybcluster","error":"pod yb-master-0 does not have a host assigned","stacktrace":"github.com/go-logr/zapr.(*zapLogger).Error\n\t/go/pkg/mod/github.com/go-logr/zapr@v0.1.1/zapr.go:128\nsigs.k8s.io/controller-runtime/pkg/internal/controller.(*Controller).reconcileHandler\n\t/src/sieve-dependency/src/sigs.k8s.io/controller-runtime@v0.5.2/pkg/internal/controller/controller.go:261\nsigs.k8s.io/controller-runtime/pkg/internal/controller.(*Controller).processNextWorkItem\n\t/src/sieve-dependency/src/sigs.k8s.io/controller-runtime@v0.5.2/pkg/internal/controller/controller.go:233\nsigs.k8s.io/controller-runtime/pkg/internal/controller.(*Controller).worker\n\t/src/sieve-dependency/src/sigs.k8s.io/controller-runtime@v0.5.2/pkg/internal/controller/controller.go:212\nk8s.io/apimachinery/pkg/util/wait.JitterUntil.func1\n\t/go/pkg/mod/k8s.io/apimachinery@v0.17.4/pkg/util/wait/wait.go:152\nk8s.io/apimachinery/pkg/util/wait.JitterUntil\n\t/go/pkg/mod/k8s.io/apimachinery@v0.17.4/pkg/util/wait/wait.go:153\nk8s.io/apimachinery/pkg/util/wait.Until\n\t/go/pkg/mod/k8s.io/apimachinery@v0.17.4/pkg/util/wait/wait.go:88"}
2022-03-20 23:30:36.626872 I | yugabyte-k8s-operator: Reconciling YBCluster
2022-03-20 23:30:36.628602 I | yugabyte-k8s-operator: updating master headless service
2022-03-20 23:30:36.634669 I | yugabyte-k8s-operator: updating tserver headless service
2022-03-20 23:30:36.640450 I | yugabyte-k8s-operator: updating master ui service
2022-03-20 23:30:36.646308 I | yugabyte-k8s-operator: updating master statefulset
2022-03-20 23:30:36.665274 I | yugabyte-k8s-operator: updating tserver statefulset
2022-03-20 23:30:36.670735 I | yugabyte-k8s-operator: updating Status condition ScalingDownTServers: False
2022-03-20 23:30:36.677550 I | yugabyte-k8s-operator: running command 'yb-admin get_universe_config' in YB-Master pod: yb-master-0, command: ["bash" "-c" "/home/yugabyte/bin/yb-admin --master_addresses yb-master-0.yb-masters.default.svc.cluster.local:7100,yb-master-1.yb-masters.default.svc.cluster.local:7100,yb-master-2.yb-masters.default.svc.cluster.local:7100 get_universe_config"]
{"level":"error","ts":1647819036.6899636,"logger":"controller-runtime.controller","msg":"Reconciler error","controller":"ybcluster-controller","request":"default/example-ybcluster","error":"pod yb-master-0 does not have a host assigned","stacktrace":"github.com/go-logr/zapr.(*zapLogger).Error\n\t/go/pkg/mod/github.com/go-logr/zapr@v0.1.1/zapr.go:128\nsigs.k8s.io/controller-runtime/pkg/internal/controller.(*Controller).reconcileHandler\n\t/src/sieve-dependency/src/sigs.k8s.io/controller-runtime@v0.5.2/pkg/internal/controller/controller.go:261\nsigs.k8s.io/controller-runtime/pkg/internal/controller.(*Controller).processNextWorkItem\n\t/src/sieve-dependency/src/sigs.k8s.io/controller-runtime@v0.5.2/pkg/internal/controller/controller.go:233\nsigs.k8s.io/controller-runtime/pkg/internal/controller.(*Controller).worker\n\t/src/sieve-dependency/src/sigs.k8s.io/controller-runtime@v0.5.2/pkg/internal/controller/controller.go:212\nk8s.io/apimachinery/pkg/util/wait.JitterUntil.func1\n\t/go/pkg/mod/k8s.io/apimachinery@v0.17.4/pkg/util/wait/wait.go:152\nk8s.io/apimachinery/pkg/util/wait.JitterUntil\n\t/go/pkg/mod/k8s.io/apimachinery@v0.17.4/pkg/util/wait/wait.go:153\nk8s.io/apimachinery/pkg/util/wait.Until\n\t/go/pkg/mod/k8s.io/apimachinery@v0.17.4/pkg/util/wait/wait.go:88"}
2022-03-20 23:30:37.690852 I | yugabyte-k8s-operator: Reconciling YBCluster
2022-03-20 23:30:37.692287 I | yugabyte-k8s-operator: updating master headless service
2022-03-20 23:30:37.697300 I | yugabyte-k8s-operator: updating tserver headless service
2022-03-20 23:30:37.701519 I | yugabyte-k8s-operator: updating master ui service
2022-03-20 23:30:37.705659 I | yugabyte-k8s-operator: updating master statefulset
2022-03-20 23:30:37.715470 I | yugabyte-k8s-operator: updating tserver statefulset
2022-03-20 23:30:37.719837 I | yugabyte-k8s-operator: updating Status condition ScalingDownTServers: False
2022-03-20 23:30:37.726083 I | yugabyte-k8s-operator: running command 'yb-admin get_universe_config' in YB-Master pod: yb-master-0, command: ["bash" "-c" "/home/yugabyte/bin/yb-admin --master_addresses yb-master-0.yb-masters.default.svc.cluster.local:7100,yb-master-1.yb-masters.default.svc.cluster.local:7100,yb-master-2.yb-masters.default.svc.cluster.local:7100 get_universe_config"]
{"level":"error","ts":1647819037.7351954,"logger":"controller-runtime.controller","msg":"Reconciler error","controller":"ybcluster-controller","request":"default/example-ybcluster","error":"pod yb-master-0 does not have a host assigned","stacktrace":"github.com/go-logr/zapr.(*zapLogger).Error\n\t/go/pkg/mod/github.com/go-logr/zapr@v0.1.1/zapr.go:128\nsigs.k8s.io/controller-runtime/pkg/internal/controller.(*Controller).reconcileHandler\n\t/src/sieve-dependency/src/sigs.k8s.io/controller-runtime@v0.5.2/pkg/internal/controller/controller.go:261\nsigs.k8s.io/controller-runtime/pkg/internal/controller.(*Controller).processNextWorkItem\n\t/src/sieve-dependency/src/sigs.k8s.io/controller-runtime@v0.5.2/pkg/internal/controller/controller.go:233\nsigs.k8s.io/controller-runtime/pkg/internal/controller.(*Controller).worker\n\t/src/sieve-dependency/src/sigs.k8s.io/controller-runtime@v0.5.2/pkg/internal/controller/controller.go:212\nk8s.io/apimachinery/pkg/util/wait.JitterUntil.func1\n\t/go/pkg/mod/k8s.io/apimachinery@v0.17.4/pkg/util/wait/wait.go:152\nk8s.io/apimachinery/pkg/util/wait.JitterUntil\n\t/go/pkg/mod/k8s.io/apimachinery@v0.17.4/pkg/util/wait/wait.go:153\nk8s.io/apimachinery/pkg/util/wait.Until\n\t/go/pkg/mod/k8s.io/apimachinery@v0.17.4/pkg/util/wait/wait.go:88"}
2022-03-20 23:30:38.736255 I | yugabyte-k8s-operator: Reconciling YBCluster
2022-03-20 23:30:38.737841 I | yugabyte-k8s-operator: updating master headless service
2022-03-20 23:30:38.743569 I | yugabyte-k8s-operator: updating tserver headless service
2022-03-20 23:30:38.747928 I | yugabyte-k8s-operator: updating master ui service
2022-03-20 23:30:38.754754 I | yugabyte-k8s-operator: updating master statefulset
2022-03-20 23:30:38.770967 I | yugabyte-k8s-operator: updating tserver statefulset
2022-03-20 23:30:38.777148 I | yugabyte-k8s-operator: updating Status condition ScalingDownTServers: False
2022-03-20 23:30:38.788950 I | yugabyte-k8s-operator: running command 'yb-admin get_universe_config' in YB-Master pod: yb-master-0, command: ["bash" "-c" "/home/yugabyte/bin/yb-admin --master_addresses yb-master-0.yb-masters.default.svc.cluster.local:7100,yb-master-1.yb-masters.default.svc.cluster.local:7100,yb-master-2.yb-masters.default.svc.cluster.local:7100 get_universe_config"]
{"level":"error","ts":1647819038.8083801,"logger":"controller-runtime.controller","msg":"Reconciler error","controller":"ybcluster-controller","request":"default/example-ybcluster","error":"unable to upgrade connection: container not found (\"yb-master\")","stacktrace":"github.com/go-logr/zapr.(*zapLogger).Error\n\t/go/pkg/mod/github.com/go-logr/zapr@v0.1.1/zapr.go:128\nsigs.k8s.io/controller-runtime/pkg/internal/controller.(*Controller).reconcileHandler\n\t/src/sieve-dependency/src/sigs.k8s.io/controller-runtime@v0.5.2/pkg/internal/controller/controller.go:261\nsigs.k8s.io/controller-runtime/pkg/internal/controller.(*Controller).processNextWorkItem\n\t/src/sieve-dependency/src/sigs.k8s.io/controller-runtime@v0.5.2/pkg/internal/controller/controller.go:233\nsigs.k8s.io/controller-runtime/pkg/internal/controller.(*Controller).worker\n\t/src/sieve-dependency/src/sigs.k8s.io/controller-runtime@v0.5.2/pkg/internal/controller/controller.go:212\nk8s.io/apimachinery/pkg/util/wait.JitterUntil.func1\n\t/go/pkg/mod/k8s.io/apimachinery@v0.17.4/pkg/util/wait/wait.go:152\nk8s.io/apimachinery/pkg/util/wait.JitterUntil\n\t/go/pkg/mod/k8s.io/apimachinery@v0.17.4/pkg/util/wait/wait.go:153\nk8s.io/apimachinery/pkg/util/wait.Until\n\t/go/pkg/mod/k8s.io/apimachinery@v0.17.4/pkg/util/wait/wait.go:88"}
2022-03-20 23:30:39.809521 I | yugabyte-k8s-operator: Reconciling YBCluster
2022-03-20 23:30:39.811347 I | yugabyte-k8s-operator: updating master headless service
2022-03-20 23:30:39.817024 I | yugabyte-k8s-operator: updating tserver headless service
2022-03-20 23:30:39.821675 I | yugabyte-k8s-operator: updating master ui service
2022-03-20 23:30:39.826652 I | yugabyte-k8s-operator: updating master statefulset
2022-03-20 23:30:39.845104 I | yugabyte-k8s-operator: updating tserver statefulset
2022-03-20 23:30:39.852359 I | yugabyte-k8s-operator: updating Status condition ScalingDownTServers: False
2022-03-20 23:30:39.860306 I | yugabyte-k8s-operator: running command 'yb-admin get_universe_config' in YB-Master pod: yb-master-0, command: ["bash" "-c" "/home/yugabyte/bin/yb-admin --master_addresses yb-master-0.yb-masters.default.svc.cluster.local:7100,yb-master-1.yb-masters.default.svc.cluster.local:7100,yb-master-2.yb-masters.default.svc.cluster.local:7100 get_universe_config"]
{"level":"error","ts":1647819039.885107,"logger":"controller-runtime.controller","msg":"Reconciler error","controller":"ybcluster-controller","request":"default/example-ybcluster","error":"unable to upgrade connection: container not found (\"yb-master\")","stacktrace":"github.com/go-logr/zapr.(*zapLogger).Error\n\t/go/pkg/mod/github.com/go-logr/zapr@v0.1.1/zapr.go:128\nsigs.k8s.io/controller-runtime/pkg/internal/controller.(*Controller).reconcileHandler\n\t/src/sieve-dependency/src/sigs.k8s.io/controller-runtime@v0.5.2/pkg/internal/controller/controller.go:261\nsigs.k8s.io/controller-runtime/pkg/internal/controller.(*Controller).processNextWorkItem\n\t/src/sieve-dependency/src/sigs.k8s.io/controller-runtime@v0.5.2/pkg/internal/controller/controller.go:233\nsigs.k8s.io/controller-runtime/pkg/internal/controller.(*Controller).worker\n\t/src/sieve-dependency/src/sigs.k8s.io/controller-runtime@v0.5.2/pkg/internal/controller/controller.go:212\nk8s.io/apimachinery/pkg/util/wait.JitterUntil.func1\n\t/go/pkg/mod/k8s.io/apimachinery@v0.17.4/pkg/util/wait/wait.go:152\nk8s.io/apimachinery/pkg/util/wait.JitterUntil\n\t/go/pkg/mod/k8s.io/apimachinery@v0.17.4/pkg/util/wait/wait.go:153\nk8s.io/apimachinery/pkg/util/wait.Until\n\t/go/pkg/mod/k8s.io/apimachinery@v0.17.4/pkg/util/wait/wait.go:88"}
2022-03-20 23:30:40.885963 I | yugabyte-k8s-operator: Reconciling YBCluster
2022-03-20 23:30:40.887381 I | yugabyte-k8s-operator: updating master headless service
2022-03-20 23:30:40.891768 I | yugabyte-k8s-operator: updating tserver headless service
2022-03-20 23:30:40.895924 I | yugabyte-k8s-operator: updating master ui service
2022-03-20 23:30:40.900296 I | yugabyte-k8s-operator: updating master statefulset
2022-03-20 23:30:40.910716 I | yugabyte-k8s-operator: updating tserver statefulset
2022-03-20 23:30:40.928567 I | yugabyte-k8s-operator: updating Status condition ScalingDownTServers: False
2022-03-20 23:30:40.937275 I | yugabyte-k8s-operator: running command 'yb-admin get_universe_config' in YB-Master pod: yb-master-0, command: ["bash" "-c" "/home/yugabyte/bin/yb-admin --master_addresses yb-master-0.yb-masters.default.svc.cluster.local:7100,yb-master-1.yb-masters.default.svc.cluster.local:7100,yb-master-2.yb-masters.default.svc.cluster.local:7100 get_universe_config"]
{"level":"error","ts":1647819040.9554949,"logger":"controller-runtime.controller","msg":"Reconciler error","controller":"ybcluster-controller","request":"default/example-ybcluster","error":"unable to upgrade connection: container not found (\"yb-master\")","stacktrace":"github.com/go-logr/zapr.(*zapLogger).Error\n\t/go/pkg/mod/github.com/go-logr/zapr@v0.1.1/zapr.go:128\nsigs.k8s.io/controller-runtime/pkg/internal/controller.(*Controller).reconcileHandler\n\t/src/sieve-dependency/src/sigs.k8s.io/controller-runtime@v0.5.2/pkg/internal/controller/controller.go:261\nsigs.k8s.io/controller-runtime/pkg/internal/controller.(*Controller).processNextWorkItem\n\t/src/sieve-dependency/src/sigs.k8s.io/controller-runtime@v0.5.2/pkg/internal/controller/controller.go:233\nsigs.k8s.io/controller-runtime/pkg/internal/controller.(*Controller).worker\n\t/src/sieve-dependency/src/sigs.k8s.io/controller-runtime@v0.5.2/pkg/internal/controller/controller.go:212\nk8s.io/apimachinery/pkg/util/wait.JitterUntil.func1\n\t/go/pkg/mod/k8s.io/apimachinery@v0.17.4/pkg/util/wait/wait.go:152\nk8s.io/apimachinery/pkg/util/wait.JitterUntil\n\t/go/pkg/mod/k8s.io/apimachinery@v0.17.4/pkg/util/wait/wait.go:153\nk8s.io/apimachinery/pkg/util/wait.Until\n\t/go/pkg/mod/k8s.io/apimachinery@v0.17.4/pkg/util/wait/wait.go:88"}
2022-03-20 23:30:41.956460 I | yugabyte-k8s-operator: Reconciling YBCluster
2022-03-20 23:30:41.958267 I | yugabyte-k8s-operator: updating master headless service
2022-03-20 23:30:41.963807 I | yugabyte-k8s-operator: updating tserver headless service
2022-03-20 23:30:41.968476 I | yugabyte-k8s-operator: updating master ui service
2022-03-20 23:30:41.986902 I | yugabyte-k8s-operator: updating master statefulset
2022-03-20 23:30:42.001092 I | yugabyte-k8s-operator: updating tserver statefulset
2022-03-20 23:30:42.010355 I | yugabyte-k8s-operator: updating Status condition ScalingDownTServers: False
2022-03-20 23:30:42.018749 I | yugabyte-k8s-operator: running command 'yb-admin get_universe_config' in YB-Master pod: yb-master-0, command: ["bash" "-c" "/home/yugabyte/bin/yb-admin --master_addresses yb-master-0.yb-masters.default.svc.cluster.local:7100,yb-master-1.yb-masters.default.svc.cluster.local:7100,yb-master-2.yb-masters.default.svc.cluster.local:7100 get_universe_config"]
{"level":"error","ts":1647819042.03635,"logger":"controller-runtime.controller","msg":"Reconciler error","controller":"ybcluster-controller","request":"default/example-ybcluster","error":"unable to upgrade connection: container not found (\"yb-master\")","stacktrace":"github.com/go-logr/zapr.(*zapLogger).Error\n\t/go/pkg/mod/github.com/go-logr/zapr@v0.1.1/zapr.go:128\nsigs.k8s.io/controller-runtime/pkg/internal/controller.(*Controller).reconcileHandler\n\t/src/sieve-dependency/src/sigs.k8s.io/controller-runtime@v0.5.2/pkg/internal/controller/controller.go:261\nsigs.k8s.io/controller-runtime/pkg/internal/controller.(*Controller).processNextWorkItem\n\t/src/sieve-dependency/src/sigs.k8s.io/controller-runtime@v0.5.2/pkg/internal/controller/controller.go:233\nsigs.k8s.io/controller-runtime/pkg/internal/controller.(*Controller).worker\n\t/src/sieve-dependency/src/sigs.k8s.io/controller-runtime@v0.5.2/pkg/internal/controller/controller.go:212\nk8s.io/apimachinery/pkg/util/wait.JitterUntil.func1\n\t/go/pkg/mod/k8s.io/apimachinery@v0.17.4/pkg/util/wait/wait.go:152\nk8s.io/apimachinery/pkg/util/wait.JitterUntil\n\t/go/pkg/mod/k8s.io/apimachinery@v0.17.4/pkg/util/wait/wait.go:153\nk8s.io/apimachinery/pkg/util/wait.Until\n\t/go/pkg/mod/k8s.io/apimachinery@v0.17.4/pkg/util/wait/wait.go:88"}
2022-03-20 23:30:43.037550 I | yugabyte-k8s-operator: Reconciling YBCluster
2022-03-20 23:30:43.039195 I | yugabyte-k8s-operator: updating master headless service
2022-03-20 23:30:43.044262 I | yugabyte-k8s-operator: updating tserver headless service
2022-03-20 23:30:43.088641 I | yugabyte-k8s-operator: updating master ui service
2022-03-20 23:30:43.093124 I | yugabyte-k8s-operator: updating master statefulset
2022-03-20 23:30:43.104030 I | yugabyte-k8s-operator: updating tserver statefulset
2022-03-20 23:30:43.111909 I | yugabyte-k8s-operator: updating Status condition ScalingDownTServers: False
2022-03-20 23:30:43.119819 I | yugabyte-k8s-operator: running command 'yb-admin get_universe_config' in YB-Master pod: yb-master-0, command: ["bash" "-c" "/home/yugabyte/bin/yb-admin --master_addresses yb-master-0.yb-masters.default.svc.cluster.local:7100,yb-master-1.yb-masters.default.svc.cluster.local:7100,yb-master-2.yb-masters.default.svc.cluster.local:7100 get_universe_config"]
{"level":"error","ts":1647819043.1370318,"logger":"controller-runtime.controller","msg":"Reconciler error","controller":"ybcluster-controller","request":"default/example-ybcluster","error":"unable to upgrade connection: container not found (\"yb-master\")","stacktrace":"github.com/go-logr/zapr.(*zapLogger).Error\n\t/go/pkg/mod/github.com/go-logr/zapr@v0.1.1/zapr.go:128\nsigs.k8s.io/controller-runtime/pkg/internal/controller.(*Controller).reconcileHandler\n\t/src/sieve-dependency/src/sigs.k8s.io/controller-runtime@v0.5.2/pkg/internal/controller/controller.go:261\nsigs.k8s.io/controller-runtime/pkg/internal/controller.(*Controller).processNextWorkItem\n\t/src/sieve-dependency/src/sigs.k8s.io/controller-runtime@v0.5.2/pkg/internal/controller/controller.go:233\nsigs.k8s.io/controller-runtime/pkg/internal/controller.(*Controller).worker\n\t/src/sieve-dependency/src/sigs.k8s.io/controller-runtime@v0.5.2/pkg/internal/controller/controller.go:212\nk8s.io/apimachinery/pkg/util/wait.JitterUntil.func1\n\t/go/pkg/mod/k8s.io/apimachinery@v0.17.4/pkg/util/wait/wait.go:152\nk8s.io/apimachinery/pkg/util/wait.JitterUntil\n\t/go/pkg/mod/k8s.io/apimachinery@v0.17.4/pkg/util/wait/wait.go:153\nk8s.io/apimachinery/pkg/util/wait.Until\n\t/go/pkg/mod/k8s.io/apimachinery@v0.17.4/pkg/util/wait/wait.go:88"}
2022-03-20 23:30:44.417595 I | yugabyte-k8s-operator: Reconciling YBCluster
2022-03-20 23:30:44.419452 I | yugabyte-k8s-operator: updating master headless service
2022-03-20 23:30:44.425054 I | yugabyte-k8s-operator: updating tserver headless service
2022-03-20 23:30:44.429976 I | yugabyte-k8s-operator: updating master ui service
2022-03-20 23:30:44.434923 I | yugabyte-k8s-operator: updating master statefulset
2022-03-20 23:30:44.447385 I | yugabyte-k8s-operator: updating tserver statefulset
2022-03-20 23:30:44.452150 I | yugabyte-k8s-operator: updating Status condition ScalingDownTServers: False
2022-03-20 23:30:44.458775 I | yugabyte-k8s-operator: running command 'yb-admin get_universe_config' in YB-Master pod: yb-master-0, command: ["bash" "-c" "/home/yugabyte/bin/yb-admin --master_addresses yb-master-0.yb-masters.default.svc.cluster.local:7100,yb-master-1.yb-masters.default.svc.cluster.local:7100,yb-master-2.yb-masters.default.svc.cluster.local:7100 get_universe_config"]
{"level":"error","ts":1647819044.477101,"logger":"controller-runtime.controller","msg":"Reconciler error","controller":"ybcluster-controller","request":"default/example-ybcluster","error":"unable to upgrade connection: container not found (\"yb-master\")","stacktrace":"github.com/go-logr/zapr.(*zapLogger).Error\n\t/go/pkg/mod/github.com/go-logr/zapr@v0.1.1/zapr.go:128\nsigs.k8s.io/controller-runtime/pkg/internal/controller.(*Controller).reconcileHandler\n\t/src/sieve-dependency/src/sigs.k8s.io/controller-runtime@v0.5.2/pkg/internal/controller/controller.go:261\nsigs.k8s.io/controller-runtime/pkg/internal/controller.(*Controller).processNextWorkItem\n\t/src/sieve-dependency/src/sigs.k8s.io/controller-runtime@v0.5.2/pkg/internal/controller/controller.go:233\nsigs.k8s.io/controller-runtime/pkg/internal/controller.(*Controller).worker\n\t/src/sieve-dependency/src/sigs.k8s.io/controller-runtime@v0.5.2/pkg/internal/controller/controller.go:212\nk8s.io/apimachinery/pkg/util/wait.JitterUntil.func1\n\t/go/pkg/mod/k8s.io/apimachinery@v0.17.4/pkg/util/wait/wait.go:152\nk8s.io/apimachinery/pkg/util/wait.JitterUntil\n\t/go/pkg/mod/k8s.io/apimachinery@v0.17.4/pkg/util/wait/wait.go:153\nk8s.io/apimachinery/pkg/util/wait.Until\n\t/go/pkg/mod/k8s.io/apimachinery@v0.17.4/pkg/util/wait/wait.go:88"}
2022-03-20 23:30:45.478094 I | yugabyte-k8s-operator: Reconciling YBCluster
2022-03-20 23:30:45.481922 I | yugabyte-k8s-operator: updating master headless service
2022-03-20 23:30:45.487324 I | yugabyte-k8s-operator: updating tserver headless service
2022-03-20 23:30:45.492333 I | yugabyte-k8s-operator: updating master ui service
2022-03-20 23:30:45.496779 I | yugabyte-k8s-operator: updating master statefulset
2022-03-20 23:30:45.508076 I | yugabyte-k8s-operator: updating tserver statefulset
2022-03-20 23:30:45.515094 I | yugabyte-k8s-operator: updating Status condition ScalingDownTServers: False
2022-03-20 23:30:45.521751 I | yugabyte-k8s-operator: running command 'yb-admin get_universe_config' in YB-Master pod: yb-master-0, command: ["bash" "-c" "/home/yugabyte/bin/yb-admin --master_addresses yb-master-0.yb-masters.default.svc.cluster.local:7100,yb-master-1.yb-masters.default.svc.cluster.local:7100,yb-master-2.yb-masters.default.svc.cluster.local:7100 get_universe_config"]
{"level":"error","ts":1647819045.5478768,"logger":"controller-runtime.controller","msg":"Reconciler error","controller":"ybcluster-controller","request":"default/example-ybcluster","error":"unable to upgrade connection: container not found (\"yb-master\")","stacktrace":"github.com/go-logr/zapr.(*zapLogger).Error\n\t/go/pkg/mod/github.com/go-logr/zapr@v0.1.1/zapr.go:128\nsigs.k8s.io/controller-runtime/pkg/internal/controller.(*Controller).reconcileHandler\n\t/src/sieve-dependency/src/sigs.k8s.io/controller-runtime@v0.5.2/pkg/internal/controller/controller.go:261\nsigs.k8s.io/controller-runtime/pkg/internal/controller.(*Controller).processNextWorkItem\n\t/src/sieve-dependency/src/sigs.k8s.io/controller-runtime@v0.5.2/pkg/internal/controller/controller.go:233\nsigs.k8s.io/controller-runtime/pkg/internal/controller.(*Controller).worker\n\t/src/sieve-dependency/src/sigs.k8s.io/controller-runtime@v0.5.2/pkg/internal/controller/controller.go:212\nk8s.io/apimachinery/pkg/util/wait.JitterUntil.func1\n\t/go/pkg/mod/k8s.io/apimachinery@v0.17.4/pkg/util/wait/wait.go:152\nk8s.io/apimachinery/pkg/util/wait.JitterUntil\n\t/go/pkg/mod/k8s.io/apimachinery@v0.17.4/pkg/util/wait/wait.go:153\nk8s.io/apimachinery/pkg/util/wait.Until\n\t/go/pkg/mod/k8s.io/apimachinery@v0.17.4/pkg/util/wait/wait.go:88"}
2022-03-20 23:30:46.548804 I | yugabyte-k8s-operator: Reconciling YBCluster
2022-03-20 23:30:46.550384 I | yugabyte-k8s-operator: updating master headless service
2022-03-20 23:30:46.555885 I | yugabyte-k8s-operator: updating tserver headless service
2022-03-20 23:30:46.560353 I | yugabyte-k8s-operator: updating master ui service
2022-03-20 23:30:46.565324 I | yugabyte-k8s-operator: updating master statefulset
2022-03-20 23:30:46.576397 I | yugabyte-k8s-operator: updating tserver statefulset
2022-03-20 23:30:46.582190 I | yugabyte-k8s-operator: updating Status condition ScalingDownTServers: False
2022-03-20 23:30:46.588562 I | yugabyte-k8s-operator: running command 'yb-admin get_universe_config' in YB-Master pod: yb-master-0, command: ["bash" "-c" "/home/yugabyte/bin/yb-admin --master_addresses yb-master-0.yb-masters.default.svc.cluster.local:7100,yb-master-1.yb-masters.default.svc.cluster.local:7100,yb-master-2.yb-masters.default.svc.cluster.local:7100 get_universe_config"]
{"level":"error","ts":1647819046.6084359,"logger":"controller-runtime.controller","msg":"Reconciler error","controller":"ybcluster-controller","request":"default/example-ybcluster","error":"unable to upgrade connection: container not found (\"yb-master\")","stacktrace":"github.com/go-logr/zapr.(*zapLogger).Error\n\t/go/pkg/mod/github.com/go-logr/zapr@v0.1.1/zapr.go:128\nsigs.k8s.io/controller-runtime/pkg/internal/controller.(*Controller).reconcileHandler\n\t/src/sieve-dependency/src/sigs.k8s.io/controller-runtime@v0.5.2/pkg/internal/controller/controller.go:261\nsigs.k8s.io/controller-runtime/pkg/internal/controller.(*Controller).processNextWorkItem\n\t/src/sieve-dependency/src/sigs.k8s.io/controller-runtime@v0.5.2/pkg/internal/controller/controller.go:233\nsigs.k8s.io/controller-runtime/pkg/internal/controller.(*Controller).worker\n\t/src/sieve-dependency/src/sigs.k8s.io/controller-runtime@v0.5.2/pkg/internal/controller/controller.go:212\nk8s.io/apimachinery/pkg/util/wait.JitterUntil.func1\n\t/go/pkg/mod/k8s.io/apimachinery@v0.17.4/pkg/util/wait/wait.go:152\nk8s.io/apimachinery/pkg/util/wait.JitterUntil\n\t/go/pkg/mod/k8s.io/apimachinery@v0.17.4/pkg/util/wait/wait.go:153\nk8s.io/apimachinery/pkg/util/wait.Until\n\t/go/pkg/mod/k8s.io/apimachinery@v0.17.4/pkg/util/wait/wait.go:88"}
2022-03-20 23:30:47.609373 I | yugabyte-k8s-operator: Reconciling YBCluster
2022-03-20 23:30:47.610996 I | yugabyte-k8s-operator: updating master headless service
2022-03-20 23:30:47.615254 I | yugabyte-k8s-operator: updating tserver headless service
2022-03-20 23:30:47.619685 I | yugabyte-k8s-operator: updating master ui service
2022-03-20 23:30:47.624437 I | yugabyte-k8s-operator: updating master statefulset
2022-03-20 23:30:47.638699 I | yugabyte-k8s-operator: updating tserver statefulset
2022-03-20 23:30:47.643142 I | yugabyte-k8s-operator: updating Status condition ScalingDownTServers: False
2022-03-20 23:30:47.683163 I | yugabyte-k8s-operator: running command 'yb-admin get_universe_config' in YB-Master pod: yb-master-0, command: ["bash" "-c" "/home/yugabyte/bin/yb-admin --master_addresses yb-master-0.yb-masters.default.svc.cluster.local:7100,yb-master-1.yb-masters.default.svc.cluster.local:7100,yb-master-2.yb-masters.default.svc.cluster.local:7100 get_universe_config"]
{"level":"error","ts":1647819047.7089014,"logger":"controller-runtime.controller","msg":"Reconciler error","controller":"ybcluster-controller","request":"default/example-ybcluster","error":"unable to upgrade connection: container not found (\"yb-master\")","stacktrace":"github.com/go-logr/zapr.(*zapLogger).Error\n\t/go/pkg/mod/github.com/go-logr/zapr@v0.1.1/zapr.go:128\nsigs.k8s.io/controller-runtime/pkg/internal/controller.(*Controller).reconcileHandler\n\t/src/sieve-dependency/src/sigs.k8s.io/controller-runtime@v0.5.2/pkg/internal/controller/controller.go:261\nsigs.k8s.io/controller-runtime/pkg/internal/controller.(*Controller).processNextWorkItem\n\t/src/sieve-dependency/src/sigs.k8s.io/controller-runtime@v0.5.2/pkg/internal/controller/controller.go:233\nsigs.k8s.io/controller-runtime/pkg/internal/controller.(*Controller).worker\n\t/src/sieve-dependency/src/sigs.k8s.io/controller-runtime@v0.5.2/pkg/internal/controller/controller.go:212\nk8s.io/apimachinery/pkg/util/wait.JitterUntil.func1\n\t/go/pkg/mod/k8s.io/apimachinery@v0.17.4/pkg/util/wait/wait.go:152\nk8s.io/apimachinery/pkg/util/wait.JitterUntil\n\t/go/pkg/mod/k8s.io/apimachinery@v0.17.4/pkg/util/wait/wait.go:153\nk8s.io/apimachinery/pkg/util/wait.Until\n\t/go/pkg/mod/k8s.io/apimachinery@v0.17.4/pkg/util/wait/wait.go:88"}
2022-03-20 23:31:08.190427 I | yugabyte-k8s-operator: Reconciling YBCluster
2022-03-20 23:31:08.192727 I | yugabyte-k8s-operator: updating master headless service
2022-03-20 23:31:08.204938 I | yugabyte-k8s-operator: updating tserver headless service
2022-03-20 23:31:08.210863 I | yugabyte-k8s-operator: updating master ui service
2022-03-20 23:31:08.217103 I | yugabyte-k8s-operator: updating master statefulset
2022-03-20 23:31:08.234210 I | yugabyte-k8s-operator: updating tserver statefulset
2022-03-20 23:31:08.250290 I | yugabyte-k8s-operator: updating Status condition ScalingDownTServers: False
2022-03-20 23:31:08.262614 I | yugabyte-k8s-operator: running command 'yb-admin get_universe_config' in YB-Master pod: yb-master-0, command: ["bash" "-c" "/home/yugabyte/bin/yb-admin --master_addresses yb-master-0.yb-masters.default.svc.cluster.local:7100,yb-master-1.yb-masters.default.svc.cluster.local:7100,yb-master-2.yb-masters.default.svc.cluster.local:7100 get_universe_config"]
{"level":"error","ts":1647819068.3248217,"logger":"controller-runtime.controller","msg":"Reconciler error","controller":"ybcluster-controller","request":"default/example-ybcluster","error":"unable to upgrade connection: container not found (\"yb-master\")","stacktrace":"github.com/go-logr/zapr.(*zapLogger).Error\n\t/go/pkg/mod/github.com/go-logr/zapr@v0.1.1/zapr.go:128\nsigs.k8s.io/controller-runtime/pkg/internal/controller.(*Controller).reconcileHandler\n\t/src/sieve-dependency/src/sigs.k8s.io/controller-runtime@v0.5.2/pkg/internal/controller/controller.go:261\nsigs.k8s.io/controller-runtime/pkg/internal/controller.(*Controller).processNextWorkItem\n\t/src/sieve-dependency/src/sigs.k8s.io/controller-runtime@v0.5.2/pkg/internal/controller/controller.go:233\nsigs.k8s.io/controller-runtime/pkg/internal/controller.(*Controller).worker\n\t/src/sieve-dependency/src/sigs.k8s.io/controller-runtime@v0.5.2/pkg/internal/controller/controller.go:212\nk8s.io/apimachinery/pkg/util/wait.JitterUntil.func1\n\t/go/pkg/mod/k8s.io/apimachinery@v0.17.4/pkg/util/wait/wait.go:152\nk8s.io/apimachinery/pkg/util/wait.JitterUntil\n\t/go/pkg/mod/k8s.io/apimachinery@v0.17.4/pkg/util/wait/wait.go:153\nk8s.io/apimachinery/pkg/util/wait.Until\n\t/go/pkg/mod/k8s.io/apimachinery@v0.17.4/pkg/util/wait/wait.go:88"}
2022-03-20 23:31:13.652766 I | yugabyte-k8s-operator: Reconciling YBCluster
2022-03-20 23:31:13.655298 I | yugabyte-k8s-operator: updating master headless service
2022-03-20 23:31:13.692714 I | yugabyte-k8s-operator: updating tserver headless service
2022-03-20 23:31:13.726617 I | yugabyte-k8s-operator: updating master ui service
2022-03-20 23:31:13.744354 I | yugabyte-k8s-operator: updating master statefulset
2022-03-20 23:31:13.765799 I | yugabyte-k8s-operator: updating tserver statefulset
2022-03-20 23:31:13.779257 I | yugabyte-k8s-operator: updating Status condition ScalingDownTServers: False
2022-03-20 23:31:13.793465 I | yugabyte-k8s-operator: running command 'yb-admin get_universe_config' in YB-Master pod: yb-master-0, command: ["bash" "-c" "/home/yugabyte/bin/yb-admin --master_addresses yb-master-0.yb-masters.default.svc.cluster.local:7100,yb-master-1.yb-masters.default.svc.cluster.local:7100,yb-master-2.yb-masters.default.svc.cluster.local:7100 get_universe_config"]
{"level":"error","ts":1647819134.0938878,"logger":"controller-runtime.controller","msg":"Reconciler error","controller":"ybcluster-controller","request":"default/example-ybcluster","error":"command terminated with exit code 1","stacktrace":"github.com/go-logr/zapr.(*zapLogger).Error\n\t/go/pkg/mod/github.com/go-logr/zapr@v0.1.1/zapr.go:128\nsigs.k8s.io/controller-runtime/pkg/internal/controller.(*Controller).reconcileHandler\n\t/src/sieve-dependency/src/sigs.k8s.io/controller-runtime@v0.5.2/pkg/internal/controller/controller.go:261\nsigs.k8s.io/controller-runtime/pkg/internal/controller.(*Controller).processNextWorkItem\n\t/src/sieve-dependency/src/sigs.k8s.io/controller-runtime@v0.5.2/pkg/internal/controller/controller.go:233\nsigs.k8s.io/controller-runtime/pkg/internal/controller.(*Controller).worker\n\t/src/sieve-dependency/src/sigs.k8s.io/controller-runtime@v0.5.2/pkg/internal/controller/controller.go:212\nk8s.io/apimachinery/pkg/util/wait.JitterUntil.func1\n\t/go/pkg/mod/k8s.io/apimachinery@v0.17.4/pkg/util/wait/wait.go:152\nk8s.io/apimachinery/pkg/util/wait.JitterUntil\n\t/go/pkg/mod/k8s.io/apimachinery@v0.17.4/pkg/util/wait/wait.go:153\nk8s.io/apimachinery/pkg/util/wait.Until\n\t/go/pkg/mod/k8s.io/apimachinery@v0.17.4/pkg/util/wait/wait.go:88"}
2022-03-20 23:32:15.094848 I | yugabyte-k8s-operator: Reconciling YBCluster
2022-03-20 23:32:15.096876 I | yugabyte-k8s-operator: updating master headless service
2022-03-20 23:32:15.105262 I | yugabyte-k8s-operator: updating tserver headless service
2022-03-20 23:32:15.110195 I | yugabyte-k8s-operator: updating master ui service
2022-03-20 23:32:15.115053 I | yugabyte-k8s-operator: updating master statefulset
2022-03-20 23:32:15.145133 I | yugabyte-k8s-operator: updating tserver statefulset
2022-03-20 23:32:15.162110 I | yugabyte-k8s-operator: updating Status condition ScalingDownTServers: False
2022-03-20 23:32:15.191617 I | yugabyte-k8s-operator: running command 'yb-admin get_universe_config' in YB-Master pod: yb-master-0, command: ["bash" "-c" "/home/yugabyte/bin/yb-admin --master_addresses yb-master-0.yb-masters.default.svc.cluster.local:7100,yb-master-1.yb-masters.default.svc.cluster.local:7100,yb-master-2.yb-masters.default.svc.cluster.local:7100 get_universe_config"]
{"level":"error","ts":1647819169.9605486,"logger":"controller-runtime.controller","msg":"Reconciler error","controller":"ybcluster-controller","request":"default/example-ybcluster","error":"command terminated with exit code 137","stacktrace":"github.com/go-logr/zapr.(*zapLogger).Error\n\t/go/pkg/mod/github.com/go-logr/zapr@v0.1.1/zapr.go:128\nsigs.k8s.io/controller-runtime/pkg/internal/controller.(*Controller).reconcileHandler\n\t/src/sieve-dependency/src/sigs.k8s.io/controller-runtime@v0.5.2/pkg/internal/controller/controller.go:261\nsigs.k8s.io/controller-runtime/pkg/internal/controller.(*Controller).processNextWorkItem\n\t/src/sieve-dependency/src/sigs.k8s.io/controller-runtime@v0.5.2/pkg/internal/controller/controller.go:233\nsigs.k8s.io/controller-runtime/pkg/internal/controller.(*Controller).worker\n\t/src/sieve-dependency/src/sigs.k8s.io/controller-runtime@v0.5.2/pkg/internal/controller/controller.go:212\nk8s.io/apimachinery/pkg/util/wait.JitterUntil.func1\n\t/go/pkg/mod/k8s.io/apimachinery@v0.17.4/pkg/util/wait/wait.go:152\nk8s.io/apimachinery/pkg/util/wait.JitterUntil\n\t/go/pkg/mod/k8s.io/apimachinery@v0.17.4/pkg/util/wait/wait.go:153\nk8s.io/apimachinery/pkg/util/wait.Until\n\t/go/pkg/mod/k8s.io/apimachinery@v0.17.4/pkg/util/wait/wait.go:88"}
2022-03-20 23:32:50.961850 I | yugabyte-k8s-operator: Reconciling YBCluster
2022-03-20 23:32:50.963286 I | yugabyte-k8s-operator: updating master headless service
2022-03-20 23:32:50.969980 I | yugabyte-k8s-operator: updating tserver headless service
2022-03-20 23:32:50.974598 I | yugabyte-k8s-operator: updating master ui service
2022-03-20 23:32:50.979557 I | yugabyte-k8s-operator: updating master statefulset
2022-03-20 23:32:50.986002 E | yugabyte-k8s-operator: TServer replica count cannot be less than the replication factor of the cluster: '3' < '4'.
2022-03-20 23:32:50.986860 I | yugabyte-k8s-operator: running command 'yb-admin get_universe_config' in YB-Master pod: yb-master-0, command: ["bash" "-c" "/home/yugabyte/bin/yb-admin --master_addresses yb-master-0.yb-masters.default.svc.cluster.local:7100,yb-master-1.yb-masters.default.svc.cluster.local:7100,yb-master-2.yb-masters.default.svc.cluster.local:7100 get_universe_config"]
{"level":"error","ts":1647819171.0061107,"logger":"controller-runtime.controller","msg":"Reconciler error","controller":"ybcluster-controller","request":"default/example-ybcluster","error":"unable to upgrade connection: container not found (\"yb-master\")","stacktrace":"github.com/go-logr/zapr.(*zapLogger).Error\n\t/go/pkg/mod/github.com/go-logr/zapr@v0.1.1/zapr.go:128\nsigs.k8s.io/controller-runtime/pkg/internal/controller.(*Controller).reconcileHandler\n\t/src/sieve-dependency/src/sigs.k8s.io/controller-runtime@v0.5.2/pkg/internal/controller/controller.go:261\nsigs.k8s.io/controller-runtime/pkg/internal/controller.(*Controller).processNextWorkItem\n\t/src/sieve-dependency/src/sigs.k8s.io/controller-runtime@v0.5.2/pkg/internal/controller/controller.go:233\nsigs.k8s.io/controller-runtime/pkg/internal/controller.(*Controller).worker\n\t/src/sieve-dependency/src/sigs.k8s.io/controller-runtime@v0.5.2/pkg/internal/controller/controller.go:212\nk8s.io/apimachinery/pkg/util/wait.JitterUntil.func1\n\t/go/pkg/mod/k8s.io/apimachinery@v0.17.4/pkg/util/wait/wait.go:152\nk8s.io/apimachinery/pkg/util/wait.JitterUntil\n\t/go/pkg/mod/k8s.io/apimachinery@v0.17.4/pkg/util/wait/wait.go:153\nk8s.io/apimachinery/pkg/util/wait.Until\n\t/go/pkg/mod/k8s.io/apimachinery@v0.17.4/pkg/util/wait/wait.go:88"}
2022-03-20 23:32:52.007300 I | yugabyte-k8s-operator: Reconciling YBCluster
2022-03-20 23:32:52.009144 I | yugabyte-k8s-operator: updating master headless service
2022-03-20 23:32:52.018023 I | yugabyte-k8s-operator: updating tserver headless service
2022-03-20 23:32:52.023256 I | yugabyte-k8s-operator: updating master ui service
2022-03-20 23:32:52.028473 I | yugabyte-k8s-operator: updating master statefulset
2022-03-20 23:32:52.034401 E | yugabyte-k8s-operator: TServer replica count cannot be less than the replication factor of the cluster: '3' < '4'.
2022-03-20 23:32:52.038627 I | yugabyte-k8s-operator: running command 'yb-admin get_universe_config' in YB-Master pod: yb-master-0, command: ["bash" "-c" "/home/yugabyte/bin/yb-admin --master_addresses yb-master-0.yb-masters.default.svc.cluster.local:7100,yb-master-1.yb-masters.default.svc.cluster.local:7100,yb-master-2.yb-masters.default.svc.cluster.local:7100 get_universe_config"]
{"level":"error","ts":1647819172.0618184,"logger":"controller-runtime.controller","msg":"Reconciler error","controller":"ybcluster-controller","request":"default/example-ybcluster","error":"unable to upgrade connection: container not found (\"yb-master\")","stacktrace":"github.com/go-logr/zapr.(*zapLogger).Error\n\t/go/pkg/mod/github.com/go-logr/zapr@v0.1.1/zapr.go:128\nsigs.k8s.io/controller-runtime/pkg/internal/controller.(*Controller).reconcileHandler\n\t/src/sieve-dependency/src/sigs.k8s.io/controller-runtime@v0.5.2/pkg/internal/controller/controller.go:261\nsigs.k8s.io/controller-runtime/pkg/internal/controller.(*Controller).processNextWorkItem\n\t/src/sieve-dependency/src/sigs.k8s.io/controller-runtime@v0.5.2/pkg/internal/controller/controller.go:233\nsigs.k8s.io/controller-runtime/pkg/internal/controller.(*Controller).worker\n\t/src/sieve-dependency/src/sigs.k8s.io/controller-runtime@v0.5.2/pkg/internal/controller/controller.go:212\nk8s.io/apimachinery/pkg/util/wait.JitterUntil.func1\n\t/go/pkg/mod/k8s.io/apimachinery@v0.17.4/pkg/util/wait/wait.go:152\nk8s.io/apimachinery/pkg/util/wait.JitterUntil\n\t/go/pkg/mod/k8s.io/apimachinery@v0.17.4/pkg/util/wait/wait.go:153\nk8s.io/apimachinery/pkg/util/wait.Until\n\t/go/pkg/mod/k8s.io/apimachinery@v0.17.4/pkg/util/wait/wait.go:88"}
2022-03-20 23:32:53.063175 I | yugabyte-k8s-operator: Reconciling YBCluster
2022-03-20 23:32:53.065831 I | yugabyte-k8s-operator: updating master headless service
2022-03-20 23:32:53.070256 I | yugabyte-k8s-operator: updating tserver headless service
2022-03-20 23:32:53.074352 I | yugabyte-k8s-operator: updating master ui service
2022-03-20 23:32:53.078502 I | yugabyte-k8s-operator: updating master statefulset
2022-03-20 23:32:53.082972 E | yugabyte-k8s-operator: TServer replica count cannot be less than the replication factor of the cluster: '3' < '4'.
2022-03-20 23:32:53.084014 I | yugabyte-k8s-operator: running command 'yb-admin get_universe_config' in YB-Master pod: yb-master-0, command: ["bash" "-c" "/home/yugabyte/bin/yb-admin --master_addresses yb-master-0.yb-masters.default.svc.cluster.local:7100,yb-master-1.yb-masters.default.svc.cluster.local:7100,yb-master-2.yb-masters.default.svc.cluster.local:7100 get_universe_config"]
{"level":"error","ts":1647819197.225623,"logger":"controller-runtime.controller","msg":"Reconciler error","controller":"ybcluster-controller","request":"default/example-ybcluster","error":"command terminated with exit code 137","stacktrace":"github.com/go-logr/zapr.(*zapLogger).Error\n\t/go/pkg/mod/github.com/go-logr/zapr@v0.1.1/zapr.go:128\nsigs.k8s.io/controller-runtime/pkg/internal/controller.(*Controller).reconcileHandler\n\t/src/sieve-dependency/src/sigs.k8s.io/controller-runtime@v0.5.2/pkg/internal/controller/controller.go:261\nsigs.k8s.io/controller-runtime/pkg/internal/controller.(*Controller).processNextWorkItem\n\t/src/sieve-dependency/src/sigs.k8s.io/controller-runtime@v0.5.2/pkg/internal/controller/controller.go:233\nsigs.k8s.io/controller-runtime/pkg/internal/controller.(*Controller).worker\n\t/src/sieve-dependency/src/sigs.k8s.io/controller-runtime@v0.5.2/pkg/internal/controller/controller.go:212\nk8s.io/apimachinery/pkg/util/wait.JitterUntil.func1\n\t/go/pkg/mod/k8s.io/apimachinery@v0.17.4/pkg/util/wait/wait.go:152\nk8s.io/apimachinery/pkg/util/wait.JitterUntil\n\t/go/pkg/mod/k8s.io/apimachinery@v0.17.4/pkg/util/wait/wait.go:153\nk8s.io/apimachinery/pkg/util/wait.Until\n\t/go/pkg/mod/k8s.io/apimachinery@v0.17.4/pkg/util/wait/wait.go:88"}
2022-03-20 23:33:18.227114 I | yugabyte-k8s-operator: Reconciling YBCluster
2022-03-20 23:33:18.229293 I | yugabyte-k8s-operator: updating master headless service
2022-03-20 23:33:18.242918 I | yugabyte-k8s-operator: updating tserver headless service
2022-03-20 23:33:18.255327 I | yugabyte-k8s-operator: updating master ui service
2022-03-20 23:33:18.261328 I | yugabyte-k8s-operator: updating master statefulset
2022-03-20 23:33:18.267548 E | yugabyte-k8s-operator: TServer replica count cannot be less than the replication factor of the cluster: '3' < '4'.
2022-03-20 23:33:18.268738 I | yugabyte-k8s-operator: running command 'yb-admin get_universe_config' in YB-Master pod: yb-master-0, command: ["bash" "-c" "/home/yugabyte/bin/yb-admin --master_addresses yb-master-0.yb-masters.default.svc.cluster.local:7100,yb-master-1.yb-masters.default.svc.cluster.local:7100,yb-master-2.yb-masters.default.svc.cluster.local:7100 get_universe_config"]
{"level":"error","ts":1647819198.6637003,"logger":"controller-runtime.controller","msg":"Reconciler error","controller":"ybcluster-controller","request":"default/example-ybcluster","error":"command terminated with exit code 137","stacktrace":"github.com/go-logr/zapr.(*zapLogger).Error\n\t/go/pkg/mod/github.com/go-logr/zapr@v0.1.1/zapr.go:128\nsigs.k8s.io/controller-runtime/pkg/internal/controller.(*Controller).reconcileHandler\n\t/src/sieve-dependency/src/sigs.k8s.io/controller-runtime@v0.5.2/pkg/internal/controller/controller.go:261\nsigs.k8s.io/controller-runtime/pkg/internal/controller.(*Controller).processNextWorkItem\n\t/src/sieve-dependency/src/sigs.k8s.io/controller-runtime@v0.5.2/pkg/internal/controller/controller.go:233\nsigs.k8s.io/controller-runtime/pkg/internal/controller.(*Controller).worker\n\t/src/sieve-dependency/src/sigs.k8s.io/controller-runtime@v0.5.2/pkg/internal/controller/controller.go:212\nk8s.io/apimachinery/pkg/util/wait.JitterUntil.func1\n\t/go/pkg/mod/k8s.io/apimachinery@v0.17.4/pkg/util/wait/wait.go:152\nk8s.io/apimachinery/pkg/util/wait.JitterUntil\n\t/go/pkg/mod/k8s.io/apimachinery@v0.17.4/pkg/util/wait/wait.go:153\nk8s.io/apimachinery/pkg/util/wait.Until\n\t/go/pkg/mod/k8s.io/apimachinery@v0.17.4/pkg/util/wait/wait.go:88"}
2022-03-20 23:33:19.664626 I | yugabyte-k8s-operator: Reconciling YBCluster
2022-03-20 23:33:19.666129 I | yugabyte-k8s-operator: updating master headless service
2022-03-20 23:33:19.671450 I | yugabyte-k8s-operator: updating tserver headless service
2022-03-20 23:33:19.675610 I | yugabyte-k8s-operator: updating master ui service
2022-03-20 23:33:19.679629 I | yugabyte-k8s-operator: updating master statefulset
2022-03-20 23:33:19.684404 E | yugabyte-k8s-operator: TServer replica count cannot be less than the replication factor of the cluster: '3' < '4'.
2022-03-20 23:33:19.685388 I | yugabyte-k8s-operator: running command 'yb-admin get_universe_config' in YB-Master pod: yb-master-0, command: ["bash" "-c" "/home/yugabyte/bin/yb-admin --master_addresses yb-master-0.yb-masters.default.svc.cluster.local:7100,yb-master-1.yb-masters.default.svc.cluster.local:7100,yb-master-2.yb-masters.default.svc.cluster.local:7100 get_universe_config"]
{"level":"error","ts":1647819199.7106118,"logger":"controller-runtime.controller","msg":"Reconciler error","controller":"ybcluster-controller","request":"default/example-ybcluster","error":"unable to upgrade connection: container not found (\"yb-master\")","stacktrace":"github.com/go-logr/zapr.(*zapLogger).Error\n\t/go/pkg/mod/github.com/go-logr/zapr@v0.1.1/zapr.go:128\nsigs.k8s.io/controller-runtime/pkg/internal/controller.(*Controller).reconcileHandler\n\t/src/sieve-dependency/src/sigs.k8s.io/controller-runtime@v0.5.2/pkg/internal/controller/controller.go:261\nsigs.k8s.io/controller-runtime/pkg/internal/controller.(*Controller).processNextWorkItem\n\t/src/sieve-dependency/src/sigs.k8s.io/controller-runtime@v0.5.2/pkg/internal/controller/controller.go:233\nsigs.k8s.io/controller-runtime/pkg/internal/controller.(*Controller).worker\n\t/src/sieve-dependency/src/sigs.k8s.io/controller-runtime@v0.5.2/pkg/internal/controller/controller.go:212\nk8s.io/apimachinery/pkg/util/wait.JitterUntil.func1\n\t/go/pkg/mod/k8s.io/apimachinery@v0.17.4/pkg/util/wait/wait.go:152\nk8s.io/apimachinery/pkg/util/wait.JitterUntil\n\t/go/pkg/mod/k8s.io/apimachinery@v0.17.4/pkg/util/wait/wait.go:153\nk8s.io/apimachinery/pkg/util/wait.Until\n\t/go/pkg/mod/k8s.io/apimachinery@v0.17.4/pkg/util/wait/wait.go:88"}
2022-03-20 23:33:31.469672 I | yugabyte-k8s-operator: Reconciling YBCluster
2022-03-20 23:33:31.473650 I | yugabyte-k8s-operator: updating master headless service
2022-03-20 23:33:31.481774 I | yugabyte-k8s-operator: updating tserver headless service
2022-03-20 23:33:31.486549 I | yugabyte-k8s-operator: updating master ui service
2022-03-20 23:33:31.494945 I | yugabyte-k8s-operator: updating master statefulset
2022-03-20 23:33:31.505112 E | yugabyte-k8s-operator: TServer replica count cannot be less than the replication factor of the cluster: '3' < '4'.
2022-03-20 23:33:31.506389 I | yugabyte-k8s-operator: running command 'yb-admin get_universe_config' in YB-Master pod: yb-master-0, command: ["bash" "-c" "/home/yugabyte/bin/yb-admin --master_addresses yb-master-0.yb-masters.default.svc.cluster.local:7100,yb-master-1.yb-masters.default.svc.cluster.local:7100,yb-master-2.yb-masters.default.svc.cluster.local:7100 get_universe_config"]
{"level":"error","ts":1647819211.5460997,"logger":"controller-runtime.controller","msg":"Reconciler error","controller":"ybcluster-controller","request":"default/example-ybcluster","error":"unable to upgrade connection: container not found (\"yb-master\")","stacktrace":"github.com/go-logr/zapr.(*zapLogger).Error\n\t/go/pkg/mod/github.com/go-logr/zapr@v0.1.1/zapr.go:128\nsigs.k8s.io/controller-runtime/pkg/internal/controller.(*Controller).reconcileHandler\n\t/src/sieve-dependency/src/sigs.k8s.io/controller-runtime@v0.5.2/pkg/internal/controller/controller.go:261\nsigs.k8s.io/controller-runtime/pkg/internal/controller.(*Controller).processNextWorkItem\n\t/src/sieve-dependency/src/sigs.k8s.io/controller-runtime@v0.5.2/pkg/internal/controller/controller.go:233\nsigs.k8s.io/controller-runtime/pkg/internal/controller.(*Controller).worker\n\t/src/sieve-dependency/src/sigs.k8s.io/controller-runtime@v0.5.2/pkg/internal/controller/controller.go:212\nk8s.io/apimachinery/pkg/util/wait.JitterUntil.func1\n\t/go/pkg/mod/k8s.io/apimachinery@v0.17.4/pkg/util/wait/wait.go:152\nk8s.io/apimachinery/pkg/util/wait.JitterUntil\n\t/go/pkg/mod/k8s.io/apimachinery@v0.17.4/pkg/util/wait/wait.go:153\nk8s.io/apimachinery/pkg/util/wait.Until\n\t/go/pkg/mod/k8s.io/apimachinery@v0.17.4/pkg/util/wait/wait.go:88"}
2022-03-20 23:33:32.547091 I | yugabyte-k8s-operator: Reconciling YBCluster
2022-03-20 23:33:32.548971 I | yugabyte-k8s-operator: updating master headless service
2022-03-20 23:33:32.553899 I | yugabyte-k8s-operator: updating tserver headless service
2022-03-20 23:33:32.562409 I | yugabyte-k8s-operator: updating master ui service
2022-03-20 23:33:32.567368 I | yugabyte-k8s-operator: updating master statefulset
2022-03-20 23:33:32.572225 E | yugabyte-k8s-operator: TServer replica count cannot be less than the replication factor of the cluster: '3' < '4'.
2022-03-20 23:33:32.573507 I | yugabyte-k8s-operator: running command 'yb-admin get_universe_config' in YB-Master pod: yb-master-0, command: ["bash" "-c" "/home/yugabyte/bin/yb-admin --master_addresses yb-master-0.yb-masters.default.svc.cluster.local:7100,yb-master-1.yb-masters.default.svc.cluster.local:7100,yb-master-2.yb-masters.default.svc.cluster.local:7100 get_universe_config"]
{"level":"error","ts":1647819212.5924664,"logger":"controller-runtime.controller","msg":"Reconciler error","controller":"ybcluster-controller","request":"default/example-ybcluster","error":"unable to upgrade connection: container not found (\"yb-master\")","stacktrace":"github.com/go-logr/zapr.(*zapLogger).Error\n\t/go/pkg/mod/github.com/go-logr/zapr@v0.1.1/zapr.go:128\nsigs.k8s.io/controller-runtime/pkg/internal/controller.(*Controller).reconcileHandler\n\t/src/sieve-dependency/src/sigs.k8s.io/controller-runtime@v0.5.2/pkg/internal/controller/controller.go:261\nsigs.k8s.io/controller-runtime/pkg/internal/controller.(*Controller).processNextWorkItem\n\t/src/sieve-dependency/src/sigs.k8s.io/controller-runtime@v0.5.2/pkg/internal/controller/controller.go:233\nsigs.k8s.io/controller-runtime/pkg/internal/controller.(*Controller).worker\n\t/src/sieve-dependency/src/sigs.k8s.io/controller-runtime@v0.5.2/pkg/internal/controller/controller.go:212\nk8s.io/apimachinery/pkg/util/wait.JitterUntil.func1\n\t/go/pkg/mod/k8s.io/apimachinery@v0.17.4/pkg/util/wait/wait.go:152\nk8s.io/apimachinery/pkg/util/wait.JitterUntil\n\t/go/pkg/mod/k8s.io/apimachinery@v0.17.4/pkg/util/wait/wait.go:153\nk8s.io/apimachinery/pkg/util/wait.Until\n\t/go/pkg/mod/k8s.io/apimachinery@v0.17.4/pkg/util/wait/wait.go:88"}
2022-03-20 23:33:33.593703 I | yugabyte-k8s-operator: Reconciling YBCluster
2022-03-20 23:33:33.595340 I | yugabyte-k8s-operator: updating master headless service
2022-03-20 23:33:33.600384 I | yugabyte-k8s-operator: updating tserver headless service
2022-03-20 23:33:33.604730 I | yugabyte-k8s-operator: updating master ui service
2022-03-20 23:33:33.609839 I | yugabyte-k8s-operator: updating master statefulset
2022-03-20 23:33:33.624848 E | yugabyte-k8s-operator: TServer replica count cannot be less than the replication factor of the cluster: '3' < '4'.
2022-03-20 23:33:33.626118 I | yugabyte-k8s-operator: running command 'yb-admin get_universe_config' in YB-Master pod: yb-master-0, command: ["bash" "-c" "/home/yugabyte/bin/yb-admin --master_addresses yb-master-0.yb-masters.default.svc.cluster.local:7100,yb-master-1.yb-masters.default.svc.cluster.local:7100,yb-master-2.yb-masters.default.svc.cluster.local:7100 get_universe_config"]
{"level":"error","ts":1647819213.648586,"logger":"controller-runtime.controller","msg":"Reconciler error","controller":"ybcluster-controller","request":"default/example-ybcluster","error":"unable to upgrade connection: container not found (\"yb-master\")","stacktrace":"github.com/go-logr/zapr.(*zapLogger).Error\n\t/go/pkg/mod/github.com/go-logr/zapr@v0.1.1/zapr.go:128\nsigs.k8s.io/controller-runtime/pkg/internal/controller.(*Controller).reconcileHandler\n\t/src/sieve-dependency/src/sigs.k8s.io/controller-runtime@v0.5.2/pkg/internal/controller/controller.go:261\nsigs.k8s.io/controller-runtime/pkg/internal/controller.(*Controller).processNextWorkItem\n\t/src/sieve-dependency/src/sigs.k8s.io/controller-runtime@v0.5.2/pkg/internal/controller/controller.go:233\nsigs.k8s.io/controller-runtime/pkg/internal/controller.(*Controller).worker\n\t/src/sieve-dependency/src/sigs.k8s.io/controller-runtime@v0.5.2/pkg/internal/controller/controller.go:212\nk8s.io/apimachinery/pkg/util/wait.JitterUntil.func1\n\t/go/pkg/mod/k8s.io/apimachinery@v0.17.4/pkg/util/wait/wait.go:152\nk8s.io/apimachinery/pkg/util/wait.JitterUntil\n\t/go/pkg/mod/k8s.io/apimachinery@v0.17.4/pkg/util/wait/wait.go:153\nk8s.io/apimachinery/pkg/util/wait.Until\n\t/go/pkg/mod/k8s.io/apimachinery@v0.17.4/pkg/util/wait/wait.go:88"}
2022-03-20 23:33:36.014582 I | yugabyte-k8s-operator: Reconciling YBCluster
2022-03-20 23:33:36.016328 I | yugabyte-k8s-operator: updating master headless service
2022-03-20 23:33:36.021419 I | yugabyte-k8s-operator: updating tserver headless service
2022-03-20 23:33:36.025907 I | yugabyte-k8s-operator: updating master ui service
2022-03-20 23:33:36.032075 I | yugabyte-k8s-operator: updating master statefulset
2022-03-20 23:33:36.037067 E | yugabyte-k8s-operator: TServer replica count cannot be less than the replication factor of the cluster: '3' < '4'.
2022-03-20 23:33:36.037984 I | yugabyte-k8s-operator: running command 'yb-admin get_universe_config' in YB-Master pod: yb-master-0, command: ["bash" "-c" "/home/yugabyte/bin/yb-admin --master_addresses yb-master-0.yb-masters.default.svc.cluster.local:7100,yb-master-1.yb-masters.default.svc.cluster.local:7100,yb-master-2.yb-masters.default.svc.cluster.local:7100 get_universe_config"]
{"level":"error","ts":1647819216.0589218,"logger":"controller-runtime.controller","msg":"Reconciler error","controller":"ybcluster-controller","request":"default/example-ybcluster","error":"unable to upgrade connection: container not found (\"yb-master\")","stacktrace":"github.com/go-logr/zapr.(*zapLogger).Error\n\t/go/pkg/mod/github.com/go-logr/zapr@v0.1.1/zapr.go:128\nsigs.k8s.io/controller-runtime/pkg/internal/controller.(*Controller).reconcileHandler\n\t/src/sieve-dependency/src/sigs.k8s.io/controller-runtime@v0.5.2/pkg/internal/controller/controller.go:261\nsigs.k8s.io/controller-runtime/pkg/internal/controller.(*Controller).processNextWorkItem\n\t/src/sieve-dependency/src/sigs.k8s.io/controller-runtime@v0.5.2/pkg/internal/controller/controller.go:233\nsigs.k8s.io/controller-runtime/pkg/internal/controller.(*Controller).worker\n\t/src/sieve-dependency/src/sigs.k8s.io/controller-runtime@v0.5.2/pkg/internal/controller/controller.go:212\nk8s.io/apimachinery/pkg/util/wait.JitterUntil.func1\n\t/go/pkg/mod/k8s.io/apimachinery@v0.17.4/pkg/util/wait/wait.go:152\nk8s.io/apimachinery/pkg/util/wait.JitterUntil\n\t/go/pkg/mod/k8s.io/apimachinery@v0.17.4/pkg/util/wait/wait.go:153\nk8s.io/apimachinery/pkg/util/wait.Until\n\t/go/pkg/mod/k8s.io/apimachinery@v0.17.4/pkg/util/wait/wait.go:88"}
2022-03-20 23:33:47.462644 I | yugabyte-k8s-operator: Reconciling YBCluster
2022-03-20 23:33:47.464356 I | yugabyte-k8s-operator: updating master headless service
2022-03-20 23:33:47.470427 I | yugabyte-k8s-operator: updating tserver headless service
2022-03-20 23:33:47.475135 I | yugabyte-k8s-operator: updating master ui service
2022-03-20 23:33:47.479723 I | yugabyte-k8s-operator: updating master statefulset
2022-03-20 23:33:47.485935 E | yugabyte-k8s-operator: TServer replica count cannot be less than the replication factor of the cluster: '3' < '4'.
2022-03-20 23:33:47.486932 I | yugabyte-k8s-operator: running command 'yb-admin get_universe_config' in YB-Master pod: yb-master-0, command: ["bash" "-c" "/home/yugabyte/bin/yb-admin --master_addresses yb-master-0.yb-masters.default.svc.cluster.local:7100,yb-master-1.yb-masters.default.svc.cluster.local:7100,yb-master-2.yb-masters.default.svc.cluster.local:7100 get_universe_config"]
{"level":"error","ts":1647819227.5102565,"logger":"controller-runtime.controller","msg":"Reconciler error","controller":"ybcluster-controller","request":"default/example-ybcluster","error":"unable to upgrade connection: container not found (\"yb-master\")","stacktrace":"github.com/go-logr/zapr.(*zapLogger).Error\n\t/go/pkg/mod/github.com/go-logr/zapr@v0.1.1/zapr.go:128\nsigs.k8s.io/controller-runtime/pkg/internal/controller.(*Controller).reconcileHandler\n\t/src/sieve-dependency/src/sigs.k8s.io/controller-runtime@v0.5.2/pkg/internal/controller/controller.go:261\nsigs.k8s.io/controller-runtime/pkg/internal/controller.(*Controller).processNextWorkItem\n\t/src/sieve-dependency/src/sigs.k8s.io/controller-runtime@v0.5.2/pkg/internal/controller/controller.go:233\nsigs.k8s.io/controller-runtime/pkg/internal/controller.(*Controller).worker\n\t/src/sieve-dependency/src/sigs.k8s.io/controller-runtime@v0.5.2/pkg/internal/controller/controller.go:212\nk8s.io/apimachinery/pkg/util/wait.JitterUntil.func1\n\t/go/pkg/mod/k8s.io/apimachinery@v0.17.4/pkg/util/wait/wait.go:152\nk8s.io/apimachinery/pkg/util/wait.JitterUntil\n\t/go/pkg/mod/k8s.io/apimachinery@v0.17.4/pkg/util/wait/wait.go:153\nk8s.io/apimachinery/pkg/util/wait.Until\n\t/go/pkg/mod/k8s.io/apimachinery@v0.17.4/pkg/util/wait/wait.go:88"}
2022-03-20 23:34:01.009828 I | yugabyte-k8s-operator: Reconciling YBCluster
2022-03-20 23:34:01.016891 I | yugabyte-k8s-operator: updating master headless service
2022-03-20 23:34:01.052520 I | yugabyte-k8s-operator: updating tserver headless service
2022-03-20 23:34:01.066756 I | yugabyte-k8s-operator: updating master ui service
2022-03-20 23:34:01.074351 I | yugabyte-k8s-operator: updating master statefulset
2022-03-20 23:34:01.092390 E | yugabyte-k8s-operator: TServer replica count cannot be less than the replication factor of the cluster: '3' < '4'.
2022-03-20 23:34:01.094220 I | yugabyte-k8s-operator: running command 'yb-admin get_universe_config' in YB-Master pod: yb-master-0, command: ["bash" "-c" "/home/yugabyte/bin/yb-admin --master_addresses yb-master-0.yb-masters.default.svc.cluster.local:7100,yb-master-1.yb-masters.default.svc.cluster.local:7100,yb-master-2.yb-masters.default.svc.cluster.local:7100 get_universe_config"]
{"level":"error","ts":1647819241.538955,"logger":"controller-runtime.controller","msg":"Reconciler error","controller":"ybcluster-controller","request":"default/example-ybcluster","error":"command terminated with exit code 137","stacktrace":"github.com/go-logr/zapr.(*zapLogger).Error\n\t/go/pkg/mod/github.com/go-logr/zapr@v0.1.1/zapr.go:128\nsigs.k8s.io/controller-runtime/pkg/internal/controller.(*Controller).reconcileHandler\n\t/src/sieve-dependency/src/sigs.k8s.io/controller-runtime@v0.5.2/pkg/internal/controller/controller.go:261\nsigs.k8s.io/controller-runtime/pkg/internal/controller.(*Controller).processNextWorkItem\n\t/src/sieve-dependency/src/sigs.k8s.io/controller-runtime@v0.5.2/pkg/internal/controller/controller.go:233\nsigs.k8s.io/controller-runtime/pkg/internal/controller.(*Controller).worker\n\t/src/sieve-dependency/src/sigs.k8s.io/controller-runtime@v0.5.2/pkg/internal/controller/controller.go:212\nk8s.io/apimachinery/pkg/util/wait.JitterUntil.func1\n\t/go/pkg/mod/k8s.io/apimachinery@v0.17.4/pkg/util/wait/wait.go:152\nk8s.io/apimachinery/pkg/util/wait.JitterUntil\n\t/go/pkg/mod/k8s.io/apimachinery@v0.17.4/pkg/util/wait/wait.go:153\nk8s.io/apimachinery/pkg/util/wait.Until\n\t/go/pkg/mod/k8s.io/apimachinery@v0.17.4/pkg/util/wait/wait.go:88"}
