{"level":"info","ts":1647818759.4635391,"logger":"cmd","msg":"Operator Version: 0.0.1"}
{"level":"info","ts":1647818759.463575,"logger":"cmd","msg":"Go Version: go1.13.9"}
{"level":"info","ts":1647818759.463582,"logger":"cmd","msg":"Go OS/Arch: linux/amd64"}
{"level":"info","ts":1647818759.4635882,"logger":"cmd","msg":"Version of operator-sdk: v0.17.1"}
{"level":"info","ts":1647818759.463763,"logger":"leader","msg":"Trying to become the leader."}
2022-03-20 23:25:59.776498 I | config from env:
map[crdList:[ybcluster] rateLimiterEnabled:false rateLimiterInterval:3]
{"level":"info","ts":1647818759.7866971,"logger":"leader","msg":"No pre-existing lock was found."}
{"level":"info","ts":1647818759.7938166,"logger":"leader","msg":"Became the leader."}
{"level":"info","ts":1647818760.096601,"logger":"controller-runtime.metrics","msg":"metrics server is starting to listen","addr":"0.0.0.0:8383"}
{"level":"info","ts":1647818760.0967596,"logger":"cmd","msg":"Registering Components."}
{"level":"info","ts":1647818760.7170596,"logger":"metrics","msg":"Metrics Service object created","Service.Name":"yugabyte-operator-metrics","Service.Namespace":"default"}
{"level":"info","ts":1647818761.0197253,"logger":"cmd","msg":"Could not create ServiceMonitor object","error":"no ServiceMonitor registered with the API"}
{"level":"info","ts":1647818761.0198295,"logger":"cmd","msg":"Install prometheus-operator in your cluster to create ServiceMonitor objects","error":"no ServiceMonitor registered with the API"}
{"level":"info","ts":1647818761.0198376,"logger":"cmd","msg":"Starting the Cmd."}
{"level":"info","ts":1647818761.0200872,"logger":"controller-runtime.manager","msg":"starting metrics server","path":"/metrics"}
{"level":"info","ts":1647818761.020177,"logger":"controller-runtime.controller","msg":"Starting EventSource","controller":"ybcluster-controller","source":"kind source: /, Kind="}
{"level":"info","ts":1647818761.1206167,"logger":"controller-runtime.controller","msg":"Starting EventSource","controller":"ybcluster-controller","source":"kind source: /, Kind="}
{"level":"info","ts":1647818761.2211473,"logger":"controller-runtime.controller","msg":"Starting EventSource","controller":"ybcluster-controller","source":"kind source: /, Kind="}
{"level":"info","ts":1647818761.3215992,"logger":"controller-runtime.controller","msg":"Starting Controller","controller":"ybcluster-controller"}
{"level":"info","ts":1647818761.3216534,"logger":"controller-runtime.controller","msg":"Starting workers","controller":"ybcluster-controller","worker count":1}
2022-03-20 23:26:01.322325 I | yugabyte-k8s-operator: Reconciling YBCluster
2022-03-20 23:26:01.525832 I | yugabyte-k8s-operator: creating a new Headless Service yb-masters for YBMasters in namespace default
2022-03-20 23:26:01.532032 I | yugabyte-k8s-operator: creating a new Headless Service yb-tservers for YBTServers in namespace default
2022-03-20 23:26:01.542950 I | yugabyte-k8s-operator: creating a new UI Service yb-master-ui for YBMasters in namespace default
2022-03-20 23:26:01.553278 I | yugabyte-k8s-operator: creating a new Statefulset yb-master for YBMasters in namespace default
2022-03-20 23:26:01.600544 I | yugabyte-k8s-operator: creating a new Statefulset yb-tserver for YBTServers in namespace default
2022-03-20 23:26:01.618158 I | yugabyte-k8s-operator: running command 'yb-admin get_universe_config' in YB-Master pod: yb-master-0, command: ["bash" "-c" "/home/yugabyte/bin/yb-admin --master_addresses yb-master-0.yb-masters.default.svc.cluster.local:7100,yb-master-1.yb-masters.default.svc.cluster.local:7100,yb-master-2.yb-masters.default.svc.cluster.local:7100 get_universe_config"]
{"level":"error","ts":1647818761.6477325,"logger":"controller-runtime.controller","msg":"Reconciler error","controller":"ybcluster-controller","request":"default/example-ybcluster","error":"pod yb-master-0 does not have a host assigned","stacktrace":"github.com/go-logr/zapr.(*zapLogger).Error\n\t/go/pkg/mod/github.com/go-logr/zapr@v0.1.1/zapr.go:128\nsigs.k8s.io/controller-runtime/pkg/internal/controller.(*Controller).reconcileHandler\n\t/src/sieve-dependency/src/sigs.k8s.io/controller-runtime@v0.5.2/pkg/internal/controller/controller.go:261\nsigs.k8s.io/controller-runtime/pkg/internal/controller.(*Controller).processNextWorkItem\n\t/src/sieve-dependency/src/sigs.k8s.io/controller-runtime@v0.5.2/pkg/internal/controller/controller.go:233\nsigs.k8s.io/controller-runtime/pkg/internal/controller.(*Controller).worker\n\t/src/sieve-dependency/src/sigs.k8s.io/controller-runtime@v0.5.2/pkg/internal/controller/controller.go:212\nk8s.io/apimachinery/pkg/util/wait.JitterUntil.func1\n\t/go/pkg/mod/k8s.io/apimachinery@v0.17.4/pkg/util/wait/wait.go:152\nk8s.io/apimachinery/pkg/util/wait.JitterUntil\n\t/go/pkg/mod/k8s.io/apimachinery@v0.17.4/pkg/util/wait/wait.go:153\nk8s.io/apimachinery/pkg/util/wait.Until\n\t/go/pkg/mod/k8s.io/apimachinery@v0.17.4/pkg/util/wait/wait.go:88"}
2022-03-20 23:26:02.648993 I | yugabyte-k8s-operator: Reconciling YBCluster
2022-03-20 23:26:02.651288 I | yugabyte-k8s-operator: updating master headless service
2022-03-20 23:26:02.659636 I | yugabyte-k8s-operator: updating tserver headless service
2022-03-20 23:26:02.667133 I | yugabyte-k8s-operator: updating master ui service
2022-03-20 23:26:02.683159 I | yugabyte-k8s-operator: updating master statefulset
2022-03-20 23:26:02.707960 I | yugabyte-k8s-operator: updating tserver statefulset
2022-03-20 23:26:02.717840 I | yugabyte-k8s-operator: updating Status condition ScalingDownTServers: False
2022-03-20 23:26:02.742253 I | yugabyte-k8s-operator: running command 'yb-admin get_universe_config' in YB-Master pod: yb-master-0, command: ["bash" "-c" "/home/yugabyte/bin/yb-admin --master_addresses yb-master-0.yb-masters.default.svc.cluster.local:7100,yb-master-1.yb-masters.default.svc.cluster.local:7100,yb-master-2.yb-masters.default.svc.cluster.local:7100 get_universe_config"]
{"level":"error","ts":1647818762.7711687,"logger":"controller-runtime.controller","msg":"Reconciler error","controller":"ybcluster-controller","request":"default/example-ybcluster","error":"pod yb-master-0 does not have a host assigned","stacktrace":"github.com/go-logr/zapr.(*zapLogger).Error\n\t/go/pkg/mod/github.com/go-logr/zapr@v0.1.1/zapr.go:128\nsigs.k8s.io/controller-runtime/pkg/internal/controller.(*Controller).reconcileHandler\n\t/src/sieve-dependency/src/sigs.k8s.io/controller-runtime@v0.5.2/pkg/internal/controller/controller.go:261\nsigs.k8s.io/controller-runtime/pkg/internal/controller.(*Controller).processNextWorkItem\n\t/src/sieve-dependency/src/sigs.k8s.io/controller-runtime@v0.5.2/pkg/internal/controller/controller.go:233\nsigs.k8s.io/controller-runtime/pkg/internal/controller.(*Controller).worker\n\t/src/sieve-dependency/src/sigs.k8s.io/controller-runtime@v0.5.2/pkg/internal/controller/controller.go:212\nk8s.io/apimachinery/pkg/util/wait.JitterUntil.func1\n\t/go/pkg/mod/k8s.io/apimachinery@v0.17.4/pkg/util/wait/wait.go:152\nk8s.io/apimachinery/pkg/util/wait.JitterUntil\n\t/go/pkg/mod/k8s.io/apimachinery@v0.17.4/pkg/util/wait/wait.go:153\nk8s.io/apimachinery/pkg/util/wait.Until\n\t/go/pkg/mod/k8s.io/apimachinery@v0.17.4/pkg/util/wait/wait.go:88"}
2022-03-20 23:26:03.780788 I | yugabyte-k8s-operator: Reconciling YBCluster
2022-03-20 23:26:03.787089 I | yugabyte-k8s-operator: updating master headless service
2022-03-20 23:26:03.801684 I | yugabyte-k8s-operator: updating tserver headless service
2022-03-20 23:26:03.809939 I | yugabyte-k8s-operator: updating master ui service
2022-03-20 23:26:03.827569 I | yugabyte-k8s-operator: updating master statefulset
2022-03-20 23:26:03.854312 I | yugabyte-k8s-operator: updating tserver statefulset
2022-03-20 23:26:03.862023 I | yugabyte-k8s-operator: updating Status condition ScalingDownTServers: False
2022-03-20 23:26:03.870355 I | yugabyte-k8s-operator: running command 'yb-admin get_universe_config' in YB-Master pod: yb-master-0, command: ["bash" "-c" "/home/yugabyte/bin/yb-admin --master_addresses yb-master-0.yb-masters.default.svc.cluster.local:7100,yb-master-1.yb-masters.default.svc.cluster.local:7100,yb-master-2.yb-masters.default.svc.cluster.local:7100 get_universe_config"]
{"level":"error","ts":1647818763.8910718,"logger":"controller-runtime.controller","msg":"Reconciler error","controller":"ybcluster-controller","request":"default/example-ybcluster","error":"pod yb-master-0 does not have a host assigned","stacktrace":"github.com/go-logr/zapr.(*zapLogger).Error\n\t/go/pkg/mod/github.com/go-logr/zapr@v0.1.1/zapr.go:128\nsigs.k8s.io/controller-runtime/pkg/internal/controller.(*Controller).reconcileHandler\n\t/src/sieve-dependency/src/sigs.k8s.io/controller-runtime@v0.5.2/pkg/internal/controller/controller.go:261\nsigs.k8s.io/controller-runtime/pkg/internal/controller.(*Controller).processNextWorkItem\n\t/src/sieve-dependency/src/sigs.k8s.io/controller-runtime@v0.5.2/pkg/internal/controller/controller.go:233\nsigs.k8s.io/controller-runtime/pkg/internal/controller.(*Controller).worker\n\t/src/sieve-dependency/src/sigs.k8s.io/controller-runtime@v0.5.2/pkg/internal/controller/controller.go:212\nk8s.io/apimachinery/pkg/util/wait.JitterUntil.func1\n\t/go/pkg/mod/k8s.io/apimachinery@v0.17.4/pkg/util/wait/wait.go:152\nk8s.io/apimachinery/pkg/util/wait.JitterUntil\n\t/go/pkg/mod/k8s.io/apimachinery@v0.17.4/pkg/util/wait/wait.go:153\nk8s.io/apimachinery/pkg/util/wait.Until\n\t/go/pkg/mod/k8s.io/apimachinery@v0.17.4/pkg/util/wait/wait.go:88"}
2022-03-20 23:26:04.893031 I | yugabyte-k8s-operator: Reconciling YBCluster
2022-03-20 23:26:04.894612 I | yugabyte-k8s-operator: updating master headless service
2022-03-20 23:26:04.900772 I | yugabyte-k8s-operator: updating tserver headless service
2022-03-20 23:26:04.905847 I | yugabyte-k8s-operator: updating master ui service
2022-03-20 23:26:04.910586 I | yugabyte-k8s-operator: updating master statefulset
2022-03-20 23:26:04.925273 I | yugabyte-k8s-operator: updating tserver statefulset
2022-03-20 23:26:04.930690 I | yugabyte-k8s-operator: updating Status condition ScalingDownTServers: False
2022-03-20 23:26:04.938161 I | yugabyte-k8s-operator: running command 'yb-admin get_universe_config' in YB-Master pod: yb-master-0, command: ["bash" "-c" "/home/yugabyte/bin/yb-admin --master_addresses yb-master-0.yb-masters.default.svc.cluster.local:7100,yb-master-1.yb-masters.default.svc.cluster.local:7100,yb-master-2.yb-masters.default.svc.cluster.local:7100 get_universe_config"]
{"level":"error","ts":1647818764.950929,"logger":"controller-runtime.controller","msg":"Reconciler error","controller":"ybcluster-controller","request":"default/example-ybcluster","error":"pod yb-master-0 does not have a host assigned","stacktrace":"github.com/go-logr/zapr.(*zapLogger).Error\n\t/go/pkg/mod/github.com/go-logr/zapr@v0.1.1/zapr.go:128\nsigs.k8s.io/controller-runtime/pkg/internal/controller.(*Controller).reconcileHandler\n\t/src/sieve-dependency/src/sigs.k8s.io/controller-runtime@v0.5.2/pkg/internal/controller/controller.go:261\nsigs.k8s.io/controller-runtime/pkg/internal/controller.(*Controller).processNextWorkItem\n\t/src/sieve-dependency/src/sigs.k8s.io/controller-runtime@v0.5.2/pkg/internal/controller/controller.go:233\nsigs.k8s.io/controller-runtime/pkg/internal/controller.(*Controller).worker\n\t/src/sieve-dependency/src/sigs.k8s.io/controller-runtime@v0.5.2/pkg/internal/controller/controller.go:212\nk8s.io/apimachinery/pkg/util/wait.JitterUntil.func1\n\t/go/pkg/mod/k8s.io/apimachinery@v0.17.4/pkg/util/wait/wait.go:152\nk8s.io/apimachinery/pkg/util/wait.JitterUntil\n\t/go/pkg/mod/k8s.io/apimachinery@v0.17.4/pkg/util/wait/wait.go:153\nk8s.io/apimachinery/pkg/util/wait.Until\n\t/go/pkg/mod/k8s.io/apimachinery@v0.17.4/pkg/util/wait/wait.go:88"}
2022-03-20 23:26:05.951874 I | yugabyte-k8s-operator: Reconciling YBCluster
2022-03-20 23:26:05.953517 I | yugabyte-k8s-operator: updating master headless service
2022-03-20 23:26:05.972959 I | yugabyte-k8s-operator: updating tserver headless service
2022-03-20 23:26:05.978316 I | yugabyte-k8s-operator: updating master ui service
2022-03-20 23:26:05.985964 I | yugabyte-k8s-operator: updating master statefulset
2022-03-20 23:26:05.997481 I | yugabyte-k8s-operator: updating tserver statefulset
2022-03-20 23:26:06.006117 I | yugabyte-k8s-operator: updating Status condition ScalingDownTServers: False
2022-03-20 23:26:06.015423 I | yugabyte-k8s-operator: running command 'yb-admin get_universe_config' in YB-Master pod: yb-master-0, command: ["bash" "-c" "/home/yugabyte/bin/yb-admin --master_addresses yb-master-0.yb-masters.default.svc.cluster.local:7100,yb-master-1.yb-masters.default.svc.cluster.local:7100,yb-master-2.yb-masters.default.svc.cluster.local:7100 get_universe_config"]
{"level":"error","ts":1647818766.025666,"logger":"controller-runtime.controller","msg":"Reconciler error","controller":"ybcluster-controller","request":"default/example-ybcluster","error":"pod yb-master-0 does not have a host assigned","stacktrace":"github.com/go-logr/zapr.(*zapLogger).Error\n\t/go/pkg/mod/github.com/go-logr/zapr@v0.1.1/zapr.go:128\nsigs.k8s.io/controller-runtime/pkg/internal/controller.(*Controller).reconcileHandler\n\t/src/sieve-dependency/src/sigs.k8s.io/controller-runtime@v0.5.2/pkg/internal/controller/controller.go:261\nsigs.k8s.io/controller-runtime/pkg/internal/controller.(*Controller).processNextWorkItem\n\t/src/sieve-dependency/src/sigs.k8s.io/controller-runtime@v0.5.2/pkg/internal/controller/controller.go:233\nsigs.k8s.io/controller-runtime/pkg/internal/controller.(*Controller).worker\n\t/src/sieve-dependency/src/sigs.k8s.io/controller-runtime@v0.5.2/pkg/internal/controller/controller.go:212\nk8s.io/apimachinery/pkg/util/wait.JitterUntil.func1\n\t/go/pkg/mod/k8s.io/apimachinery@v0.17.4/pkg/util/wait/wait.go:152\nk8s.io/apimachinery/pkg/util/wait.JitterUntil\n\t/go/pkg/mod/k8s.io/apimachinery@v0.17.4/pkg/util/wait/wait.go:153\nk8s.io/apimachinery/pkg/util/wait.Until\n\t/go/pkg/mod/k8s.io/apimachinery@v0.17.4/pkg/util/wait/wait.go:88"}
2022-03-20 23:26:07.026537 I | yugabyte-k8s-operator: Reconciling YBCluster
2022-03-20 23:26:07.028430 I | yugabyte-k8s-operator: updating master headless service
2022-03-20 23:26:07.035356 I | yugabyte-k8s-operator: updating tserver headless service
2022-03-20 23:26:07.041904 I | yugabyte-k8s-operator: updating master ui service
2022-03-20 23:26:07.047479 I | yugabyte-k8s-operator: updating master statefulset
2022-03-20 23:26:07.063955 I | yugabyte-k8s-operator: updating tserver statefulset
2022-03-20 23:26:07.068498 I | yugabyte-k8s-operator: updating Status condition ScalingDownTServers: False
2022-03-20 23:26:07.075553 I | yugabyte-k8s-operator: running command 'yb-admin get_universe_config' in YB-Master pod: yb-master-0, command: ["bash" "-c" "/home/yugabyte/bin/yb-admin --master_addresses yb-master-0.yb-masters.default.svc.cluster.local:7100,yb-master-1.yb-masters.default.svc.cluster.local:7100,yb-master-2.yb-masters.default.svc.cluster.local:7100 get_universe_config"]
{"level":"error","ts":1647818767.101078,"logger":"controller-runtime.controller","msg":"Reconciler error","controller":"ybcluster-controller","request":"default/example-ybcluster","error":"unable to upgrade connection: container not found (\"yb-master\")","stacktrace":"github.com/go-logr/zapr.(*zapLogger).Error\n\t/go/pkg/mod/github.com/go-logr/zapr@v0.1.1/zapr.go:128\nsigs.k8s.io/controller-runtime/pkg/internal/controller.(*Controller).reconcileHandler\n\t/src/sieve-dependency/src/sigs.k8s.io/controller-runtime@v0.5.2/pkg/internal/controller/controller.go:261\nsigs.k8s.io/controller-runtime/pkg/internal/controller.(*Controller).processNextWorkItem\n\t/src/sieve-dependency/src/sigs.k8s.io/controller-runtime@v0.5.2/pkg/internal/controller/controller.go:233\nsigs.k8s.io/controller-runtime/pkg/internal/controller.(*Controller).worker\n\t/src/sieve-dependency/src/sigs.k8s.io/controller-runtime@v0.5.2/pkg/internal/controller/controller.go:212\nk8s.io/apimachinery/pkg/util/wait.JitterUntil.func1\n\t/go/pkg/mod/k8s.io/apimachinery@v0.17.4/pkg/util/wait/wait.go:152\nk8s.io/apimachinery/pkg/util/wait.JitterUntil\n\t/go/pkg/mod/k8s.io/apimachinery@v0.17.4/pkg/util/wait/wait.go:153\nk8s.io/apimachinery/pkg/util/wait.Until\n\t/go/pkg/mod/k8s.io/apimachinery@v0.17.4/pkg/util/wait/wait.go:88"}
2022-03-20 23:26:08.102362 I | yugabyte-k8s-operator: Reconciling YBCluster
2022-03-20 23:26:08.107080 I | yugabyte-k8s-operator: updating master headless service
2022-03-20 23:26:08.112909 I | yugabyte-k8s-operator: updating tserver headless service
2022-03-20 23:26:08.124571 I | yugabyte-k8s-operator: updating master ui service
2022-03-20 23:26:08.132505 I | yugabyte-k8s-operator: updating master statefulset
2022-03-20 23:26:08.150487 I | yugabyte-k8s-operator: updating tserver statefulset
2022-03-20 23:26:08.191023 I | yugabyte-k8s-operator: updating Status condition ScalingDownTServers: False
2022-03-20 23:26:08.201922 I | yugabyte-k8s-operator: running command 'yb-admin get_universe_config' in YB-Master pod: yb-master-0, command: ["bash" "-c" "/home/yugabyte/bin/yb-admin --master_addresses yb-master-0.yb-masters.default.svc.cluster.local:7100,yb-master-1.yb-masters.default.svc.cluster.local:7100,yb-master-2.yb-masters.default.svc.cluster.local:7100 get_universe_config"]
{"level":"error","ts":1647818768.2427418,"logger":"controller-runtime.controller","msg":"Reconciler error","controller":"ybcluster-controller","request":"default/example-ybcluster","error":"unable to upgrade connection: container not found (\"yb-master\")","stacktrace":"github.com/go-logr/zapr.(*zapLogger).Error\n\t/go/pkg/mod/github.com/go-logr/zapr@v0.1.1/zapr.go:128\nsigs.k8s.io/controller-runtime/pkg/internal/controller.(*Controller).reconcileHandler\n\t/src/sieve-dependency/src/sigs.k8s.io/controller-runtime@v0.5.2/pkg/internal/controller/controller.go:261\nsigs.k8s.io/controller-runtime/pkg/internal/controller.(*Controller).processNextWorkItem\n\t/src/sieve-dependency/src/sigs.k8s.io/controller-runtime@v0.5.2/pkg/internal/controller/controller.go:233\nsigs.k8s.io/controller-runtime/pkg/internal/controller.(*Controller).worker\n\t/src/sieve-dependency/src/sigs.k8s.io/controller-runtime@v0.5.2/pkg/internal/controller/controller.go:212\nk8s.io/apimachinery/pkg/util/wait.JitterUntil.func1\n\t/go/pkg/mod/k8s.io/apimachinery@v0.17.4/pkg/util/wait/wait.go:152\nk8s.io/apimachinery/pkg/util/wait.JitterUntil\n\t/go/pkg/mod/k8s.io/apimachinery@v0.17.4/pkg/util/wait/wait.go:153\nk8s.io/apimachinery/pkg/util/wait.Until\n\t/go/pkg/mod/k8s.io/apimachinery@v0.17.4/pkg/util/wait/wait.go:88"}
2022-03-20 23:26:09.296142 I | yugabyte-k8s-operator: Reconciling YBCluster
2022-03-20 23:26:09.297832 I | yugabyte-k8s-operator: updating master headless service
2022-03-20 23:26:10.019905 I | yugabyte-k8s-operator: updating tserver headless service
2022-03-20 23:26:10.060785 I | yugabyte-k8s-operator: updating master ui service
2022-03-20 23:26:10.315908 I | yugabyte-k8s-operator: updating master statefulset
2022-03-20 23:26:10.329291 I | yugabyte-k8s-operator: updating tserver statefulset
2022-03-20 23:26:10.334922 I | yugabyte-k8s-operator: updating Status condition ScalingDownTServers: False
2022-03-20 23:26:10.341904 I | yugabyte-k8s-operator: running command 'yb-admin get_universe_config' in YB-Master pod: yb-master-0, command: ["bash" "-c" "/home/yugabyte/bin/yb-admin --master_addresses yb-master-0.yb-masters.default.svc.cluster.local:7100,yb-master-1.yb-masters.default.svc.cluster.local:7100,yb-master-2.yb-masters.default.svc.cluster.local:7100 get_universe_config"]
{"level":"error","ts":1647818770.3608499,"logger":"controller-runtime.controller","msg":"Reconciler error","controller":"ybcluster-controller","request":"default/example-ybcluster","error":"unable to upgrade connection: container not found (\"yb-master\")","stacktrace":"github.com/go-logr/zapr.(*zapLogger).Error\n\t/go/pkg/mod/github.com/go-logr/zapr@v0.1.1/zapr.go:128\nsigs.k8s.io/controller-runtime/pkg/internal/controller.(*Controller).reconcileHandler\n\t/src/sieve-dependency/src/sigs.k8s.io/controller-runtime@v0.5.2/pkg/internal/controller/controller.go:261\nsigs.k8s.io/controller-runtime/pkg/internal/controller.(*Controller).processNextWorkItem\n\t/src/sieve-dependency/src/sigs.k8s.io/controller-runtime@v0.5.2/pkg/internal/controller/controller.go:233\nsigs.k8s.io/controller-runtime/pkg/internal/controller.(*Controller).worker\n\t/src/sieve-dependency/src/sigs.k8s.io/controller-runtime@v0.5.2/pkg/internal/controller/controller.go:212\nk8s.io/apimachinery/pkg/util/wait.JitterUntil.func1\n\t/go/pkg/mod/k8s.io/apimachinery@v0.17.4/pkg/util/wait/wait.go:152\nk8s.io/apimachinery/pkg/util/wait.JitterUntil\n\t/go/pkg/mod/k8s.io/apimachinery@v0.17.4/pkg/util/wait/wait.go:153\nk8s.io/apimachinery/pkg/util/wait.Until\n\t/go/pkg/mod/k8s.io/apimachinery@v0.17.4/pkg/util/wait/wait.go:88"}
2022-03-20 23:26:11.362638 I | yugabyte-k8s-operator: Reconciling YBCluster
2022-03-20 23:26:11.364816 I | yugabyte-k8s-operator: updating master headless service
2022-03-20 23:26:11.370122 I | yugabyte-k8s-operator: updating tserver headless service
2022-03-20 23:26:11.374948 I | yugabyte-k8s-operator: updating master ui service
2022-03-20 23:26:11.380622 I | yugabyte-k8s-operator: updating master statefulset
2022-03-20 23:26:11.391908 I | yugabyte-k8s-operator: updating tserver statefulset
2022-03-20 23:26:11.406117 I | yugabyte-k8s-operator: updating Status condition ScalingDownTServers: False
2022-03-20 23:26:11.497928 I | yugabyte-k8s-operator: running command 'yb-admin get_universe_config' in YB-Master pod: yb-master-0, command: ["bash" "-c" "/home/yugabyte/bin/yb-admin --master_addresses yb-master-0.yb-masters.default.svc.cluster.local:7100,yb-master-1.yb-masters.default.svc.cluster.local:7100,yb-master-2.yb-masters.default.svc.cluster.local:7100 get_universe_config"]
{"level":"error","ts":1647818771.5175354,"logger":"controller-runtime.controller","msg":"Reconciler error","controller":"ybcluster-controller","request":"default/example-ybcluster","error":"unable to upgrade connection: container not found (\"yb-master\")","stacktrace":"github.com/go-logr/zapr.(*zapLogger).Error\n\t/go/pkg/mod/github.com/go-logr/zapr@v0.1.1/zapr.go:128\nsigs.k8s.io/controller-runtime/pkg/internal/controller.(*Controller).reconcileHandler\n\t/src/sieve-dependency/src/sigs.k8s.io/controller-runtime@v0.5.2/pkg/internal/controller/controller.go:261\nsigs.k8s.io/controller-runtime/pkg/internal/controller.(*Controller).processNextWorkItem\n\t/src/sieve-dependency/src/sigs.k8s.io/controller-runtime@v0.5.2/pkg/internal/controller/controller.go:233\nsigs.k8s.io/controller-runtime/pkg/internal/controller.(*Controller).worker\n\t/src/sieve-dependency/src/sigs.k8s.io/controller-runtime@v0.5.2/pkg/internal/controller/controller.go:212\nk8s.io/apimachinery/pkg/util/wait.JitterUntil.func1\n\t/go/pkg/mod/k8s.io/apimachinery@v0.17.4/pkg/util/wait/wait.go:152\nk8s.io/apimachinery/pkg/util/wait.JitterUntil\n\t/go/pkg/mod/k8s.io/apimachinery@v0.17.4/pkg/util/wait/wait.go:153\nk8s.io/apimachinery/pkg/util/wait.Until\n\t/go/pkg/mod/k8s.io/apimachinery@v0.17.4/pkg/util/wait/wait.go:88"}
2022-03-20 23:26:12.798256 I | yugabyte-k8s-operator: Reconciling YBCluster
2022-03-20 23:26:12.800080 I | yugabyte-k8s-operator: updating master headless service
2022-03-20 23:26:12.805439 I | yugabyte-k8s-operator: updating tserver headless service
2022-03-20 23:26:12.811506 I | yugabyte-k8s-operator: updating master ui service
2022-03-20 23:26:12.816758 I | yugabyte-k8s-operator: updating master statefulset
2022-03-20 23:26:12.828184 I | yugabyte-k8s-operator: updating tserver statefulset
2022-03-20 23:26:12.835984 I | yugabyte-k8s-operator: updating Status condition ScalingDownTServers: False
2022-03-20 23:26:12.853275 I | yugabyte-k8s-operator: running command 'yb-admin get_universe_config' in YB-Master pod: yb-master-0, command: ["bash" "-c" "/home/yugabyte/bin/yb-admin --master_addresses yb-master-0.yb-masters.default.svc.cluster.local:7100,yb-master-1.yb-masters.default.svc.cluster.local:7100,yb-master-2.yb-masters.default.svc.cluster.local:7100 get_universe_config"]
{"level":"error","ts":1647818772.8775349,"logger":"controller-runtime.controller","msg":"Reconciler error","controller":"ybcluster-controller","request":"default/example-ybcluster","error":"unable to upgrade connection: container not found (\"yb-master\")","stacktrace":"github.com/go-logr/zapr.(*zapLogger).Error\n\t/go/pkg/mod/github.com/go-logr/zapr@v0.1.1/zapr.go:128\nsigs.k8s.io/controller-runtime/pkg/internal/controller.(*Controller).reconcileHandler\n\t/src/sieve-dependency/src/sigs.k8s.io/controller-runtime@v0.5.2/pkg/internal/controller/controller.go:261\nsigs.k8s.io/controller-runtime/pkg/internal/controller.(*Controller).processNextWorkItem\n\t/src/sieve-dependency/src/sigs.k8s.io/controller-runtime@v0.5.2/pkg/internal/controller/controller.go:233\nsigs.k8s.io/controller-runtime/pkg/internal/controller.(*Controller).worker\n\t/src/sieve-dependency/src/sigs.k8s.io/controller-runtime@v0.5.2/pkg/internal/controller/controller.go:212\nk8s.io/apimachinery/pkg/util/wait.JitterUntil.func1\n\t/go/pkg/mod/k8s.io/apimachinery@v0.17.4/pkg/util/wait/wait.go:152\nk8s.io/apimachinery/pkg/util/wait.JitterUntil\n\t/go/pkg/mod/k8s.io/apimachinery@v0.17.4/pkg/util/wait/wait.go:153\nk8s.io/apimachinery/pkg/util/wait.Until\n\t/go/pkg/mod/k8s.io/apimachinery@v0.17.4/pkg/util/wait/wait.go:88"}
2022-03-20 23:26:15.438102 I | yugabyte-k8s-operator: Reconciling YBCluster
2022-03-20 23:26:15.439442 I | yugabyte-k8s-operator: updating master headless service
2022-03-20 23:26:15.530790 I | yugabyte-k8s-operator: updating tserver headless service
2022-03-20 23:26:15.537645 I | yugabyte-k8s-operator: updating master ui service
2022-03-20 23:26:15.542793 I | yugabyte-k8s-operator: updating master statefulset
2022-03-20 23:26:15.554857 I | yugabyte-k8s-operator: updating tserver statefulset
2022-03-20 23:26:15.875939 I | yugabyte-k8s-operator: updating Status condition ScalingDownTServers: False
2022-03-20 23:26:15.884045 I | yugabyte-k8s-operator: running command 'yb-admin get_universe_config' in YB-Master pod: yb-master-0, command: ["bash" "-c" "/home/yugabyte/bin/yb-admin --master_addresses yb-master-0.yb-masters.default.svc.cluster.local:7100,yb-master-1.yb-masters.default.svc.cluster.local:7100,yb-master-2.yb-masters.default.svc.cluster.local:7100 get_universe_config"]
{"level":"error","ts":1647818775.91959,"logger":"controller-runtime.controller","msg":"Reconciler error","controller":"ybcluster-controller","request":"default/example-ybcluster","error":"unable to upgrade connection: container not found (\"yb-master\")","stacktrace":"github.com/go-logr/zapr.(*zapLogger).Error\n\t/go/pkg/mod/github.com/go-logr/zapr@v0.1.1/zapr.go:128\nsigs.k8s.io/controller-runtime/pkg/internal/controller.(*Controller).reconcileHandler\n\t/src/sieve-dependency/src/sigs.k8s.io/controller-runtime@v0.5.2/pkg/internal/controller/controller.go:261\nsigs.k8s.io/controller-runtime/pkg/internal/controller.(*Controller).processNextWorkItem\n\t/src/sieve-dependency/src/sigs.k8s.io/controller-runtime@v0.5.2/pkg/internal/controller/controller.go:233\nsigs.k8s.io/controller-runtime/pkg/internal/controller.(*Controller).worker\n\t/src/sieve-dependency/src/sigs.k8s.io/controller-runtime@v0.5.2/pkg/internal/controller/controller.go:212\nk8s.io/apimachinery/pkg/util/wait.JitterUntil.func1\n\t/go/pkg/mod/k8s.io/apimachinery@v0.17.4/pkg/util/wait/wait.go:152\nk8s.io/apimachinery/pkg/util/wait.JitterUntil\n\t/go/pkg/mod/k8s.io/apimachinery@v0.17.4/pkg/util/wait/wait.go:153\nk8s.io/apimachinery/pkg/util/wait.Until\n\t/go/pkg/mod/k8s.io/apimachinery@v0.17.4/pkg/util/wait/wait.go:88"}
2022-03-20 23:26:21.040241 I | yugabyte-k8s-operator: Reconciling YBCluster
2022-03-20 23:26:21.041894 I | yugabyte-k8s-operator: updating master headless service
2022-03-20 23:26:21.049897 I | yugabyte-k8s-operator: updating tserver headless service
2022-03-20 23:26:21.055033 I | yugabyte-k8s-operator: updating master ui service
2022-03-20 23:26:21.060508 I | yugabyte-k8s-operator: updating master statefulset
2022-03-20 23:26:21.082348 I | yugabyte-k8s-operator: updating tserver statefulset
2022-03-20 23:26:21.110413 I | yugabyte-k8s-operator: updating Status condition ScalingDownTServers: False
2022-03-20 23:26:21.167487 I | yugabyte-k8s-operator: running command 'yb-admin get_universe_config' in YB-Master pod: yb-master-0, command: ["bash" "-c" "/home/yugabyte/bin/yb-admin --master_addresses yb-master-0.yb-masters.default.svc.cluster.local:7100,yb-master-1.yb-masters.default.svc.cluster.local:7100,yb-master-2.yb-masters.default.svc.cluster.local:7100 get_universe_config"]
{"level":"error","ts":1647818781.1904078,"logger":"controller-runtime.controller","msg":"Reconciler error","controller":"ybcluster-controller","request":"default/example-ybcluster","error":"unable to upgrade connection: container not found (\"yb-master\")","stacktrace":"github.com/go-logr/zapr.(*zapLogger).Error\n\t/go/pkg/mod/github.com/go-logr/zapr@v0.1.1/zapr.go:128\nsigs.k8s.io/controller-runtime/pkg/internal/controller.(*Controller).reconcileHandler\n\t/src/sieve-dependency/src/sigs.k8s.io/controller-runtime@v0.5.2/pkg/internal/controller/controller.go:261\nsigs.k8s.io/controller-runtime/pkg/internal/controller.(*Controller).processNextWorkItem\n\t/src/sieve-dependency/src/sigs.k8s.io/controller-runtime@v0.5.2/pkg/internal/controller/controller.go:233\nsigs.k8s.io/controller-runtime/pkg/internal/controller.(*Controller).worker\n\t/src/sieve-dependency/src/sigs.k8s.io/controller-runtime@v0.5.2/pkg/internal/controller/controller.go:212\nk8s.io/apimachinery/pkg/util/wait.JitterUntil.func1\n\t/go/pkg/mod/k8s.io/apimachinery@v0.17.4/pkg/util/wait/wait.go:152\nk8s.io/apimachinery/pkg/util/wait.JitterUntil\n\t/go/pkg/mod/k8s.io/apimachinery@v0.17.4/pkg/util/wait/wait.go:153\nk8s.io/apimachinery/pkg/util/wait.Until\n\t/go/pkg/mod/k8s.io/apimachinery@v0.17.4/pkg/util/wait/wait.go:88"}
2022-03-20 23:26:31.431040 I | yugabyte-k8s-operator: Reconciling YBCluster
2022-03-20 23:26:31.432736 I | yugabyte-k8s-operator: updating master headless service
2022-03-20 23:26:31.438230 I | yugabyte-k8s-operator: updating tserver headless service
2022-03-20 23:26:31.443261 I | yugabyte-k8s-operator: updating master ui service
2022-03-20 23:26:31.448838 I | yugabyte-k8s-operator: updating master statefulset
2022-03-20 23:26:31.460867 I | yugabyte-k8s-operator: updating tserver statefulset
2022-03-20 23:26:31.513917 I | yugabyte-k8s-operator: updating Status condition ScalingDownTServers: False
2022-03-20 23:26:31.540544 I | yugabyte-k8s-operator: running command 'yb-admin get_universe_config' in YB-Master pod: yb-master-0, command: ["bash" "-c" "/home/yugabyte/bin/yb-admin --master_addresses yb-master-0.yb-masters.default.svc.cluster.local:7100,yb-master-1.yb-masters.default.svc.cluster.local:7100,yb-master-2.yb-masters.default.svc.cluster.local:7100 get_universe_config"]
{"level":"error","ts":1647818791.577854,"logger":"controller-runtime.controller","msg":"Reconciler error","controller":"ybcluster-controller","request":"default/example-ybcluster","error":"unable to upgrade connection: container not found (\"yb-master\")","stacktrace":"github.com/go-logr/zapr.(*zapLogger).Error\n\t/go/pkg/mod/github.com/go-logr/zapr@v0.1.1/zapr.go:128\nsigs.k8s.io/controller-runtime/pkg/internal/controller.(*Controller).reconcileHandler\n\t/src/sieve-dependency/src/sigs.k8s.io/controller-runtime@v0.5.2/pkg/internal/controller/controller.go:261\nsigs.k8s.io/controller-runtime/pkg/internal/controller.(*Controller).processNextWorkItem\n\t/src/sieve-dependency/src/sigs.k8s.io/controller-runtime@v0.5.2/pkg/internal/controller/controller.go:233\nsigs.k8s.io/controller-runtime/pkg/internal/controller.(*Controller).worker\n\t/src/sieve-dependency/src/sigs.k8s.io/controller-runtime@v0.5.2/pkg/internal/controller/controller.go:212\nk8s.io/apimachinery/pkg/util/wait.JitterUntil.func1\n\t/go/pkg/mod/k8s.io/apimachinery@v0.17.4/pkg/util/wait/wait.go:152\nk8s.io/apimachinery/pkg/util/wait.JitterUntil\n\t/go/pkg/mod/k8s.io/apimachinery@v0.17.4/pkg/util/wait/wait.go:153\nk8s.io/apimachinery/pkg/util/wait.Until\n\t/go/pkg/mod/k8s.io/apimachinery@v0.17.4/pkg/util/wait/wait.go:88"}
2022-03-20 23:26:49.052886 I | yugabyte-k8s-operator: Reconciling YBCluster
2022-03-20 23:26:49.054460 I | yugabyte-k8s-operator: updating master headless service
2022-03-20 23:26:49.083807 I | yugabyte-k8s-operator: updating tserver headless service
2022-03-20 23:26:49.090608 I | yugabyte-k8s-operator: updating master ui service
2022-03-20 23:26:49.096156 I | yugabyte-k8s-operator: updating master statefulset
2022-03-20 23:26:49.112552 I | yugabyte-k8s-operator: updating tserver statefulset
2022-03-20 23:26:49.117570 I | yugabyte-k8s-operator: updating Status condition ScalingDownTServers: False
2022-03-20 23:26:49.125746 I | yugabyte-k8s-operator: running command 'yb-admin get_universe_config' in YB-Master pod: yb-master-0, command: ["bash" "-c" "/home/yugabyte/bin/yb-admin --master_addresses yb-master-0.yb-masters.default.svc.cluster.local:7100,yb-master-1.yb-masters.default.svc.cluster.local:7100,yb-master-2.yb-masters.default.svc.cluster.local:7100 get_universe_config"]
{"level":"error","ts":1647818824.066567,"logger":"controller-runtime.controller","msg":"Reconciler error","controller":"ybcluster-controller","request":"default/example-ybcluster","error":"command terminated with exit code 137","stacktrace":"github.com/go-logr/zapr.(*zapLogger).Error\n\t/go/pkg/mod/github.com/go-logr/zapr@v0.1.1/zapr.go:128\nsigs.k8s.io/controller-runtime/pkg/internal/controller.(*Controller).reconcileHandler\n\t/src/sieve-dependency/src/sigs.k8s.io/controller-runtime@v0.5.2/pkg/internal/controller/controller.go:261\nsigs.k8s.io/controller-runtime/pkg/internal/controller.(*Controller).processNextWorkItem\n\t/src/sieve-dependency/src/sigs.k8s.io/controller-runtime@v0.5.2/pkg/internal/controller/controller.go:233\nsigs.k8s.io/controller-runtime/pkg/internal/controller.(*Controller).worker\n\t/src/sieve-dependency/src/sigs.k8s.io/controller-runtime@v0.5.2/pkg/internal/controller/controller.go:212\nk8s.io/apimachinery/pkg/util/wait.JitterUntil.func1\n\t/go/pkg/mod/k8s.io/apimachinery@v0.17.4/pkg/util/wait/wait.go:152\nk8s.io/apimachinery/pkg/util/wait.JitterUntil\n\t/go/pkg/mod/k8s.io/apimachinery@v0.17.4/pkg/util/wait/wait.go:153\nk8s.io/apimachinery/pkg/util/wait.Until\n\t/go/pkg/mod/k8s.io/apimachinery@v0.17.4/pkg/util/wait/wait.go:88"}
2022-03-20 23:27:05.067657 I | yugabyte-k8s-operator: Reconciling YBCluster
2022-03-20 23:27:05.080413 I | yugabyte-k8s-operator: Reconciling YBCluster
2022-03-20 23:27:05.094983 I | yugabyte-k8s-operator: Reconciling YBCluster
2022-03-20 23:27:05.421318 I | yugabyte-k8s-operator: Reconciling YBCluster
2022-03-20 23:27:05.422675 I | yugabyte-k8s-operator: Reconciling YBCluster
2022-03-20 23:27:05.438152 I | yugabyte-k8s-operator: Reconciling YBCluster
2022-03-20 23:27:05.444325 I | yugabyte-k8s-operator: Reconciling YBCluster
2022-03-20 23:27:05.452467 I | yugabyte-k8s-operator: Reconciling YBCluster
2022-03-20 23:27:05.464453 I | yugabyte-k8s-operator: Reconciling YBCluster
2022-03-20 23:27:16.909115 I | yugabyte-k8s-operator: Reconciling YBCluster
2022-03-20 23:27:16.911751 I | yugabyte-k8s-operator: Reconciling YBCluster
2022-03-20 23:27:16.926446 I | yugabyte-k8s-operator: Reconciling YBCluster
2022-03-20 23:27:16.933221 I | yugabyte-k8s-operator: Reconciling YBCluster
2022-03-20 23:27:17.215579 I | yugabyte-k8s-operator: Reconciling YBCluster
2022-03-20 23:27:17.219623 I | yugabyte-k8s-operator: Reconciling YBCluster
2022-03-20 23:27:17.226453 I | yugabyte-k8s-operator: Reconciling YBCluster
2022-03-20 23:27:17.230867 I | yugabyte-k8s-operator: Reconciling YBCluster
2022-03-20 23:27:22.093038 I | yugabyte-k8s-operator: Reconciling YBCluster
2022-03-20 23:27:22.094355 I | yugabyte-k8s-operator: creating a new Headless Service yb-masters for YBMasters in namespace default
2022-03-20 23:27:22.100618 I | yugabyte-k8s-operator: creating a new Headless Service yb-tservers for YBTServers in namespace default
2022-03-20 23:27:22.105733 I | yugabyte-k8s-operator: creating a new UI Service yb-master-ui for YBMasters in namespace default
2022-03-20 23:27:22.116961 I | yugabyte-k8s-operator: creating a new Statefulset yb-master for YBMasters in namespace default
2022-03-20 23:27:22.123371 I | yugabyte-k8s-operator: creating a new Statefulset yb-tserver for YBTServers in namespace default
2022-03-20 23:27:22.135300 I | yugabyte-k8s-operator: running command 'yb-admin get_universe_config' in YB-Master pod: yb-master-0, command: ["bash" "-c" "/home/yugabyte/bin/yb-admin --master_addresses yb-master-0.yb-masters.default.svc.cluster.local:7100,yb-master-1.yb-masters.default.svc.cluster.local:7100,yb-master-2.yb-masters.default.svc.cluster.local:7100 get_universe_config"]
{"level":"error","ts":1647818842.1873217,"logger":"controller-runtime.controller","msg":"Reconciler error","controller":"ybcluster-controller","request":"default/example-ybcluster","error":"unable to upgrade connection: container not found (\"yb-master\")","stacktrace":"github.com/go-logr/zapr.(*zapLogger).Error\n\t/go/pkg/mod/github.com/go-logr/zapr@v0.1.1/zapr.go:128\nsigs.k8s.io/controller-runtime/pkg/internal/controller.(*Controller).reconcileHandler\n\t/src/sieve-dependency/src/sigs.k8s.io/controller-runtime@v0.5.2/pkg/internal/controller/controller.go:261\nsigs.k8s.io/controller-runtime/pkg/internal/controller.(*Controller).processNextWorkItem\n\t/src/sieve-dependency/src/sigs.k8s.io/controller-runtime@v0.5.2/pkg/internal/controller/controller.go:233\nsigs.k8s.io/controller-runtime/pkg/internal/controller.(*Controller).worker\n\t/src/sieve-dependency/src/sigs.k8s.io/controller-runtime@v0.5.2/pkg/internal/controller/controller.go:212\nk8s.io/apimachinery/pkg/util/wait.JitterUntil.func1\n\t/go/pkg/mod/k8s.io/apimachinery@v0.17.4/pkg/util/wait/wait.go:152\nk8s.io/apimachinery/pkg/util/wait.JitterUntil\n\t/go/pkg/mod/k8s.io/apimachinery@v0.17.4/pkg/util/wait/wait.go:153\nk8s.io/apimachinery/pkg/util/wait.Until\n\t/go/pkg/mod/k8s.io/apimachinery@v0.17.4/pkg/util/wait/wait.go:88"}
2022-03-20 23:27:23.190990 I | yugabyte-k8s-operator: Reconciling YBCluster
2022-03-20 23:27:23.193353 I | yugabyte-k8s-operator: updating master headless service
2022-03-20 23:27:23.203868 I | yugabyte-k8s-operator: updating tserver headless service
2022-03-20 23:27:23.211639 I | yugabyte-k8s-operator: updating master ui service
2022-03-20 23:27:23.218176 I | yugabyte-k8s-operator: updating master statefulset
2022-03-20 23:27:23.231047 I | yugabyte-k8s-operator: updating tserver statefulset
2022-03-20 23:27:23.236381 I | yugabyte-k8s-operator: updating Status condition ScalingDownTServers: False
2022-03-20 23:27:23.243582 I | yugabyte-k8s-operator: running command 'yb-admin get_universe_config' in YB-Master pod: yb-master-0, command: ["bash" "-c" "/home/yugabyte/bin/yb-admin --master_addresses yb-master-0.yb-masters.default.svc.cluster.local:7100,yb-master-1.yb-masters.default.svc.cluster.local:7100,yb-master-2.yb-masters.default.svc.cluster.local:7100 get_universe_config"]
{"level":"error","ts":1647818903.498234,"logger":"controller-runtime.controller","msg":"Reconciler error","controller":"ybcluster-controller","request":"default/example-ybcluster","error":"command terminated with exit code 1","stacktrace":"github.com/go-logr/zapr.(*zapLogger).Error\n\t/go/pkg/mod/github.com/go-logr/zapr@v0.1.1/zapr.go:128\nsigs.k8s.io/controller-runtime/pkg/internal/controller.(*Controller).reconcileHandler\n\t/src/sieve-dependency/src/sigs.k8s.io/controller-runtime@v0.5.2/pkg/internal/controller/controller.go:261\nsigs.k8s.io/controller-runtime/pkg/internal/controller.(*Controller).processNextWorkItem\n\t/src/sieve-dependency/src/sigs.k8s.io/controller-runtime@v0.5.2/pkg/internal/controller/controller.go:233\nsigs.k8s.io/controller-runtime/pkg/internal/controller.(*Controller).worker\n\t/src/sieve-dependency/src/sigs.k8s.io/controller-runtime@v0.5.2/pkg/internal/controller/controller.go:212\nk8s.io/apimachinery/pkg/util/wait.JitterUntil.func1\n\t/go/pkg/mod/k8s.io/apimachinery@v0.17.4/pkg/util/wait/wait.go:152\nk8s.io/apimachinery/pkg/util/wait.JitterUntil\n\t/go/pkg/mod/k8s.io/apimachinery@v0.17.4/pkg/util/wait/wait.go:153\nk8s.io/apimachinery/pkg/util/wait.Until\n\t/go/pkg/mod/k8s.io/apimachinery@v0.17.4/pkg/util/wait/wait.go:88"}
2022-03-20 23:28:24.499239 I | yugabyte-k8s-operator: Reconciling YBCluster
2022-03-20 23:28:24.500928 I | yugabyte-k8s-operator: updating master headless service
2022-03-20 23:28:24.507710 I | yugabyte-k8s-operator: updating tserver headless service
2022-03-20 23:28:24.513045 I | yugabyte-k8s-operator: updating master ui service
2022-03-20 23:28:24.517635 I | yugabyte-k8s-operator: updating master statefulset
2022-03-20 23:28:24.529132 I | yugabyte-k8s-operator: updating tserver statefulset
2022-03-20 23:28:24.550596 I | yugabyte-k8s-operator: updating Status condition ScalingDownTServers: False
2022-03-20 23:28:24.558788 I | yugabyte-k8s-operator: running command 'yb-admin get_universe_config' in YB-Master pod: yb-master-0, command: ["bash" "-c" "/home/yugabyte/bin/yb-admin --master_addresses yb-master-0.yb-masters.default.svc.cluster.local:7100,yb-master-1.yb-masters.default.svc.cluster.local:7100,yb-master-2.yb-masters.default.svc.cluster.local:7100 get_universe_config"]
2022-03-20 23:28:43.380878 I | yugabyte-k8s-operator: current blacklist from YB-Master: []
2022-03-20 23:28:43.380903 I | yugabyte-k8s-operator: pod yb-tserver-0.yb-tservers.default.svc.cluster.local:9100 is not in YB-Master blacklist, skipping.
2022-03-20 23:28:43.380907 I | yugabyte-k8s-operator: pod yb-tserver-1.yb-tservers.default.svc.cluster.local:9100 is not in YB-Master blacklist, skipping.
2022-03-20 23:28:43.380911 I | yugabyte-k8s-operator: pod yb-tserver-2.yb-tservers.default.svc.cluster.local:9100 is not in YB-Master blacklist, skipping.
2022-03-20 23:28:43.380932 I | yugabyte-k8s-operator: running command 'yb-admin get_load_move_completion' in YB-Master pod: yb-master-0, command: ["bash" "-c" "/home/yugabyte/bin/yb-admin --master_addresses yb-master-0.yb-masters.default.svc.cluster.local:7100,yb-master-1.yb-masters.default.svc.cluster.local:7100,yb-master-2.yb-masters.default.svc.cluster.local:7100 get_load_move_completion"]
2022-03-20 23:28:43.555127 I | yugabyte-k8s-operator: current data move progress: 100
2022-03-20 23:28:43.555154 I | yugabyte-k8s-operator: updating Status condition MovingData: False
