time="2022-03-19T16:44:10Z" level=info msg="Go Version: go1.15.11"
time="2022-03-19T16:44:10Z" level=info msg="Go OS/Arch: linux/amd64"
time="2022-03-19T16:44:10Z" level=info msg="operator-sdk Version: v0.18.0"
time="2022-03-19T16:44:10Z" level=info msg="casskop Version: 1.1.3"
time="2022-03-19T16:44:10Z" level=info msg="casskop Compilation Date: "
time="2022-03-19T16:44:10Z" level=info msg="casskop LogLevel: info"
time="2022-03-19T16:44:10Z" level=info msg="casskop ResyncPeriod: 10"
2022/03/19 16:44:10 config from env:
map[crdList:[cassandracluster cassandrarestore cassandrabackup] rateLimiterEnabled:false rateLimiterInterval:3]
time="2022-03-19T16:44:10Z" level=info msg="Writing ready file."
time="2022-03-19T16:44:10Z" level=info msg="Registering Components."
time="2022-03-19T16:44:10Z" level=info msg="Starting the Cmd."
time="2022-03-19T16:44:12Z" level=info msg="Will delete PVCs when nodes are removed" cluster=cassandra-cluster
time="2022-03-19T16:44:12Z" level=info msg="Initialization: Update CassandraCluster" cluster=cassandra-cluster
time="2022-03-19T16:44:12Z" level=info msg="failed to get cassandra's statefulset (cassandra-cluster-dc1-rack1) StatefulSet.apps \"cassandra-cluster-dc1-rack1\" not found" cluster=cassandra-cluster dc-rack=dc1-rack1
time="2022-03-19T16:44:12Z" level=info msg="Initializing StatefulSet: Replicas count is not okay" ReadyReplicas=0 RequestedReplicas=2 cluster=cassandra-cluster rack=dc1-rack1
time="2022-03-19T16:44:12Z" level=info msg="Waiting Rack to be running before continuing, we break ReconcileRack after updated statefulset" cluster=cassandra-cluster dc-rack=dc1-rack1
time="2022-03-19T16:44:12Z" level=error msg="Issue when updating CassandraCluster" cluster=cassandra-cluster err="Operation cannot be fulfilled on cassandraclusters.db.orange.com \"cassandra-cluster\": the object has been modified; please apply your changes to the latest version and try again"
time="2022-03-19T16:44:12Z" level=error msg="CheckPodsState Error: there is no pod" cluster=cassandra-cluster
time="2022-03-19T16:44:12Z" level=info msg="Initializing StatefulSet: Replicas count is not okay" ReadyReplicas=0 RequestedReplicas=2 cluster=cassandra-cluster rack=dc1-rack1
time="2022-03-19T16:44:12Z" level=info msg="Waiting Rack to be running before continuing, we break ReconcileRack after updated statefulset" cluster=cassandra-cluster dc-rack=dc1-rack1
time="2022-03-19T16:44:12Z" level=error msg="CheckPodsState Error: there is no pod" cluster=cassandra-cluster
time="2022-03-19T16:44:12Z" level=info msg="Initializing StatefulSet: Replicas count is not okay" ReadyReplicas=0 RequestedReplicas=2 cluster=cassandra-cluster rack=dc1-rack1
time="2022-03-19T16:44:12Z" level=info msg="Waiting Rack to be running before continuing, we break ReconcileRack after updated statefulset" cluster=cassandra-cluster dc-rack=dc1-rack1
time="2022-03-19T16:44:17Z" level=error msg="CheckPodsState Error: there is no pod" cluster=cassandra-cluster
time="2022-03-19T16:44:17Z" level=info msg="Initializing StatefulSet: Replicas count is not okay" ReadyReplicas=0 RequestedReplicas=2 cluster=cassandra-cluster rack=dc1-rack1
time="2022-03-19T16:44:17Z" level=info msg="Waiting Rack to be running before continuing, we break ReconcileRack after updated statefulset" cluster=cassandra-cluster dc-rack=dc1-rack1
time="2022-03-19T16:44:22Z" level=error msg="CheckPodsState Error: there is no pod" cluster=cassandra-cluster
time="2022-03-19T16:44:22Z" level=info msg="Initializing StatefulSet: Replicas count is not okay" ReadyReplicas=0 RequestedReplicas=2 cluster=cassandra-cluster rack=dc1-rack1
time="2022-03-19T16:44:22Z" level=info msg="Waiting Rack to be running before continuing, we break ReconcileRack after updated statefulset" cluster=cassandra-cluster dc-rack=dc1-rack1
time="2022-03-19T16:44:27Z" level=error msg="CheckPodsState Error: there is no pod" cluster=cassandra-cluster
time="2022-03-19T16:44:27Z" level=info msg="Initializing StatefulSet: Replicas count is not okay" ReadyReplicas=0 RequestedReplicas=2 cluster=cassandra-cluster rack=dc1-rack1
time="2022-03-19T16:44:27Z" level=info msg="Waiting Rack to be running before continuing, we break ReconcileRack after updated statefulset" cluster=cassandra-cluster dc-rack=dc1-rack1
time="2022-03-19T16:44:32Z" level=error msg="CheckPodsState Error: there is no pod" cluster=cassandra-cluster
time="2022-03-19T16:44:32Z" level=info msg="Initializing StatefulSet: Replicas count is not okay" ReadyReplicas=0 RequestedReplicas=2 cluster=cassandra-cluster rack=dc1-rack1
time="2022-03-19T16:44:32Z" level=info msg="Waiting Rack to be running before continuing, we break ReconcileRack after updated statefulset" cluster=cassandra-cluster dc-rack=dc1-rack1
time="2022-03-19T16:44:37Z" level=error msg="CheckPodsState Error: there is no pod" cluster=cassandra-cluster
time="2022-03-19T16:44:37Z" level=info msg="Initializing StatefulSet: Replicas count is not okay" ReadyReplicas=0 RequestedReplicas=2 cluster=cassandra-cluster rack=dc1-rack1
time="2022-03-19T16:44:37Z" level=info msg="Waiting Rack to be running before continuing, we break ReconcileRack after updated statefulset" cluster=cassandra-cluster dc-rack=dc1-rack1
time="2022-03-19T16:44:42Z" level=error msg="CheckPodsState Error: there is no pod" cluster=cassandra-cluster
time="2022-03-19T16:44:42Z" level=info msg="Initializing StatefulSet: Replicas count is not okay" ReadyReplicas=0 RequestedReplicas=2 cluster=cassandra-cluster rack=dc1-rack1
time="2022-03-19T16:44:42Z" level=info msg="Waiting Rack to be running before continuing, we break ReconcileRack after updated statefulset" cluster=cassandra-cluster dc-rack=dc1-rack1
time="2022-03-19T16:44:47Z" level=error msg="CheckPodsState Error: there is no pod" cluster=cassandra-cluster
time="2022-03-19T16:44:47Z" level=info msg="Initializing StatefulSet: Replicas count is not okay" ReadyReplicas=0 RequestedReplicas=2 cluster=cassandra-cluster rack=dc1-rack1
time="2022-03-19T16:44:47Z" level=info msg="Waiting Rack to be running before continuing, we break ReconcileRack after updated statefulset" cluster=cassandra-cluster dc-rack=dc1-rack1
time="2022-03-19T16:44:52Z" level=error msg="CheckPodsState Error: there is no pod" cluster=cassandra-cluster
time="2022-03-19T16:44:52Z" level=info msg="Initializing StatefulSet: Replicas count is not okay" ReadyReplicas=0 RequestedReplicas=2 cluster=cassandra-cluster rack=dc1-rack1
time="2022-03-19T16:44:52Z" level=info msg="Waiting Rack to be running before continuing, we break ReconcileRack after updated statefulset" cluster=cassandra-cluster dc-rack=dc1-rack1
time="2022-03-19T16:44:57Z" level=error msg="CheckPodsState Error: there is no pod" cluster=cassandra-cluster
time="2022-03-19T16:44:57Z" level=info msg="Initializing StatefulSet: Replicas count is not okay" ReadyReplicas=0 RequestedReplicas=2 cluster=cassandra-cluster rack=dc1-rack1
time="2022-03-19T16:44:57Z" level=info msg="Waiting Rack to be running before continuing, we break ReconcileRack after updated statefulset" cluster=cassandra-cluster dc-rack=dc1-rack1
time="2022-03-19T16:45:02Z" level=error msg="CheckPodsState Error: there is no pod" cluster=cassandra-cluster
time="2022-03-19T16:45:02Z" level=info msg="Initializing StatefulSet: Replicas count is not okay" ReadyReplicas=0 RequestedReplicas=2 cluster=cassandra-cluster rack=dc1-rack1
time="2022-03-19T16:45:02Z" level=info msg="Waiting Rack to be running before continuing, we break ReconcileRack after updated statefulset" cluster=cassandra-cluster dc-rack=dc1-rack1
time="2022-03-19T16:45:07Z" level=error msg="CheckPodsState Error: there is no pod" cluster=cassandra-cluster
time="2022-03-19T16:45:07Z" level=info msg="Initializing StatefulSet: Replicas count is not okay" ReadyReplicas=0 RequestedReplicas=2 cluster=cassandra-cluster rack=dc1-rack1
time="2022-03-19T16:45:07Z" level=info msg="Waiting Rack to be running before continuing, we break ReconcileRack after updated statefulset" cluster=cassandra-cluster dc-rack=dc1-rack1
time="2022-03-19T16:45:12Z" level=error msg="CheckPodsState Error: there is no pod" cluster=cassandra-cluster
time="2022-03-19T16:45:12Z" level=info msg="Initializing StatefulSet: Replicas count is not okay" ReadyReplicas=0 RequestedReplicas=2 cluster=cassandra-cluster rack=dc1-rack1
time="2022-03-19T16:45:12Z" level=info msg="Waiting Rack to be running before continuing, we break ReconcileRack after updated statefulset" cluster=cassandra-cluster dc-rack=dc1-rack1
time="2022-03-19T16:45:17Z" level=error msg="CheckPodsState Error: there is no pod" cluster=cassandra-cluster
time="2022-03-19T16:45:17Z" level=info msg="Initializing StatefulSet: Replicas count is not okay" ReadyReplicas=0 RequestedReplicas=2 cluster=cassandra-cluster rack=dc1-rack1
time="2022-03-19T16:45:17Z" level=info msg="Waiting Rack to be running before continuing, we break ReconcileRack after updated statefulset" cluster=cassandra-cluster dc-rack=dc1-rack1
time="2022-03-19T16:45:22Z" level=error msg="CheckPodsState Error: there is no pod" cluster=cassandra-cluster
time="2022-03-19T16:45:22Z" level=info msg="Initializing StatefulSet: Replicas count is not okay" ReadyReplicas=0 RequestedReplicas=2 cluster=cassandra-cluster rack=dc1-rack1
time="2022-03-19T16:45:22Z" level=info msg="Waiting Rack to be running before continuing, we break ReconcileRack after updated statefulset" cluster=cassandra-cluster dc-rack=dc1-rack1
time="2022-03-19T16:45:27Z" level=error msg="CheckPodsState Error: there is no pod" cluster=cassandra-cluster
time="2022-03-19T16:45:27Z" level=info msg="Initializing StatefulSet: Replicas count is not okay" ReadyReplicas=0 RequestedReplicas=2 cluster=cassandra-cluster rack=dc1-rack1
time="2022-03-19T16:45:27Z" level=info msg="Waiting Rack to be running before continuing, we break ReconcileRack after updated statefulset" cluster=cassandra-cluster dc-rack=dc1-rack1
time="2022-03-19T16:45:32Z" level=info msg="We will request : cassandra-cluster-dc1-rack1-0.cassandra-cluster to catch hostIdMap" cluster=cassandra-cluster err="<nil>"
time="2022-03-19T16:45:32Z" level=info msg="Initializing StatefulSet: Replicas count is not okay" ReadyReplicas=1 RequestedReplicas=2 cluster=cassandra-cluster rack=dc1-rack1
time="2022-03-19T16:45:32Z" level=info msg="Waiting Rack to be running before continuing, we break ReconcileRack after updated statefulset" cluster=cassandra-cluster dc-rack=dc1-rack1
time="2022-03-19T16:45:32Z" level=info msg="We will request : cassandra-cluster-dc1-rack1-0.cassandra-cluster to catch hostIdMap" cluster=cassandra-cluster err="<nil>"
time="2022-03-19T16:45:32Z" level=info msg="Initializing StatefulSet: Replicas count is not okay" ReadyReplicas=1 RequestedReplicas=2 cluster=cassandra-cluster rack=dc1-rack1
time="2022-03-19T16:45:32Z" level=info msg="Waiting Rack to be running before continuing, we break ReconcileRack after updated statefulset" cluster=cassandra-cluster dc-rack=dc1-rack1
time="2022-03-19T16:45:32Z" level=info msg="We will request : cassandra-cluster-dc1-rack1-0.cassandra-cluster to catch hostIdMap" cluster=cassandra-cluster err="<nil>"
time="2022-03-19T16:45:32Z" level=info msg="Initializing StatefulSet: Replicas count is not okay" ReadyReplicas=1 RequestedReplicas=2 cluster=cassandra-cluster rack=dc1-rack1
time="2022-03-19T16:45:32Z" level=info msg="Waiting Rack to be running before continuing, we break ReconcileRack after updated statefulset" cluster=cassandra-cluster dc-rack=dc1-rack1
time="2022-03-19T16:45:37Z" level=info msg="We will request : cassandra-cluster-dc1-rack1-0.cassandra-cluster to catch hostIdMap" cluster=cassandra-cluster err="<nil>"
time="2022-03-19T16:45:37Z" level=info msg="Initializing StatefulSet: Replicas count is not okay" ReadyReplicas=1 RequestedReplicas=2 cluster=cassandra-cluster rack=dc1-rack1
time="2022-03-19T16:45:38Z" level=info msg="Waiting Rack to be running before continuing, we break ReconcileRack after updated statefulset" cluster=cassandra-cluster dc-rack=dc1-rack1
time="2022-03-19T16:45:43Z" level=info msg="We will request : cassandra-cluster-dc1-rack1-0.cassandra-cluster to catch hostIdMap" cluster=cassandra-cluster err="<nil>"
time="2022-03-19T16:45:43Z" level=info msg="Initializing StatefulSet: Replicas count is not okay" ReadyReplicas=1 RequestedReplicas=2 cluster=cassandra-cluster rack=dc1-rack1
time="2022-03-19T16:45:43Z" level=info msg="Waiting Rack to be running before continuing, we break ReconcileRack after updated statefulset" cluster=cassandra-cluster dc-rack=dc1-rack1
time="2022-03-19T16:45:48Z" level=info msg="We will request : cassandra-cluster-dc1-rack1-0.cassandra-cluster to catch hostIdMap" cluster=cassandra-cluster err="<nil>"
time="2022-03-19T16:45:48Z" level=info msg="Initializing StatefulSet: Replicas count is not okay" ReadyReplicas=1 RequestedReplicas=2 cluster=cassandra-cluster rack=dc1-rack1
time="2022-03-19T16:45:48Z" level=info msg="Waiting Rack to be running before continuing, we break ReconcileRack after updated statefulset" cluster=cassandra-cluster dc-rack=dc1-rack1
time="2022-03-19T16:45:53Z" level=info msg="We will request : cassandra-cluster-dc1-rack1-0.cassandra-cluster to catch hostIdMap" cluster=cassandra-cluster err="<nil>"
time="2022-03-19T16:45:53Z" level=info msg="Initializing StatefulSet: Replicas count is not okay" ReadyReplicas=1 RequestedReplicas=2 cluster=cassandra-cluster rack=dc1-rack1
time="2022-03-19T16:45:53Z" level=info msg="Waiting Rack to be running before continuing, we break ReconcileRack after updated statefulset" cluster=cassandra-cluster dc-rack=dc1-rack1
time="2022-03-19T16:45:58Z" level=info msg="We will request : cassandra-cluster-dc1-rack1-0.cassandra-cluster to catch hostIdMap" cluster=cassandra-cluster err="<nil>"
time="2022-03-19T16:45:58Z" level=info msg="Initializing StatefulSet: Replicas count is not okay" ReadyReplicas=1 RequestedReplicas=2 cluster=cassandra-cluster rack=dc1-rack1
time="2022-03-19T16:45:58Z" level=info msg="Waiting Rack to be running before continuing, we break ReconcileRack after updated statefulset" cluster=cassandra-cluster dc-rack=dc1-rack1
time="2022-03-19T16:46:03Z" level=info msg="We will request : cassandra-cluster-dc1-rack1-0.cassandra-cluster to catch hostIdMap" cluster=cassandra-cluster err="<nil>"
time="2022-03-19T16:46:03Z" level=info msg="Initializing StatefulSet: Replicas count is not okay" ReadyReplicas=1 RequestedReplicas=2 cluster=cassandra-cluster rack=dc1-rack1
time="2022-03-19T16:46:03Z" level=info msg="Waiting Rack to be running before continuing, we break ReconcileRack after updated statefulset" cluster=cassandra-cluster dc-rack=dc1-rack1
time="2022-03-19T16:46:08Z" level=info msg="We will request : cassandra-cluster-dc1-rack1-0.cassandra-cluster to catch hostIdMap" cluster=cassandra-cluster err="<nil>"
time="2022-03-19T16:46:08Z" level=info msg="Initializing StatefulSet: Replicas count is not okay" ReadyReplicas=1 RequestedReplicas=2 cluster=cassandra-cluster rack=dc1-rack1
time="2022-03-19T16:46:08Z" level=info msg="Waiting Rack to be running before continuing, we break ReconcileRack after updated statefulset" cluster=cassandra-cluster dc-rack=dc1-rack1
time="2022-03-19T16:46:13Z" level=info msg="We will request : cassandra-cluster-dc1-rack1-0.cassandra-cluster to catch hostIdMap" cluster=cassandra-cluster err="<nil>"
time="2022-03-19T16:46:13Z" level=info msg="Initializing StatefulSet: Replicas count is not okay" ReadyReplicas=1 RequestedReplicas=2 cluster=cassandra-cluster rack=dc1-rack1
time="2022-03-19T16:46:13Z" level=info msg="Waiting Rack to be running before continuing, we break ReconcileRack after updated statefulset" cluster=cassandra-cluster dc-rack=dc1-rack1
time="2022-03-19T16:46:18Z" level=info msg="We will request : cassandra-cluster-dc1-rack1-0.cassandra-cluster to catch hostIdMap" cluster=cassandra-cluster err="<nil>"
time="2022-03-19T16:46:18Z" level=info msg="Initializing StatefulSet: Replicas count is not okay" ReadyReplicas=1 RequestedReplicas=2 cluster=cassandra-cluster rack=dc1-rack1
time="2022-03-19T16:46:18Z" level=info msg="Waiting Rack to be running before continuing, we break ReconcileRack after updated statefulset" cluster=cassandra-cluster dc-rack=dc1-rack1
time="2022-03-19T16:46:23Z" level=info msg="We will request : cassandra-cluster-dc1-rack1-0.cassandra-cluster to catch hostIdMap" cluster=cassandra-cluster err="<nil>"
time="2022-03-19T16:46:23Z" level=info msg="Initializing StatefulSet: Replicas count is not okay" ReadyReplicas=1 RequestedReplicas=2 cluster=cassandra-cluster rack=dc1-rack1
time="2022-03-19T16:46:23Z" level=info msg="Waiting Rack to be running before continuing, we break ReconcileRack after updated statefulset" cluster=cassandra-cluster dc-rack=dc1-rack1
time="2022-03-19T16:46:28Z" level=info msg="We will request : cassandra-cluster-dc1-rack1-0.cassandra-cluster to catch hostIdMap" cluster=cassandra-cluster err="<nil>"
time="2022-03-19T16:46:28Z" level=info msg="Initializing StatefulSet: Replicas count is not okay" ReadyReplicas=1 RequestedReplicas=2 cluster=cassandra-cluster rack=dc1-rack1
time="2022-03-19T16:46:28Z" level=info msg="Waiting Rack to be running before continuing, we break ReconcileRack after updated statefulset" cluster=cassandra-cluster dc-rack=dc1-rack1
time="2022-03-19T16:46:33Z" level=info msg="We will request : cassandra-cluster-dc1-rack1-0.cassandra-cluster to catch hostIdMap" cluster=cassandra-cluster err="<nil>"
time="2022-03-19T16:46:33Z" level=info msg="Initializing StatefulSet: Replicas count is not okay" ReadyReplicas=1 RequestedReplicas=2 cluster=cassandra-cluster rack=dc1-rack1
time="2022-03-19T16:46:33Z" level=info msg="Waiting Rack to be running before continuing, we break ReconcileRack after updated statefulset" cluster=cassandra-cluster dc-rack=dc1-rack1
time="2022-03-19T16:46:38Z" level=info msg="We will request : cassandra-cluster-dc1-rack1-0.cassandra-cluster to catch hostIdMap" cluster=cassandra-cluster err="<nil>"
time="2022-03-19T16:46:38Z" level=info msg="Initializing StatefulSet: Replicas count is not okay" ReadyReplicas=1 RequestedReplicas=2 cluster=cassandra-cluster rack=dc1-rack1
time="2022-03-19T16:46:38Z" level=info msg="Waiting Rack to be running before continuing, we break ReconcileRack after updated statefulset" cluster=cassandra-cluster dc-rack=dc1-rack1
time="2022-03-19T16:46:43Z" level=info msg="We will request : cassandra-cluster-dc1-rack1-0.cassandra-cluster to catch hostIdMap" cluster=cassandra-cluster err="<nil>"
time="2022-03-19T16:46:43Z" level=info msg="Initializing StatefulSet: Replicas count is not okay" ReadyReplicas=1 RequestedReplicas=2 cluster=cassandra-cluster rack=dc1-rack1
time="2022-03-19T16:46:43Z" level=info msg="Waiting Rack to be running before continuing, we break ReconcileRack after updated statefulset" cluster=cassandra-cluster dc-rack=dc1-rack1
time="2022-03-19T16:46:48Z" level=info msg="We will request : cassandra-cluster-dc1-rack1-0.cassandra-cluster to catch hostIdMap" cluster=cassandra-cluster err="<nil>"
time="2022-03-19T16:46:48Z" level=info msg="Initializing StatefulSet: Replicas count is not okay" ReadyReplicas=1 RequestedReplicas=2 cluster=cassandra-cluster rack=dc1-rack1
time="2022-03-19T16:46:48Z" level=info msg="Waiting Rack to be running before continuing, we break ReconcileRack after updated statefulset" cluster=cassandra-cluster dc-rack=dc1-rack1
time="2022-03-19T16:46:53Z" level=info msg="We will request : cassandra-cluster-dc1-rack1-0.cassandra-cluster to catch hostIdMap" cluster=cassandra-cluster err="<nil>"
time="2022-03-19T16:46:53Z" level=info msg="StatefulSet: Replicas count is okay" ReadyReplicas=2 RequestedReplicas=2 cluster=cassandra-cluster rack=dc1-rack1
time="2022-03-19T16:46:53Z" level=info msg="Action Initializing is done!" cluster=cassandra-cluster
time="2022-03-19T16:46:53Z" level=info msg="We will request : cassandra-cluster-dc1-rack1-0.cassandra-cluster to catch hostIdMap" cluster=cassandra-cluster err="<nil>"
time="2022-03-19T16:46:53Z" level=info msg="We will request : cassandra-cluster-dc1-rack1-0.cassandra-cluster to catch hostIdMap" cluster=cassandra-cluster err="<nil>"
time="2022-03-19T16:46:58Z" level=info msg="We will request : cassandra-cluster-dc1-rack1-0.cassandra-cluster to catch hostIdMap" cluster=cassandra-cluster err="<nil>"
time="2022-03-19T16:46:58Z" level=info msg="We will request : cassandra-cluster-dc1-rack1-0.cassandra-cluster to catch hostIdMap" cluster=cassandra-cluster err="<nil>"
time="2022-03-19T16:46:58Z" level=info msg="[cassandra-cluster][dc1-rack1]: Scaling Cluster : Ask 1 and have 2 --> ScaleDown"
time="2022-03-19T16:46:58Z" level=info msg="ScaleDown detected, we launch decommission" cluster=cassandra-cluster pod=cassandra-cluster-dc1-rack1-1 rack=dc1-rack1
time="2022-03-19T16:46:58Z" level=info msg="Update Rack Status: Pending" cluster=cassandra-cluster dc-rack=dc1-rack1
time="2022-03-19T16:46:58Z" level=info msg="We will request : cassandra-cluster-dc1-rack1-0.cassandra-cluster to catch hostIdMap" cluster=cassandra-cluster err="<nil>"
time="2022-03-19T16:46:58Z" level=info msg="StatefulSet: Rack Phase is not Running" ReadyReplicas=2 RequestedReplicas=2 cluster=cassandra-cluster rack=dc1-rack1
time="2022-03-19T16:46:58Z" level=info msg="We don't check for new action before the cluster become stable again" cluster=cassandra-cluster dc-rack=dc1-rack1
time="2022-03-19T16:46:58Z" level=info msg="Cassandra node is decommissioning, we need to wait" cluster=cassandra-cluster operationMode=LEAVING pod=cassandra-cluster-dc1-rack1-1 rack=dc1-rack1
time="2022-03-19T16:46:58Z" level=info msg="We will request : cassandra-cluster-dc1-rack1-0.cassandra-cluster to catch hostIdMap" cluster=cassandra-cluster err="<nil>"
time="2022-03-19T16:46:58Z" level=info msg="We don't check for new action before the cluster become stable again" cluster=cassandra-cluster dc-rack=dc1-rack1
time="2022-03-19T16:46:58Z" level=info msg="Cassandra node is decommissioning, we need to wait" cluster=cassandra-cluster operationMode=LEAVING pod=cassandra-cluster-dc1-rack1-1 rack=dc1-rack1
time="2022-03-19T16:46:58Z" level=info msg="We will request : cassandra-cluster-dc1-rack1-0.cassandra-cluster to catch hostIdMap" cluster=cassandra-cluster err="<nil>"
time="2022-03-19T16:46:58Z" level=info msg="We don't check for new action before the cluster become stable again" cluster=cassandra-cluster dc-rack=dc1-rack1
time="2022-03-19T16:46:58Z" level=info msg="Cassandra node is decommissioning, we need to wait" cluster=cassandra-cluster operationMode=LEAVING pod=cassandra-cluster-dc1-rack1-1 rack=dc1-rack1
time="2022-03-19T16:47:03Z" level=info msg="We will request : cassandra-cluster-dc1-rack1-0.cassandra-cluster to catch hostIdMap" cluster=cassandra-cluster err="<nil>"
time="2022-03-19T16:47:03Z" level=info msg="We don't check for new action before the cluster become stable again" cluster=cassandra-cluster dc-rack=dc1-rack1
time="2022-03-19T16:47:03Z" level=info msg="Cassandra node is decommissioning, we need to wait" cluster=cassandra-cluster operationMode=LEAVING pod=cassandra-cluster-dc1-rack1-1 rack=dc1-rack1
time="2022-03-19T16:47:08Z" level=info msg="We will request : cassandra-cluster-dc1-rack1-0.cassandra-cluster to catch hostIdMap" cluster=cassandra-cluster err="<nil>"
time="2022-03-19T16:47:08Z" level=info msg="We don't check for new action before the cluster become stable again" cluster=cassandra-cluster dc-rack=dc1-rack1
time="2022-03-19T16:47:08Z" level=info msg="Cassandra node is decommissioning, we need to wait" cluster=cassandra-cluster operationMode=LEAVING pod=cassandra-cluster-dc1-rack1-1 rack=dc1-rack1
time="2022-03-19T16:47:13Z" level=info msg="We will request : cassandra-cluster-dc1-rack1-0.cassandra-cluster to catch hostIdMap" cluster=cassandra-cluster err="<nil>"
time="2022-03-19T16:47:13Z" level=info msg="We don't check for new action before the cluster become stable again" cluster=cassandra-cluster dc-rack=dc1-rack1
time="2022-03-19T16:47:13Z" level=info msg="Cassandra node is decommissioning, we need to wait" cluster=cassandra-cluster operationMode=LEAVING pod=cassandra-cluster-dc1-rack1-1 rack=dc1-rack1
time="2022-03-19T16:47:18Z" level=info msg="We will request : cassandra-cluster-dc1-rack1-0.cassandra-cluster to catch hostIdMap" cluster=cassandra-cluster err="<nil>"
time="2022-03-19T16:47:18Z" level=info msg="We don't check for new action before the cluster become stable again" cluster=cassandra-cluster dc-rack=dc1-rack1
time="2022-03-19T16:47:18Z" level=info msg="Cassandra node is decommissioning, we need to wait" cluster=cassandra-cluster operationMode=LEAVING pod=cassandra-cluster-dc1-rack1-1 rack=dc1-rack1
time="2022-03-19T16:47:23Z" level=info msg="We will request : cassandra-cluster-dc1-rack1-0.cassandra-cluster to catch hostIdMap" cluster=cassandra-cluster err="<nil>"
time="2022-03-19T16:47:23Z" level=info msg="We don't check for new action before the cluster become stable again" cluster=cassandra-cluster dc-rack=dc1-rack1
time="2022-03-19T16:47:23Z" level=info msg="Cassandra node is decommissioning, we need to wait" cluster=cassandra-cluster operationMode=LEAVING pod=cassandra-cluster-dc1-rack1-1 rack=dc1-rack1
time="2022-03-19T16:47:28Z" level=info msg="We will request : cassandra-cluster-dc1-rack1-0.cassandra-cluster to catch hostIdMap" cluster=cassandra-cluster err="<nil>"
time="2022-03-19T16:47:28Z" level=info msg="We don't check for new action before the cluster become stable again" cluster=cassandra-cluster dc-rack=dc1-rack1
time="2022-03-19T16:47:28Z" level=info msg="Cassandra node is decommissioning, we need to wait" cluster=cassandra-cluster operationMode=LEAVING pod=cassandra-cluster-dc1-rack1-1 rack=dc1-rack1
time="2022-03-19T16:47:33Z" level=info msg="We will request : cassandra-cluster-dc1-rack1-0.cassandra-cluster to catch hostIdMap" cluster=cassandra-cluster err="<nil>"
time="2022-03-19T16:47:33Z" level=info msg="We don't check for new action before the cluster become stable again" cluster=cassandra-cluster dc-rack=dc1-rack1
time="2022-03-19T16:47:33Z" level=info msg="Cassandra node is decommissioning, we need to wait" cluster=cassandra-cluster operationMode=LEAVING pod=cassandra-cluster-dc1-rack1-1 rack=dc1-rack1
time="2022-03-19T16:47:38Z" level=info msg="We will request : cassandra-cluster-dc1-rack1-0.cassandra-cluster to catch hostIdMap" cluster=cassandra-cluster err="<nil>"
time="2022-03-19T16:47:38Z" level=info msg="We don't check for new action before the cluster become stable again" cluster=cassandra-cluster dc-rack=dc1-rack1
time="2022-03-19T16:47:38Z" level=info msg="Cassandra node is decommissioning, we need to wait" cluster=cassandra-cluster operationMode=LEAVING pod=cassandra-cluster-dc1-rack1-1 rack=dc1-rack1
time="2022-03-19T16:47:43Z" level=info msg="We will request : cassandra-cluster-dc1-rack1-0.cassandra-cluster to catch hostIdMap" cluster=cassandra-cluster err="<nil>"
time="2022-03-19T16:47:43Z" level=info msg="We don't check for new action before the cluster become stable again" cluster=cassandra-cluster dc-rack=dc1-rack1
time="2022-03-19T16:47:43Z" level=info msg="Cassandra node is decommissioning, we need to wait" cluster=cassandra-cluster operationMode=LEAVING pod=cassandra-cluster-dc1-rack1-1 rack=dc1-rack1
time="2022-03-19T16:47:48Z" level=info msg="We will request : cassandra-cluster-dc1-rack1-0.cassandra-cluster to catch hostIdMap" cluster=cassandra-cluster err="<nil>"
time="2022-03-19T16:47:48Z" level=info msg="We don't check for new action before the cluster become stable again" cluster=cassandra-cluster dc-rack=dc1-rack1
time="2022-03-19T16:47:48Z" level=info msg="Cassandra node is decommissioning, we need to wait" cluster=cassandra-cluster operationMode=LEAVING pod=cassandra-cluster-dc1-rack1-1 rack=dc1-rack1
time="2022-03-19T16:47:53Z" level=info msg="We will request : cassandra-cluster-dc1-rack1-0.cassandra-cluster to catch hostIdMap" cluster=cassandra-cluster err="<nil>"
time="2022-03-19T16:47:53Z" level=info msg="We don't check for new action before the cluster become stable again" cluster=cassandra-cluster dc-rack=dc1-rack1
time="2022-03-19T16:47:53Z" level=info msg="Cassandra node is decommissioning, we need to wait" cluster=cassandra-cluster operationMode=LEAVING pod=cassandra-cluster-dc1-rack1-1 rack=dc1-rack1
time="2022-03-19T16:47:58Z" level=info msg="We will request : cassandra-cluster-dc1-rack1-0.cassandra-cluster to catch hostIdMap" cluster=cassandra-cluster err="<nil>"
time="2022-03-19T16:47:58Z" level=info msg="We don't check for new action before the cluster become stable again" cluster=cassandra-cluster dc-rack=dc1-rack1
time="2022-03-19T16:47:58Z" level=info msg="Cassandra node is decommissioning, we need to wait" cluster=cassandra-cluster operationMode=LEAVING pod=cassandra-cluster-dc1-rack1-1 rack=dc1-rack1
time="2022-03-19T16:48:03Z" level=info msg="We will request : cassandra-cluster-dc1-rack1-0.cassandra-cluster to catch hostIdMap" cluster=cassandra-cluster err="<nil>"
time="2022-03-19T16:48:03Z" level=info msg="We don't check for new action before the cluster become stable again" cluster=cassandra-cluster dc-rack=dc1-rack1
time="2022-03-19T16:48:03Z" level=info msg="Node has left the ring, waiting for statefulset Scaledown" cluster=cassandra-cluster lastPod=cassandra-cluster-dc1-rack1-1 operationMode=DECOMMISSIONED rack=dc1-rack1
time="2022-03-19T16:48:04Z" level=info msg="Statefulset has new revision, we continue" cluster=cassandra-cluster statefulset=cassandra-cluster-dc1-rack1
time="2022-03-19T16:48:04Z" level=info msg="We will request : cassandra-cluster-dc1-rack1-0.cassandra-cluster to catch hostIdMap" cluster=cassandra-cluster err="<nil>"
time="2022-03-19T16:48:04Z" level=info msg="StatefulSet: Replicas count is not okay" ReadyReplicas=2 RequestedReplicas=1 cluster=cassandra-cluster rack=dc1-rack1
time="2022-03-19T16:48:04Z" level=info msg="The Operator Waits 20 seconds for the action to start correctly" cluster=cassandra-cluster rack=dc1-rack1
time="2022-03-19T16:48:04Z" level=info msg="Statefulset is scaling down, waiting.." cluster=cassandra-cluster lastPod=cassandra-cluster-dc1-rack1-1 rack=dc1-rack1
time="2022-03-19T16:48:04Z" level=info msg="Update Rack Status: Pending" cluster=cassandra-cluster dc-rack=dc1-rack1
time="2022-03-19T16:48:04Z" level=info msg="We will request : cassandra-cluster-dc1-rack1-0.cassandra-cluster to catch hostIdMap" cluster=cassandra-cluster err="<nil>"
time="2022-03-19T16:48:04Z" level=info msg="StatefulSet: Replicas count is not okay" ReadyReplicas=2 RequestedReplicas=1 cluster=cassandra-cluster rack=dc1-rack1
time="2022-03-19T16:48:04Z" level=info msg="The Operator Waits 20 seconds for the action to start correctly" cluster=cassandra-cluster rack=dc1-rack1
time="2022-03-19T16:48:04Z" level=info msg="Statefulset is scaling down, waiting.." cluster=cassandra-cluster lastPod=cassandra-cluster-dc1-rack1-1 rack=dc1-rack1
time="2022-03-19T16:48:04Z" level=info msg="We will request : cassandra-cluster-dc1-rack1-0.cassandra-cluster to catch hostIdMap" cluster=cassandra-cluster err="<nil>"
time="2022-03-19T16:48:04Z" level=info msg="StatefulSet: Replicas count is not okay" ReadyReplicas=2 RequestedReplicas=1 cluster=cassandra-cluster rack=dc1-rack1
time="2022-03-19T16:48:04Z" level=info msg="The Operator Waits 20 seconds for the action to start correctly" cluster=cassandra-cluster rack=dc1-rack1
time="2022-03-19T16:48:04Z" level=info msg="Statefulset is scaling down, waiting.." cluster=cassandra-cluster lastPod=cassandra-cluster-dc1-rack1-1 rack=dc1-rack1
time="2022-03-19T16:48:09Z" level=info msg="We will request : cassandra-cluster-dc1-rack1-0.cassandra-cluster to catch hostIdMap" cluster=cassandra-cluster err="<nil>"
time="2022-03-19T16:48:09Z" level=info msg="StatefulSet: Rack Phase is not Running" ReadyReplicas=1 RequestedReplicas=1 cluster=cassandra-cluster rack=dc1-rack1
time="2022-03-19T16:48:09Z" level=info msg="The Operator Waits 20 seconds for the action to start correctly" cluster=cassandra-cluster rack=dc1-rack1
time="2022-03-19T16:48:09Z" level=info msg="Decommission done -> we delete PVC" cluster=cassandra-cluster pvc=data-cassandra-cluster-dc1-rack1-1 rack=dc1-rack1
time="2022-03-19T16:48:09Z" level=info msg="PVC deleted" cluster=cassandra-cluster pvc=data-cassandra-cluster-dc1-rack1-1 rack=dc1-rack1
time="2022-03-19T16:48:09Z" level=info msg="We will request : cassandra-cluster-dc1-rack1-0.cassandra-cluster to catch hostIdMap" cluster=cassandra-cluster err="<nil>"
time="2022-03-19T16:48:09Z" level=info msg="The Operator Waits 20 seconds for the action to start correctly" cluster=cassandra-cluster rack=dc1-rack1
time="2022-03-19T16:48:09Z" level=info msg="We will request : cassandra-cluster-dc1-rack1-0.cassandra-cluster to catch hostIdMap" cluster=cassandra-cluster err="<nil>"
time="2022-03-19T16:48:09Z" level=info msg="The Operator Waits 20 seconds for the action to start correctly" cluster=cassandra-cluster rack=dc1-rack1
time="2022-03-19T16:48:09Z" level=info msg="We will request : cassandra-cluster-dc1-rack1-0.cassandra-cluster to catch hostIdMap" cluster=cassandra-cluster err="<nil>"
time="2022-03-19T16:48:09Z" level=info msg="The Operator Waits 20 seconds for the action to start correctly" cluster=cassandra-cluster rack=dc1-rack1
time="2022-03-19T16:48:14Z" level=info msg="Ask ScaleDown to 0 for dc dc1" cluster=cassandra-cluster
time="2022-03-19T16:48:14Z" level=warning msg="The Operator has refused the ScaleDown. Keyspaces still having data [system_distributed system_auth system_traces]" cluster=cassandra-cluster
time="2022-03-19T16:48:14Z" level=info msg="We will request : cassandra-cluster-dc1-rack1-0.cassandra-cluster to catch hostIdMap" cluster=cassandra-cluster err="<nil>"
time="2022-03-19T16:48:14Z" level=info msg="The Operator Waits 20 seconds for the action to start correctly" cluster=cassandra-cluster rack=dc1-rack1
time="2022-03-19T16:48:14Z" level=info msg="We will request : cassandra-cluster-dc1-rack1-0.cassandra-cluster to catch hostIdMap" cluster=cassandra-cluster err="<nil>"
time="2022-03-19T16:48:14Z" level=info msg="The Operator Waits 20 seconds for the action to start correctly" cluster=cassandra-cluster rack=dc1-rack1
time="2022-03-19T16:48:14Z" level=info msg="We will request : cassandra-cluster-dc1-rack1-0.cassandra-cluster to catch hostIdMap" cluster=cassandra-cluster err="<nil>"
time="2022-03-19T16:48:14Z" level=info msg="The Operator Waits 20 seconds for the action to start correctly" cluster=cassandra-cluster rack=dc1-rack1
time="2022-03-19T16:48:14Z" level=info msg="We will request : cassandra-cluster-dc1-rack1-0.cassandra-cluster to catch hostIdMap" cluster=cassandra-cluster err="<nil>"
time="2022-03-19T16:48:14Z" level=info msg="The Operator Waits 20 seconds for the action to start correctly" cluster=cassandra-cluster rack=dc1-rack1
time="2022-03-19T16:48:19Z" level=info msg="We will request : cassandra-cluster-dc1-rack1-0.cassandra-cluster to catch hostIdMap" cluster=cassandra-cluster err="<nil>"
time="2022-03-19T16:48:19Z" level=info msg="The Operator Waits 20 seconds for the action to start correctly" cluster=cassandra-cluster rack=dc1-rack1
time="2022-03-19T16:48:24Z" level=info msg="We will request : cassandra-cluster-dc1-rack1-0.cassandra-cluster to catch hostIdMap" cluster=cassandra-cluster err="<nil>"
time="2022-03-19T16:48:24Z" level=info msg="ScaleDown is Done" cluster=cassandra-cluster rack=dc1-rack1
time="2022-03-19T16:48:24Z" level=info msg="Action ScaleDown is done!" cluster=cassandra-cluster
time="2022-03-19T16:48:24Z" level=info msg="We will request : cassandra-cluster-dc1-rack1-0.cassandra-cluster to catch hostIdMap" cluster=cassandra-cluster err="<nil>"
time="2022-03-19T16:48:24Z" level=info msg="We will request : cassandra-cluster-dc1-rack1-0.cassandra-cluster to catch hostIdMap" cluster=cassandra-cluster err="<nil>"
time="2022-03-19T16:48:29Z" level=info msg="We will request : cassandra-cluster-dc1-rack1-0.cassandra-cluster to catch hostIdMap" cluster=cassandra-cluster err="<nil>"
time="2022-03-19T16:48:34Z" level=info msg="We will request : cassandra-cluster-dc1-rack1-0.cassandra-cluster to catch hostIdMap" cluster=cassandra-cluster err="<nil>"
time="2022-03-19T16:48:39Z" level=info msg="We will request : cassandra-cluster-dc1-rack1-0.cassandra-cluster to catch hostIdMap" cluster=cassandra-cluster err="<nil>"
time="2022-03-19T16:48:44Z" level=info msg="We will request : cassandra-cluster-dc1-rack1-0.cassandra-cluster to catch hostIdMap" cluster=cassandra-cluster err="<nil>"
time="2022-03-19T16:48:50Z" level=info msg="We will request : cassandra-cluster-dc1-rack1-0.cassandra-cluster to catch hostIdMap" cluster=cassandra-cluster err="<nil>"
time="2022-03-19T16:48:55Z" level=info msg="We will request : cassandra-cluster-dc1-rack1-0.cassandra-cluster to catch hostIdMap" cluster=cassandra-cluster err="<nil>"
time="2022-03-19T16:49:00Z" level=info msg="We will request : cassandra-cluster-dc1-rack1-0.cassandra-cluster to catch hostIdMap" cluster=cassandra-cluster err="<nil>"
